[ 2016-04-22T21:32:22+08:00 ] 127.0.0.1 /yzldiywww/yzldiy/yzldiy.php?m=yzldiy&c=font&a=getFontToImg
INFO: [ app_init ] --START--
INFO: Run Behavior\BuildLiteBehavior [ RunTime:0.000000s ]
INFO: Run Common\Behavior\InitHookBehavior [ RunTime:0.000000s ]
INFO: [ app_init ] --END-- [ RunTime:0.000000s ]
NOTIC: [8] Use of undefined constant ’SHOW_PAGE_TRACE’ - assumed '’SHOW_PAGE_TRACE’' D:\phpStudy\WWW\yzldiywww\yzldiy\Application\yzldiy\Conf\config.php 第 4 行.
INFO: [ app_begin ] --START--
INFO: Run Behavior\ReadHtmlCacheBehavior [ RunTime:0.000000s ]
INFO: [ app_begin ] --END-- [ RunTime:0.000000s ]
INFO: [ app_end ] --START--
INFO: Run Behavior\ShowPageTraceBehavior [ RunTime:0.000000s ]
INFO: [ app_end ] --END-- [ RunTime:0.000000s ]

[ 2016-04-22T21:32:27+08:00 ] 127.0.0.1 /yzldiywww/yzldiy/yzldiy.php?m=yzldiy&c=font&a=getFontToImg
INFO: [ app_init ] --START--
INFO: Run Behavior\BuildLiteBehavior [ RunTime:0.000000s ]
INFO: Run Common\Behavior\InitHookBehavior [ RunTime:0.000000s ]
INFO: [ app_init ] --END-- [ RunTime:0.000000s ]
NOTIC: [8] Use of undefined constant ’SHOW_PAGE_TRACE’ - assumed '’SHOW_PAGE_TRACE’' D:\phpStudy\WWW\yzldiywww\yzldiy\Application\yzldiy\Conf\config.php 第 4 行.
INFO: [ app_begin ] --START--
INFO: Run Behavior\ReadHtmlCacheBehavior [ RunTime:0.000000s ]
INFO: [ app_begin ] --END-- [ RunTime:0.000000s ]
INFO: [ app_end ] --START--
INFO: Run Behavior\ShowPageTraceBehavior [ RunTime:0.000000s ]
INFO: [ app_end ] --END-- [ RunTime:0.000000s ]

[ 2016-04-22T21:32:27+08:00 ] 127.0.0.1 /yzldiywww/yzldiy/yzldiy.php?m=yzldiy&c=font&a=getFontToImg
INFO: [ app_init ] --START--
INFO: Run Behavior\BuildLiteBehavior [ RunTime:0.000000s ]
INFO: Run Common\Behavior\InitHookBehavior [ RunTime:0.000000s ]
INFO: [ app_init ] --END-- [ RunTime:0.000000s ]
NOTIC: [8] Use of undefined constant ’SHOW_PAGE_TRACE’ - assumed '’SHOW_PAGE_TRACE’' D:\phpStudy\WWW\yzldiywww\yzldiy\Application\yzldiy\Conf\config.php 第 4 行.
INFO: [ app_begin ] --START--
INFO: Run Behavior\ReadHtmlCacheBehavior [ RunTime:0.000000s ]
INFO: [ app_begin ] --END-- [ RunTime:0.000000s ]
INFO: [ app_end ] --START--
INFO: Run Behavior\ShowPageTraceBehavior [ RunTime:0.015625s ]
INFO: [ app_end ] --END-- [ RunTime:0.015625s ]

[ 2016-04-22T21:32:54+08:00 ] 127.0.0.1 /yzldiywww/yzldiy/yzldiy.php?m=yzldiy&c=product&a=getProductInfo&pid=2
INFO: [ app_init ] --START--
INFO: Run Behavior\BuildLiteBehavior [ RunTime:0.000000s ]
INFO: Run Common\Behavior\InitHookBehavior [ RunTime:0.000000s ]
INFO: [ app_init ] --END-- [ RunTime:0.000000s ]
NOTIC: [8] Use of undefined constant ’SHOW_PAGE_TRACE’ - assumed '’SHOW_PAGE_TRACE’' D:\phpStudy\WWW\yzldiywww\yzldiy\Application\yzldiy\Conf\config.php 第 4 行.
INFO: [ app_begin ] --START--
INFO: Run Behavior\ReadHtmlCacheBehavior [ RunTime:0.000000s ]
INFO: [ app_begin ] --END-- [ RunTime:0.000000s ]
SQL: SHOW COLUMNS FROM `ecs_product_yzldiy` [ RunTime:0.0000s ]
SQL: SELECT `tid`,`type`,`pageCount`,`name`,`retailprice`,`preview` FROM `ecs_product_yzldiy` WHERE (  status=1 and pid=2 ) LIMIT 1   [ RunTime:0.0000s ]
INFO: [ app_end ] --START--
INFO: Run Behavior\ShowPageTraceBehavior [ RunTime:0.000000s ]
INFO: [ app_end ] --END-- [ RunTime:0.000000s ]

[ 2016-04-22T21:32:58+08:00 ] 127.0.0.1 /yzldiywww/yzldiy/yzldiy.php?m=yzldiy&c=font&a=getFontToImg
INFO: [ app_init ] --START--
INFO: Run Behavior\BuildLiteBehavior [ RunTime:0.000000s ]
INFO: Run Common\Behavior\InitHookBehavior [ RunTime:0.000000s ]
INFO: [ app_init ] --END-- [ RunTime:0.000000s ]
NOTIC: [8] Use of undefined constant ’SHOW_PAGE_TRACE’ - assumed '’SHOW_PAGE_TRACE’' D:\phpStudy\WWW\yzldiywww\yzldiy\Application\yzldiy\Conf\config.php 第 4 行.
INFO: [ app_begin ] --START--
INFO: Run Behavior\ReadHtmlCacheBehavior [ RunTime:0.000000s ]
INFO: [ app_begin ] --END-- [ RunTime:0.000000s ]
INFO: [ app_end ] --START--
INFO: Run Behavior\ShowPageTraceBehavior [ RunTime:0.000000s ]
INFO: [ app_end ] --END-- [ RunTime:0.000000s ]

[ 2016-04-22T21:32:58+08:00 ] 127.0.0.1 /yzldiywww/yzldiy/yzldiy.php?m=yzldiy&c=font&a=getFontToImg
INFO: [ app_init ] --START--
INFO: Run Behavior\BuildLiteBehavior [ RunTime:0.000000s ]
INFO: Run Common\Behavior\InitHookBehavior [ RunTime:0.000000s ]
INFO: [ app_init ] --END-- [ RunTime:0.000000s ]
NOTIC: [8] Use of undefined constant ’SHOW_PAGE_TRACE’ - assumed '’SHOW_PAGE_TRACE’' D:\phpStudy\WWW\yzldiywww\yzldiy\Application\yzldiy\Conf\config.php 第 4 行.
INFO: [ app_begin ] --START--
INFO: Run Behavior\ReadHtmlCacheBehavior [ RunTime:0.000000s ]
INFO: [ app_begin ] --END-- [ RunTime:0.000000s ]
INFO: [ app_end ] --START--
INFO: Run Behavior\ShowPageTraceBehavior [ RunTime:0.000000s ]
INFO: [ app_end ] --END-- [ RunTime:0.000000s ]

[ 2016-04-22T21:33:11+08:00 ] 127.0.0.1 /yzldiywww/yzldiy/yzldiy.php?m=yzldiy&c=font&a=getFontToImg
INFO: [ app_init ] --START--
INFO: Run Behavior\BuildLiteBehavior [ RunTime:0.000000s ]
INFO: Run Common\Behavior\InitHookBehavior [ RunTime:0.000000s ]
INFO: [ app_init ] --END-- [ RunTime:0.000000s ]
NOTIC: [8] Use of undefined constant ’SHOW_PAGE_TRACE’ - assumed '’SHOW_PAGE_TRACE’' D:\phpStudy\WWW\yzldiywww\yzldiy\Application\yzldiy\Conf\config.php 第 4 行.
INFO: [ app_begin ] --START--
INFO: Run Behavior\ReadHtmlCacheBehavior [ RunTime:0.000000s ]
INFO: [ app_begin ] --END-- [ RunTime:0.000000s ]
INFO: [ app_end ] --START--
INFO: Run Behavior\ShowPageTraceBehavior [ RunTime:0.000000s ]
INFO: [ app_end ] --END-- [ RunTime:0.000000s ]

[ 2016-04-22T21:33:11+08:00 ] 127.0.0.1 /yzldiywww/yzldiy/yzldiy.php?m=yzldiy&c=font&a=getFontToImg
INFO: [ app_init ] --START--
INFO: Run Behavior\BuildLiteBehavior [ RunTime:0.000000s ]
INFO: Run Common\Behavior\InitHookBehavior [ RunTime:0.000000s ]
INFO: [ app_init ] --END-- [ RunTime:0.000000s ]
NOTIC: [8] Use of undefined constant ’SHOW_PAGE_TRACE’ - assumed '’SHOW_PAGE_TRACE’' D:\phpStudy\WWW\yzldiywww\yzldiy\Application\yzldiy\Conf\config.php 第 4 行.
INFO: [ app_begin ] --START--
INFO: Run Behavior\ReadHtmlCacheBehavior [ RunTime:0.000000s ]
INFO: [ app_begin ] --END-- [ RunTime:0.000000s ]
INFO: [ app_end ] --START--
INFO: Run Behavior\ShowPageTraceBehavior [ RunTime:0.000000s ]
INFO: [ app_end ] --END-- [ RunTime:0.000000s ]

[ 2016-04-22T21:33:19+08:00 ] 127.0.0.1 /yzldiywww/yzldiy/yzldiy.php?m=yzldiy&c=font&a=getFontToImg
INFO: [ app_init ] --START--
INFO: Run Behavior\BuildLiteBehavior [ RunTime:0.000000s ]
INFO: Run Common\Behavior\InitHookBehavior [ RunTime:0.000000s ]
INFO: [ app_init ] --END-- [ RunTime:0.000000s ]
NOTIC: [8] Use of undefined constant ’SHOW_PAGE_TRACE’ - assumed '’SHOW_PAGE_TRACE’' D:\phpStudy\WWW\yzldiywww\yzldiy\Application\yzldiy\Conf\config.php 第 4 行.
INFO: [ app_begin ] --START--
INFO: Run Behavior\ReadHtmlCacheBehavior [ RunTime:0.000000s ]
INFO: [ app_begin ] --END-- [ RunTime:0.000000s ]
INFO: [ app_end ] --START--
INFO: Run Behavior\ShowPageTraceBehavior [ RunTime:0.000000s ]
INFO: [ app_end ] --END-- [ RunTime:0.000000s ]

[ 2016-04-22T21:33:19+08:00 ] 127.0.0.1 /yzldiywww/yzldiy/yzldiy.php?m=yzldiy&c=font&a=getFontToImg
INFO: [ app_init ] --START--
INFO: Run Behavior\BuildLiteBehavior [ RunTime:0.000000s ]
INFO: Run Common\Behavior\InitHookBehavior [ RunTime:0.000000s ]
INFO: [ app_init ] --END-- [ RunTime:0.000000s ]
NOTIC: [8] Use of undefined constant ’SHOW_PAGE_TRACE’ - assumed '’SHOW_PAGE_TRACE’' D:\phpStudy\WWW\yzldiywww\yzldiy\Application\yzldiy\Conf\config.php 第 4 行.
INFO: [ app_begin ] --START--
INFO: Run Behavior\ReadHtmlCacheBehavior [ RunTime:0.000000s ]
INFO: [ app_begin ] --END-- [ RunTime:0.000000s ]
INFO: [ app_end ] --START--
INFO: Run Behavior\ShowPageTraceBehavior [ RunTime:0.000000s ]
INFO: [ app_end ] --END-- [ RunTime:0.000000s ]

[ 2016-04-22T21:33:48+08:00 ] 127.0.0.1 /yzldiywww/yzldiy/yzldiy.php?m=yzldiy&c=product&a=getProductInfo&pid=2
INFO: [ app_init ] --START--
INFO: Run Behavior\BuildLiteBehavior [ RunTime:0.000000s ]
INFO: Run Common\Behavior\InitHookBehavior [ RunTime:0.000000s ]
INFO: [ app_init ] --END-- [ RunTime:0.000000s ]
NOTIC: [8] Use of undefined constant ’SHOW_PAGE_TRACE’ - assumed '’SHOW_PAGE_TRACE’' D:\phpStudy\WWW\yzldiywww\yzldiy\Application\yzldiy\Conf\config.php 第 4 行.
INFO: [ app_begin ] --START--
INFO: Run Behavior\ReadHtmlCacheBehavior [ RunTime:0.000000s ]
INFO: [ app_begin ] --END-- [ RunTime:0.000000s ]
SQL: SHOW COLUMNS FROM `ecs_product_yzldiy` [ RunTime:0.0000s ]
SQL: SELECT `tid`,`type`,`pageCount`,`name`,`retailprice`,`preview` FROM `ecs_product_yzldiy` WHERE (  status=1 and pid=2 ) LIMIT 1   [ RunTime:0.0000s ]
INFO: [ app_end ] --START--
INFO: Run Behavior\ShowPageTraceBehavior [ RunTime:0.015625s ]
INFO: [ app_end ] --END-- [ RunTime:0.015625s ]

[ 2016-04-22T21:33:52+08:00 ] 127.0.0.1 /yzldiywww/yzldiy/yzldiy.php?m=yzldiy&c=font&a=getFontToImg
INFO: [ app_init ] --START--
INFO: Run Behavior\BuildLiteBehavior [ RunTime:0.000000s ]
INFO: Run Common\Behavior\InitHookBehavior [ RunTime:0.000000s ]
INFO: [ app_init ] --END-- [ RunTime:0.000000s ]
NOTIC: [8] Use of undefined constant ’SHOW_PAGE_TRACE’ - assumed '’SHOW_PAGE_TRACE’' D:\phpStudy\WWW\yzldiywww\yzldiy\Application\yzldiy\Conf\config.php 第 4 行.
INFO: [ app_begin ] --START--
INFO: Run Behavior\ReadHtmlCacheBehavior [ RunTime:0.000000s ]
INFO: [ app_begin ] --END-- [ RunTime:0.000000s ]
INFO: [ app_end ] --START--
INFO: Run Behavior\ShowPageTraceBehavior [ RunTime:0.000000s ]
INFO: [ app_end ] --END-- [ RunTime:0.000000s ]

[ 2016-04-22T21:33:52+08:00 ] 127.0.0.1 /yzldiywww/yzldiy/yzldiy.php?m=yzldiy&c=font&a=getFontToImg
INFO: [ app_init ] --START--
INFO: Run Behavior\BuildLiteBehavior [ RunTime:0.000000s ]
INFO: Run Common\Behavior\InitHookBehavior [ RunTime:0.000000s ]
INFO: [ app_init ] --END-- [ RunTime:0.000000s ]
NOTIC: [8] Use of undefined constant ’SHOW_PAGE_TRACE’ - assumed '’SHOW_PAGE_TRACE’' D:\phpStudy\WWW\yzldiywww\yzldiy\Application\yzldiy\Conf\config.php 第 4 行.
INFO: [ app_begin ] --START--
INFO: Run Behavior\ReadHtmlCacheBehavior [ RunTime:0.000000s ]
INFO: [ app_begin ] --END-- [ RunTime:0.000000s ]
INFO: [ app_end ] --START--
INFO: Run Behavior\ShowPageTraceBehavior [ RunTime:0.000000s ]
INFO: [ app_end ] --END-- [ RunTime:0.000000s ]

[ 2016-04-22T21:33:58+08:00 ] 127.0.0.1 /yzldiywww/yzldiy/yzldiy.php?m=yzldiy&c=font&a=getFontToImg
INFO: [ app_init ] --START--
INFO: Run Behavior\BuildLiteBehavior [ RunTime:0.000000s ]
INFO: Run Common\Behavior\InitHookBehavior [ RunTime:0.000000s ]
INFO: [ app_init ] --END-- [ RunTime:0.000000s ]
NOTIC: [8] Use of undefined constant ’SHOW_PAGE_TRACE’ - assumed '’SHOW_PAGE_TRACE’' D:\phpStudy\WWW\yzldiywww\yzldiy\Application\yzldiy\Conf\config.php 第 4 行.
INFO: [ app_begin ] --START--
INFO: Run Behavior\ReadHtmlCacheBehavior [ RunTime:0.000000s ]
INFO: [ app_begin ] --END-- [ RunTime:0.000000s ]
INFO: [ app_end ] --START--
INFO: Run Behavior\ShowPageTraceBehavior [ RunTime:0.000000s ]
INFO: [ app_end ] --END-- [ RunTime:0.000000s ]

[ 2016-04-22T21:33:58+08:00 ] 127.0.0.1 /yzldiywww/yzldiy/yzldiy.php?m=yzldiy&c=font&a=getFontToImg
INFO: [ app_init ] --START--
INFO: Run Behavior\BuildLiteBehavior [ RunTime:0.000000s ]
INFO: Run Common\Behavior\InitHookBehavior [ RunTime:0.000000s ]
INFO: [ app_init ] --END-- [ RunTime:0.000000s ]
NOTIC: [8] Use of undefined constant ’SHOW_PAGE_TRACE’ - assumed '’SHOW_PAGE_TRACE’' D:\phpStudy\WWW\yzldiywww\yzldiy\Application\yzldiy\Conf\config.php 第 4 行.
INFO: [ app_begin ] --START--
INFO: Run Behavior\ReadHtmlCacheBehavior [ RunTime:0.000000s ]
INFO: [ app_begin ] --END-- [ RunTime:0.000000s ]
INFO: [ app_end ] --START--
INFO: Run Behavior\ShowPageTraceBehavior [ RunTime:0.000000s ]
INFO: [ app_end ] --END-- [ RunTime:0.000000s ]

[ 2016-04-22T21:34:27+08:00 ] 127.0.0.1 /yzldiywww/yzldiy/yzldiy.php?m=yzldiy&c=product&a=getProductInfo&pid=2
INFO: [ app_init ] --START--
INFO: Run Behavior\BuildLiteBehavior [ RunTime:0.000000s ]
INFO: Run Common\Behavior\InitHookBehavior [ RunTime:0.000000s ]
INFO: [ app_init ] --END-- [ RunTime:0.000000s ]
NOTIC: [8] Use of undefined constant ’SHOW_PAGE_TRACE’ - assumed '’SHOW_PAGE_TRACE’' D:\phpStudy\WWW\yzldiywww\yzldiy\Application\yzldiy\Conf\config.php 第 4 行.
INFO: [ app_begin ] --START--
INFO: Run Behavior\ReadHtmlCacheBehavior [ RunTime:0.000000s ]
INFO: [ app_begin ] --END-- [ RunTime:0.000000s ]
SQL: SHOW COLUMNS FROM `ecs_product_yzldiy` [ RunTime:0.0156s ]
SQL: SELECT `tid`,`type`,`pageCount`,`name`,`retailprice`,`preview` FROM `ecs_product_yzldiy` WHERE (  status=1 and pid=2 ) LIMIT 1   [ RunTime:0.0000s ]
INFO: [ app_end ] --START--
INFO: Run Behavior\ShowPageTraceBehavior [ RunTime:0.000000s ]
INFO: [ app_end ] --END-- [ RunTime:0.000000s ]

[ 2016-04-22T21:34:32+08:00 ] 127.0.0.1 /yzldiywww/yzldiy/yzldiy.php?m=yzldiy&c=font&a=getFontToImg
INFO: [ app_init ] --START--
INFO: Run Behavior\BuildLiteBehavior [ RunTime:0.000000s ]
INFO: Run Common\Behavior\InitHookBehavior [ RunTime:0.000000s ]
INFO: [ app_init ] --END-- [ RunTime:0.000000s ]
NOTIC: [8] Use of undefined constant ’SHOW_PAGE_TRACE’ - assumed '’SHOW_PAGE_TRACE’' D:\phpStudy\WWW\yzldiywww\yzldiy\Application\yzldiy\Conf\config.php 第 4 行.
INFO: [ app_begin ] --START--
INFO: Run Behavior\ReadHtmlCacheBehavior [ RunTime:0.000000s ]
INFO: [ app_begin ] --END-- [ RunTime:0.000000s ]
INFO: [ app_end ] --START--
INFO: Run Behavior\ShowPageTraceBehavior [ RunTime:0.000000s ]
INFO: [ app_end ] --END-- [ RunTime:0.000000s ]

[ 2016-04-22T21:34:32+08:00 ] 127.0.0.1 /yzldiywww/yzldiy/yzldiy.php?m=yzldiy&c=font&a=getFontToImg
INFO: [ app_init ] --START--
INFO: Run Behavior\BuildLiteBehavior [ RunTime:0.000000s ]
INFO: Run Common\Behavior\InitHookBehavior [ RunTime:0.000000s ]
INFO: [ app_init ] --END-- [ RunTime:0.000000s ]
NOTIC: [8] Use of undefined constant ’SHOW_PAGE_TRACE’ - assumed '’SHOW_PAGE_TRACE’' D:\phpStudy\WWW\yzldiywww\yzldiy\Application\yzldiy\Conf\config.php 第 4 行.
INFO: [ app_begin ] --START--
INFO: Run Behavior\ReadHtmlCacheBehavior [ RunTime:0.000000s ]
INFO: [ app_begin ] --END-- [ RunTime:0.000000s ]
INFO: [ app_end ] --START--
INFO: Run Behavior\ShowPageTraceBehavior [ RunTime:0.000000s ]
INFO: [ app_end ] --END-- [ RunTime:0.000000s ]

[ 2016-04-22T21:34:38+08:00 ] 127.0.0.1 /yzldiywww/yzldiy/yzldiy.php?m=yzldiy&c=font&a=getFontToImg
INFO: [ app_init ] --START--
INFO: Run Behavior\BuildLiteBehavior [ RunTime:0.000000s ]
INFO: Run Common\Behavior\InitHookBehavior [ RunTime:0.000000s ]
INFO: [ app_init ] --END-- [ RunTime:0.000000s ]
NOTIC: [8] Use of undefined constant ’SHOW_PAGE_TRACE’ - assumed '’SHOW_PAGE_TRACE’' D:\phpStudy\WWW\yzldiywww\yzldiy\Application\yzldiy\Conf\config.php 第 4 行.
INFO: [ app_begin ] --START--
INFO: Run Behavior\ReadHtmlCacheBehavior [ RunTime:0.000000s ]
INFO: [ app_begin ] --END-- [ RunTime:0.000000s ]
INFO: [ app_end ] --START--
INFO: Run Behavior\ShowPageTraceBehavior [ RunTime:0.000000s ]
INFO: [ app_end ] --END-- [ RunTime:0.000000s ]

[ 2016-04-22T21:34:38+08:00 ] 127.0.0.1 /yzldiywww/yzldiy/yzldiy.php?m=yzldiy&c=font&a=getFontToImg
INFO: [ app_init ] --START--
INFO: Run Behavior\BuildLiteBehavior [ RunTime:0.000000s ]
INFO: Run Common\Behavior\InitHookBehavior [ RunTime:0.000000s ]
INFO: [ app_init ] --END-- [ RunTime:0.000000s ]
NOTIC: [8] Use of undefined constant ’SHOW_PAGE_TRACE’ - assumed '’SHOW_PAGE_TRACE’' D:\phpStudy\WWW\yzldiywww\yzldiy\Application\yzldiy\Conf\config.php 第 4 行.
INFO: [ app_begin ] --START--
INFO: Run Behavior\ReadHtmlCacheBehavior [ RunTime:0.000000s ]
INFO: [ app_begin ] --END-- [ RunTime:0.000000s ]
INFO: [ app_end ] --START--
INFO: Run Behavior\ShowPageTraceBehavior [ RunTime:0.000000s ]
INFO: [ app_end ] --END-- [ RunTime:0.000000s ]

[ 2016-04-22T21:42:29+08:00 ] 127.0.0.1 /yzldiywww/yzldiy/yzldiy.php?m=yzldiy&c=product&a=getProductInfo&pid=2
INFO: [ app_init ] --START--
INFO: Run Behavior\BuildLiteBehavior [ RunTime:0.000000s ]
INFO: Run Common\Behavior\InitHookBehavior [ RunTime:0.000000s ]
INFO: [ app_init ] --END-- [ RunTime:0.000000s ]
NOTIC: [8] Use of undefined constant ’SHOW_PAGE_TRACE’ - assumed '’SHOW_PAGE_TRACE’' D:\phpStudy\WWW\yzldiywww\yzldiy\Application\yzldiy\Conf\config.php 第 4 行.
INFO: [ app_begin ] --START--
INFO: Run Behavior\ReadHtmlCacheBehavior [ RunTime:0.000000s ]
INFO: [ app_begin ] --END-- [ RunTime:0.000000s ]
SQL: SHOW COLUMNS FROM `ecs_product_yzldiy` [ RunTime:0.0156s ]
SQL: SELECT `tid`,`type`,`pageCount`,`name`,`retailprice`,`preview` FROM `ecs_product_yzldiy` WHERE (  status=1 and pid=2 ) LIMIT 1   [ RunTime:0.0000s ]
INFO: [ app_end ] --START--
INFO: Run Behavior\ShowPageTraceBehavior [ RunTime:0.000000s ]
INFO: [ app_end ] --END-- [ RunTime:0.000000s ]

[ 2016-04-22T21:42:32+08:00 ] 127.0.0.1 /yzldiywww/yzldiy/yzldiy.php?m=yzldiy&c=font&a=getFontToImg
INFO: [ app_init ] --START--
INFO: Run Behavior\BuildLiteBehavior [ RunTime:0.000000s ]
INFO: Run Common\Behavior\InitHookBehavior [ RunTime:0.015625s ]
INFO: [ app_init ] --END-- [ RunTime:0.015625s ]
NOTIC: [8] Use of undefined constant ’SHOW_PAGE_TRACE’ - assumed '’SHOW_PAGE_TRACE’' D:\phpStudy\WWW\yzldiywww\yzldiy\Application\yzldiy\Conf\config.php 第 4 行.
INFO: [ app_begin ] --START--
INFO: Run Behavior\ReadHtmlCacheBehavior [ RunTime:0.000000s ]
INFO: [ app_begin ] --END-- [ RunTime:0.000000s ]
INFO: [ app_end ] --START--
INFO: Run Behavior\ShowPageTraceBehavior [ RunTime:0.000000s ]
INFO: [ app_end ] --END-- [ RunTime:0.000000s ]

[ 2016-04-22T21:42:32+08:00 ] 127.0.0.1 /yzldiywww/yzldiy/yzldiy.php?m=yzldiy&c=font&a=getFontToImg
INFO: [ app_init ] --START--
INFO: Run Behavior\BuildLiteBehavior [ RunTime:0.000000s ]
INFO: Run Common\Behavior\InitHookBehavior [ RunTime:0.015625s ]
INFO: [ app_init ] --END-- [ RunTime:0.015625s ]
NOTIC: [8] Use of undefined constant ’SHOW_PAGE_TRACE’ - assumed '’SHOW_PAGE_TRACE’' D:\phpStudy\WWW\yzldiywww\yzldiy\Application\yzldiy\Conf\config.php 第 4 行.
INFO: [ app_begin ] --START--
INFO: Run Behavior\ReadHtmlCacheBehavior [ RunTime:0.000000s ]
INFO: [ app_begin ] --END-- [ RunTime:0.000000s ]
INFO: [ app_end ] --START--
INFO: Run Behavior\ShowPageTraceBehavior [ RunTime:0.000000s ]
INFO: [ app_end ] --END-- [ RunTime:0.000000s ]

[ 2016-04-22T21:42:37+08:00 ] 127.0.0.1 /yzldiywww/yzldiy/yzldiy.php?m=yzldiy&c=font&a=getFontToImg
INFO: [ app_init ] --START--
INFO: Run Behavior\BuildLiteBehavior [ RunTime:0.000000s ]
INFO: Run Common\Behavior\InitHookBehavior [ RunTime:0.000000s ]
INFO: [ app_init ] --END-- [ RunTime:0.000000s ]
NOTIC: [8] Use of undefined constant ’SHOW_PAGE_TRACE’ - assumed '’SHOW_PAGE_TRACE’' D:\phpStudy\WWW\yzldiywww\yzldiy\Application\yzldiy\Conf\config.php 第 4 行.
INFO: [ app_begin ] --START--
INFO: Run Behavior\ReadHtmlCacheBehavior [ RunTime:0.000000s ]
INFO: [ app_begin ] --END-- [ RunTime:0.000000s ]
INFO: [ app_end ] --START--
INFO: Run Behavior\ShowPageTraceBehavior [ RunTime:0.000000s ]
INFO: [ app_end ] --END-- [ RunTime:0.000000s ]

[ 2016-04-22T21:42:37+08:00 ] 127.0.0.1 /yzldiywww/yzldiy/yzldiy.php?m=yzldiy&c=font&a=getFontToImg
INFO: [ app_init ] --START--
INFO: Run Behavior\BuildLiteBehavior [ RunTime:0.000000s ]
INFO: Run Common\Behavior\InitHookBehavior [ RunTime:0.000000s ]
INFO: [ app_init ] --END-- [ RunTime:0.000000s ]
NOTIC: [8] Use of undefined constant ’SHOW_PAGE_TRACE’ - assumed '’SHOW_PAGE_TRACE’' D:\phpStudy\WWW\yzldiywww\yzldiy\Application\yzldiy\Conf\config.php 第 4 行.
INFO: [ app_begin ] --START--
INFO: Run Behavior\ReadHtmlCacheBehavior [ RunTime:0.000000s ]
INFO: [ app_begin ] --END-- [ RunTime:0.000000s ]
INFO: [ app_end ] --START--
INFO: Run Behavior\ShowPageTraceBehavior [ RunTime:0.000000s ]
INFO: [ app_end ] --END-- [ RunTime:0.000000s ]

[ 2016-04-22T21:42:43+08:00 ] 127.0.0.1 /yzldiywww/yzldiy/yzldiy.php?m=yzldiy&c=font&a=getFontToImg
INFO: [ app_init ] --START--
INFO: Run Behavior\BuildLiteBehavior [ RunTime:0.000000s ]
INFO: Run Common\Behavior\InitHookBehavior [ RunTime:0.000000s ]
INFO: [ app_init ] --END-- [ RunTime:0.000000s ]
NOTIC: [8] Use of undefined constant ’SHOW_PAGE_TRACE’ - assumed '’SHOW_PAGE_TRACE’' D:\phpStudy\WWW\yzldiywww\yzldiy\Application\yzldiy\Conf\config.php 第 4 行.
INFO: [ app_begin ] --START--
INFO: Run Behavior\ReadHtmlCacheBehavior [ RunTime:0.000000s ]
INFO: [ app_begin ] --END-- [ RunTime:0.000000s ]
INFO: [ app_end ] --START--
INFO: Run Behavior\ShowPageTraceBehavior [ RunTime:0.000000s ]
INFO: [ app_end ] --END-- [ RunTime:0.000000s ]

[ 2016-04-22T21:42:43+08:00 ] 127.0.0.1 /yzldiywww/yzldiy/yzldiy.php?m=yzldiy&c=font&a=getFontToImg
INFO: [ app_init ] --START--
INFO: Run Behavior\BuildLiteBehavior [ RunTime:0.000000s ]
INFO: Run Common\Behavior\InitHookBehavior [ RunTime:0.000000s ]
INFO: [ app_init ] --END-- [ RunTime:0.000000s ]
NOTIC: [8] Use of undefined constant ’SHOW_PAGE_TRACE’ - assumed '’SHOW_PAGE_TRACE’' D:\phpStudy\WWW\yzldiywww\yzldiy\Application\yzldiy\Conf\config.php 第 4 行.
INFO: [ app_begin ] --START--
INFO: Run Behavior\ReadHtmlCacheBehavior [ RunTime:0.000000s ]
INFO: [ app_begin ] --END-- [ RunTime:0.000000s ]
INFO: [ app_end ] --START--
INFO: Run Behavior\ShowPageTraceBehavior [ RunTime:0.000000s ]
INFO: [ app_end ] --END-- [ RunTime:0.000000s ]

[ 2016-04-22T21:45:21+08:00 ] 127.0.0.1 /yzldiywww/yzldiy/yzldiy.php?m=yzldiy&c=product&a=getProductInfo&pid=2
INFO: [ app_init ] --START--
INFO: Run Behavior\BuildLiteBehavior [ RunTime:0.000000s ]
INFO: Run Common\Behavior\InitHookBehavior [ RunTime:0.000000s ]
INFO: [ app_init ] --END-- [ RunTime:0.000000s ]
NOTIC: [8] Use of undefined constant ’SHOW_PAGE_TRACE’ - assumed '’SHOW_PAGE_TRACE’' D:\phpStudy\WWW\yzldiywww\yzldiy\Application\yzldiy\Conf\config.php 第 4 行.
INFO: [ app_begin ] --START--
INFO: Run Behavior\ReadHtmlCacheBehavior [ RunTime:0.000000s ]
INFO: [ app_begin ] --END-- [ RunTime:0.000000s ]
SQL: SHOW COLUMNS FROM `ecs_product_yzldiy` [ RunTime:0.0000s ]
SQL: SELECT `tid`,`type`,`pageCount`,`name`,`retailprice`,`preview` FROM `ecs_product_yzldiy` WHERE (  status=1 and pid=2 ) LIMIT 1   [ RunTime:0.0000s ]
INFO: [ app_end ] --START--
INFO: Run Behavior\ShowPageTraceBehavior [ RunTime:0.000000s ]
INFO: [ app_end ] --END-- [ RunTime:0.000000s ]

[ 2016-04-22T21:45:26+08:00 ] 127.0.0.1 /yzldiywww/yzldiy/yzldiy.php?m=yzldiy&c=font&a=getFontToImg
INFO: [ app_init ] --START--
INFO: Run Behavior\BuildLiteBehavior [ RunTime:0.000000s ]
INFO: Run Common\Behavior\InitHookBehavior [ RunTime:0.000000s ]
INFO: [ app_init ] --END-- [ RunTime:0.000000s ]
NOTIC: [8] Use of undefined constant ’SHOW_PAGE_TRACE’ - assumed '’SHOW_PAGE_TRACE’' D:\phpStudy\WWW\yzldiywww\yzldiy\Application\yzldiy\Conf\config.php 第 4 行.
INFO: [ app_begin ] --START--
INFO: Run Behavior\ReadHtmlCacheBehavior [ RunTime:0.000000s ]
INFO: [ app_begin ] --END-- [ RunTime:0.000000s ]
INFO: [ app_end ] --START--
INFO: Run Behavior\ShowPageTraceBehavior [ RunTime:0.000000s ]
INFO: [ app_end ] --END-- [ RunTime:0.000000s ]

[ 2016-04-22T21:45:26+08:00 ] 127.0.0.1 /yzldiywww/yzldiy/yzldiy.php?m=yzldiy&c=font&a=getFontToImg
INFO: [ app_init ] --START--
INFO: Run Behavior\BuildLiteBehavior [ RunTime:0.000000s ]
INFO: Run Common\Behavior\InitHookBehavior [ RunTime:0.000000s ]
INFO: [ app_init ] --END-- [ RunTime:0.000000s ]
NOTIC: [8] Use of undefined constant ’SHOW_PAGE_TRACE’ - assumed '’SHOW_PAGE_TRACE’' D:\phpStudy\WWW\yzldiywww\yzldiy\Application\yzldiy\Conf\config.php 第 4 行.
INFO: [ app_begin ] --START--
INFO: Run Behavior\ReadHtmlCacheBehavior [ RunTime:0.000000s ]
INFO: [ app_begin ] --END-- [ RunTime:0.000000s ]
INFO: [ app_end ] --START--
INFO: Run Behavior\ShowPageTraceBehavior [ RunTime:0.000000s ]
INFO: [ app_end ] --END-- [ RunTime:0.000000s ]

[ 2016-04-22T21:45:31+08:00 ] 127.0.0.1 /yzldiywww/yzldiy/yzldiy.php?m=yzldiy&c=font&a=getFontToImg
INFO: [ app_init ] --START--
INFO: Run Behavior\BuildLiteBehavior [ RunTime:0.000000s ]
INFO: Run Common\Behavior\InitHookBehavior [ RunTime:0.000000s ]
INFO: [ app_init ] --END-- [ RunTime:0.000000s ]
NOTIC: [8] Use of undefined constant ’SHOW_PAGE_TRACE’ - assumed '’SHOW_PAGE_TRACE’' D:\phpStudy\WWW\yzldiywww\yzldiy\Application\yzldiy\Conf\config.php 第 4 行.
INFO: [ app_begin ] --START--
INFO: Run Behavior\ReadHtmlCacheBehavior [ RunTime:0.000000s ]
INFO: [ app_begin ] --END-- [ RunTime:0.000000s ]
INFO: [ app_end ] --START--
INFO: Run Behavior\ShowPageTraceBehavior [ RunTime:0.000000s ]
INFO: [ app_end ] --END-- [ RunTime:0.000000s ]

[ 2016-04-22T21:45:31+08:00 ] 127.0.0.1 /yzldiywww/yzldiy/yzldiy.php?m=yzldiy&c=font&a=getFontToImg
INFO: [ app_init ] --START--
INFO: Run Behavior\BuildLiteBehavior [ RunTime:0.000000s ]
INFO: Run Common\Behavior\InitHookBehavior [ RunTime:0.000000s ]
INFO: [ app_init ] --END-- [ RunTime:0.000000s ]
NOTIC: [8] Use of undefined constant ’SHOW_PAGE_TRACE’ - assumed '’SHOW_PAGE_TRACE’' D:\phpStudy\WWW\yzldiywww\yzldiy\Application\yzldiy\Conf\config.php 第 4 行.
INFO: [ app_begin ] --START--
INFO: Run Behavior\ReadHtmlCacheBehavior [ RunTime:0.000000s ]
INFO: [ app_begin ] --END-- [ RunTime:0.000000s ]
INFO: [ app_end ] --START--
INFO: Run Behavior\ShowPageTraceBehavior [ RunTime:0.000000s ]
INFO: [ app_end ] --END-- [ RunTime:0.000000s ]

[ 2016-04-22T21:48:48+08:00 ] 127.0.0.1 /yzldiywww/yzldiy/yzldiy.php?m=yzldiy&c=product&a=getProductInfo&pid=2
INFO: [ app_init ] --START--
INFO: Run Behavior\BuildLiteBehavior [ RunTime:0.000000s ]
INFO: Run Common\Behavior\InitHookBehavior [ RunTime:0.000000s ]
INFO: [ app_init ] --END-- [ RunTime:0.000000s ]
NOTIC: [8] Use of undefined constant ’SHOW_PAGE_TRACE’ - assumed '’SHOW_PAGE_TRACE’' D:\phpStudy\WWW\yzldiywww\yzldiy\Application\yzldiy\Conf\config.php 第 4 行.
INFO: [ app_begin ] --START--
INFO: Run Behavior\ReadHtmlCacheBehavior [ RunTime:0.000000s ]
INFO: [ app_begin ] --END-- [ RunTime:0.000000s ]
SQL: SHOW COLUMNS FROM `ecs_product_yzldiy` [ RunTime:0.0000s ]
SQL: SELECT `tid`,`type`,`pageCount`,`name`,`retailprice`,`preview` FROM `ecs_product_yzldiy` WHERE (  status=1 and pid=2 ) LIMIT 1   [ RunTime:0.0000s ]
INFO: [ app_end ] --START--
INFO: Run Behavior\ShowPageTraceBehavior [ RunTime:0.000000s ]
INFO: [ app_end ] --END-- [ RunTime:0.000000s ]

[ 2016-04-22T21:48:51+08:00 ] 127.0.0.1 /yzldiywww/yzldiy/yzldiy.php?m=yzldiy&c=font&a=getFontToImg
INFO: [ app_init ] --START--
INFO: Run Behavior\BuildLiteBehavior [ RunTime:0.000000s ]
INFO: Run Common\Behavior\InitHookBehavior [ RunTime:0.000000s ]
INFO: [ app_init ] --END-- [ RunTime:0.000000s ]
NOTIC: [8] Use of undefined constant ’SHOW_PAGE_TRACE’ - assumed '’SHOW_PAGE_TRACE’' D:\phpStudy\WWW\yzldiywww\yzldiy\Application\yzldiy\Conf\config.php 第 4 行.
INFO: [ app_begin ] --START--
INFO: Run Behavior\ReadHtmlCacheBehavior [ RunTime:0.000000s ]
INFO: [ app_begin ] --END-- [ RunTime:0.000000s ]
INFO: [ app_end ] --START--
INFO: Run Behavior\ShowPageTraceBehavior [ RunTime:0.000000s ]
INFO: [ app_end ] --END-- [ RunTime:0.000000s ]

[ 2016-04-22T21:48:51+08:00 ] 127.0.0.1 /yzldiywww/yzldiy/yzldiy.php?m=yzldiy&c=font&a=getFontToImg
INFO: [ app_init ] --START--
INFO: Run Behavior\BuildLiteBehavior [ RunTime:0.000000s ]
INFO: Run Common\Behavior\InitHookBehavior [ RunTime:0.000000s ]
INFO: [ app_init ] --END-- [ RunTime:0.000000s ]
NOTIC: [8] Use of undefined constant ’SHOW_PAGE_TRACE’ - assumed '’SHOW_PAGE_TRACE’' D:\phpStudy\WWW\yzldiywww\yzldiy\Application\yzldiy\Conf\config.php 第 4 行.
INFO: [ app_begin ] --START--
INFO: Run Behavior\ReadHtmlCacheBehavior [ RunTime:0.000000s ]
INFO: [ app_begin ] --END-- [ RunTime:0.000000s ]
INFO: [ app_end ] --START--
INFO: Run Behavior\ShowPageTraceBehavior [ RunTime:0.000000s ]
INFO: [ app_end ] --END-- [ RunTime:0.000000s ]

[ 2016-04-22T21:48:57+08:00 ] 127.0.0.1 /yzldiywww/yzldiy/yzldiy.php?m=yzldiy&c=font&a=getFontToImg
INFO: [ app_init ] --START--
INFO: Run Behavior\BuildLiteBehavior [ RunTime:0.000000s ]
INFO: Run Common\Behavior\InitHookBehavior [ RunTime:0.000000s ]
INFO: [ app_init ] --END-- [ RunTime:0.000000s ]
NOTIC: [8] Use of undefined constant ’SHOW_PAGE_TRACE’ - assumed '’SHOW_PAGE_TRACE’' D:\phpStudy\WWW\yzldiywww\yzldiy\Application\yzldiy\Conf\config.php 第 4 行.
INFO: [ app_begin ] --START--
INFO: Run Behavior\ReadHtmlCacheBehavior [ RunTime:0.000000s ]
INFO: [ app_begin ] --END-- [ RunTime:0.000000s ]
INFO: [ app_end ] --START--
INFO: Run Behavior\ShowPageTraceBehavior [ RunTime:0.000000s ]
INFO: [ app_end ] --END-- [ RunTime:0.000000s ]

[ 2016-04-22T21:48:57+08:00 ] 127.0.0.1 /yzldiywww/yzldiy/yzldiy.php?m=yzldiy&c=font&a=getFontToImg
INFO: [ app_init ] --START--
INFO: Run Behavior\BuildLiteBehavior [ RunTime:0.000000s ]
INFO: Run Common\Behavior\InitHookBehavior [ RunTime:0.000000s ]
INFO: [ app_init ] --END-- [ RunTime:0.000000s ]
NOTIC: [8] Use of undefined constant ’SHOW_PAGE_TRACE’ - assumed '’SHOW_PAGE_TRACE’' D:\phpStudy\WWW\yzldiywww\yzldiy\Application\yzldiy\Conf\config.php 第 4 行.
INFO: [ app_begin ] --START--
INFO: Run Behavior\ReadHtmlCacheBehavior [ RunTime:0.000000s ]
INFO: [ app_begin ] --END-- [ RunTime:0.000000s ]
INFO: [ app_end ] --START--
INFO: Run Behavior\ShowPageTraceBehavior [ RunTime:0.000000s ]
INFO: [ app_end ] --END-- [ RunTime:0.000000s ]

[ 2016-04-22T21:49:10+08:00 ] 127.0.0.1 /yzldiywww/yzldiy/yzldiy.php?m=yzldiy&c=font&a=getFontToImg
INFO: [ app_init ] --START--
INFO: Run Behavior\BuildLiteBehavior [ RunTime:0.000000s ]
INFO: Run Common\Behavior\InitHookBehavior [ RunTime:0.000000s ]
INFO: [ app_init ] --END-- [ RunTime:0.000000s ]
NOTIC: [8] Use of undefined constant ’SHOW_PAGE_TRACE’ - assumed '’SHOW_PAGE_TRACE’' D:\phpStudy\WWW\yzldiywww\yzldiy\Application\yzldiy\Conf\config.php 第 4 行.
INFO: [ app_begin ] --START--
INFO: Run Behavior\ReadHtmlCacheBehavior [ RunTime:0.000000s ]
INFO: [ app_begin ] --END-- [ RunTime:0.000000s ]
INFO: [ app_end ] --START--
INFO: Run Behavior\ShowPageTraceBehavior [ RunTime:0.000000s ]
INFO: [ app_end ] --END-- [ RunTime:0.000000s ]

[ 2016-04-22T21:49:10+08:00 ] 127.0.0.1 /yzldiywww/yzldiy/yzldiy.php?m=yzldiy&c=font&a=getFontToImg
INFO: [ app_init ] --START--
INFO: Run Behavior\BuildLiteBehavior [ RunTime:0.000000s ]
INFO: Run Common\Behavior\InitHookBehavior [ RunTime:0.000000s ]
INFO: [ app_init ] --END-- [ RunTime:0.000000s ]
NOTIC: [8] Use of undefined constant ’SHOW_PAGE_TRACE’ - assumed '’SHOW_PAGE_TRACE’' D:\phpStudy\WWW\yzldiywww\yzldiy\Application\yzldiy\Conf\config.php 第 4 行.
INFO: [ app_begin ] --START--
INFO: Run Behavior\ReadHtmlCacheBehavior [ RunTime:0.000000s ]
INFO: [ app_begin ] --END-- [ RunTime:0.000000s ]
INFO: [ app_end ] --START--
INFO: Run Behavior\ShowPageTraceBehavior [ RunTime:0.000000s ]
INFO: [ app_end ] --END-- [ RunTime:0.000000s ]

[ 2016-04-22T21:49:59+08:00 ] 127.0.0.1 /yzldiywww/yzldiy/yzldiy.php?m=yzldiy&c=product&a=getProductInfo&pid=2
INFO: [ app_init ] --START--
INFO: Run Behavior\BuildLiteBehavior [ RunTime:0.000000s ]
INFO: Run Common\Behavior\InitHookBehavior [ RunTime:0.000000s ]
INFO: [ app_init ] --END-- [ RunTime:0.000000s ]
NOTIC: [8] Use of undefined constant ’SHOW_PAGE_TRACE’ - assumed '’SHOW_PAGE_TRACE’' D:\phpStudy\WWW\yzldiywww\yzldiy\Application\yzldiy\Conf\config.php 第 4 行.
INFO: [ app_begin ] --START--
INFO: Run Behavior\ReadHtmlCacheBehavior [ RunTime:0.000000s ]
INFO: [ app_begin ] --END-- [ RunTime:0.000000s ]
SQL: SHOW COLUMNS FROM `ecs_product_yzldiy` [ RunTime:0.0000s ]
SQL: SELECT `tid`,`type`,`pageCount`,`name`,`retailprice`,`preview` FROM `ecs_product_yzldiy` WHERE (  status=1 and pid=2 ) LIMIT 1   [ RunTime:0.0000s ]
INFO: [ app_end ] --START--
INFO: Run Behavior\ShowPageTraceBehavior [ RunTime:0.000000s ]
INFO: [ app_end ] --END-- [ RunTime:0.000000s ]

[ 2016-04-22T21:50:29+08:00 ] 127.0.0.1 /yzldiywww/yzldiy/yzldiy.php?m=yzldiy&c=product&a=getProductInfo&pid=2
INFO: [ app_init ] --START--
INFO: Run Behavior\BuildLiteBehavior [ RunTime:0.000000s ]
INFO: Run Common\Behavior\InitHookBehavior [ RunTime:0.000000s ]
INFO: [ app_init ] --END-- [ RunTime:0.000000s ]
NOTIC: [8] Use of undefined constant ’SHOW_PAGE_TRACE’ - assumed '’SHOW_PAGE_TRACE’' D:\phpStudy\WWW\yzldiywww\yzldiy\Application\yzldiy\Conf\config.php 第 4 行.
INFO: [ app_begin ] --START--
INFO: Run Behavior\ReadHtmlCacheBehavior [ RunTime:0.000000s ]
INFO: [ app_begin ] --END-- [ RunTime:0.000000s ]
SQL: SHOW COLUMNS FROM `ecs_product_yzldiy` [ RunTime:0.0156s ]
SQL: SELECT `tid`,`type`,`pageCount`,`name`,`retailprice`,`preview` FROM `ecs_product_yzldiy` WHERE (  status=1 and pid=2 ) LIMIT 1   [ RunTime:0.0000s ]
INFO: [ app_end ] --START--
INFO: Run Behavior\ShowPageTraceBehavior [ RunTime:0.000000s ]
INFO: [ app_end ] --END-- [ RunTime:0.000000s ]

[ 2016-04-22T21:50:29+08:00 ] 127.0.0.1 /yzldiywww/yzldiy/yzldiy.php?m=yzldiy&c=product&a=getProductInfo&pid=2
INFO: [ app_init ] --START--
INFO: Run Behavior\BuildLiteBehavior [ RunTime:0.000000s ]
INFO: Run Common\Behavior\InitHookBehavior [ RunTime:0.000000s ]
INFO: [ app_init ] --END-- [ RunTime:0.000000s ]
NOTIC: [8] Use of undefined constant ’SHOW_PAGE_TRACE’ - assumed '’SHOW_PAGE_TRACE’' D:\phpStudy\WWW\yzldiywww\yzldiy\Application\yzldiy\Conf\config.php 第 4 行.
INFO: [ app_begin ] --START--
INFO: Run Behavior\ReadHtmlCacheBehavior [ RunTime:0.000000s ]
INFO: [ app_begin ] --END-- [ RunTime:0.000000s ]
SQL: SHOW COLUMNS FROM `ecs_product_yzldiy` [ RunTime:0.0156s ]
SQL: SELECT `tid`,`type`,`pageCount`,`name`,`retailprice`,`preview` FROM `ecs_product_yzldiy` WHERE (  status=1 and pid=2 ) LIMIT 1   [ RunTime:0.0000s ]
INFO: [ app_end ] --START--
INFO: Run Behavior\ShowPageTraceBehavior [ RunTime:0.000000s ]
INFO: [ app_end ] --END-- [ RunTime:0.000000s ]

[ 2016-04-22T21:50:36+08:00 ] 127.0.0.1 /yzldiywww/yzldiy/yzldiy.php?m=yzldiy&c=font&a=getFontToImg
INFO: [ app_init ] --START--
INFO: Run Behavior\BuildLiteBehavior [ RunTime:0.000000s ]
INFO: Run Common\Behavior\InitHookBehavior [ RunTime:0.000000s ]
INFO: [ app_init ] --END-- [ RunTime:0.000000s ]
NOTIC: [8] Use of undefined constant ’SHOW_PAGE_TRACE’ - assumed '’SHOW_PAGE_TRACE’' D:\phpStudy\WWW\yzldiywww\yzldiy\Application\yzldiy\Conf\config.php 第 4 行.
INFO: [ app_begin ] --START--
INFO: Run Behavior\ReadHtmlCacheBehavior [ RunTime:0.000000s ]
INFO: [ app_begin ] --END-- [ RunTime:0.000000s ]
INFO: [ app_end ] --START--
INFO: Run Behavior\ShowPageTraceBehavior [ RunTime:0.000000s ]
INFO: [ app_end ] --END-- [ RunTime:0.000000s ]

[ 2016-04-22T21:50:36+08:00 ] 127.0.0.1 /yzldiywww/yzldiy/yzldiy.php?m=yzldiy&c=font&a=getFontToImg
INFO: [ app_init ] --START--
INFO: Run Behavior\BuildLiteBehavior [ RunTime:0.000000s ]
INFO: Run Common\Behavior\InitHookBehavior [ RunTime:0.000000s ]
INFO: [ app_init ] --END-- [ RunTime:0.000000s ]
NOTIC: [8] Use of undefined constant ’SHOW_PAGE_TRACE’ - assumed '’SHOW_PAGE_TRACE’' D:\phpStudy\WWW\yzldiywww\yzldiy\Application\yzldiy\Conf\config.php 第 4 行.
INFO: [ app_begin ] --START--
INFO: Run Behavior\ReadHtmlCacheBehavior [ RunTime:0.000000s ]
INFO: [ app_begin ] --END-- [ RunTime:0.000000s ]
INFO: [ app_end ] --START--
INFO: Run Behavior\ShowPageTraceBehavior [ RunTime:0.000000s ]
INFO: [ app_end ] --END-- [ RunTime:0.000000s ]

[ 2016-04-22T21:50:44+08:00 ] 127.0.0.1 /yzldiywww/yzldiy/yzldiy.php?m=yzldiy&c=font&a=getFontToImg
INFO: [ app_init ] --START--
INFO: Run Behavior\BuildLiteBehavior [ RunTime:0.000000s ]
INFO: Run Common\Behavior\InitHookBehavior [ RunTime:0.000000s ]
INFO: [ app_init ] --END-- [ RunTime:0.000000s ]
NOTIC: [8] Use of undefined constant ’SHOW_PAGE_TRACE’ - assumed '’SHOW_PAGE_TRACE’' D:\phpStudy\WWW\yzldiywww\yzldiy\Application\yzldiy\Conf\config.php 第 4 行.
INFO: [ app_begin ] --START--
INFO: Run Behavior\ReadHtmlCacheBehavior [ RunTime:0.000000s ]
INFO: [ app_begin ] --END-- [ RunTime:0.000000s ]
INFO: [ app_end ] --START--
INFO: Run Behavior\ShowPageTraceBehavior [ RunTime:0.000000s ]
INFO: [ app_end ] --END-- [ RunTime:0.000000s ]

[ 2016-04-22T21:50:44+08:00 ] 127.0.0.1 /yzldiywww/yzldiy/yzldiy.php?m=yzldiy&c=font&a=getFontToImg
INFO: [ app_init ] --START--
INFO: Run Behavior\BuildLiteBehavior [ RunTime:0.000000s ]
INFO: Run Common\Behavior\InitHookBehavior [ RunTime:0.000000s ]
INFO: [ app_init ] --END-- [ RunTime:0.000000s ]
NOTIC: [8] Use of undefined constant ’SHOW_PAGE_TRACE’ - assumed '’SHOW_PAGE_TRACE’' D:\phpStudy\WWW\yzldiywww\yzldiy\Application\yzldiy\Conf\config.php 第 4 行.
INFO: [ app_begin ] --START--
INFO: Run Behavior\ReadHtmlCacheBehavior [ RunTime:0.000000s ]
INFO: [ app_begin ] --END-- [ RunTime:0.000000s ]
INFO: [ app_end ] --START--
INFO: Run Behavior\ShowPageTraceBehavior [ RunTime:0.000000s ]
INFO: [ app_end ] --END-- [ RunTime:0.000000s ]

[ 2016-04-22T21:55:56+08:00 ] 127.0.0.1 /yzldiywww/yzldiy/yzldiy.php?m=yzldiy&c=product&a=getProductInfo&pid=2
INFO: [ app_init ] --START--
INFO: Run Behavior\BuildLiteBehavior [ RunTime:0.000000s ]
INFO: Run Common\Behavior\InitHookBehavior [ RunTime:0.000000s ]
INFO: [ app_init ] --END-- [ RunTime:0.000000s ]
NOTIC: [8] Use of undefined constant ’SHOW_PAGE_TRACE’ - assumed '’SHOW_PAGE_TRACE’' D:\phpStudy\WWW\yzldiywww\yzldiy\Application\yzldiy\Conf\config.php 第 4 行.
INFO: [ app_begin ] --START--
INFO: Run Behavior\ReadHtmlCacheBehavior [ RunTime:0.000000s ]
INFO: [ app_begin ] --END-- [ RunTime:0.000000s ]
SQL: SHOW COLUMNS FROM `ecs_product_yzldiy` [ RunTime:0.0156s ]
SQL: SELECT `tid`,`type`,`pageCount`,`name`,`retailprice`,`preview` FROM `ecs_product_yzldiy` WHERE (  status=1 and pid=2 ) LIMIT 1   [ RunTime:0.0000s ]
INFO: [ app_end ] --START--
INFO: Run Behavior\ShowPageTraceBehavior [ RunTime:0.000000s ]
INFO: [ app_end ] --END-- [ RunTime:0.000000s ]

[ 2016-04-22T21:56:05+08:00 ] 127.0.0.1 /yzldiywww/yzldiy/yzldiy.php?m=yzldiy&c=font&a=getFontToImg
INFO: [ app_init ] --START--
INFO: Run Behavior\BuildLiteBehavior [ RunTime:0.000000s ]
INFO: Run Common\Behavior\InitHookBehavior [ RunTime:0.000000s ]
INFO: [ app_init ] --END-- [ RunTime:0.000000s ]
NOTIC: [8] Use of undefined constant ’SHOW_PAGE_TRACE’ - assumed '’SHOW_PAGE_TRACE’' D:\phpStudy\WWW\yzldiywww\yzldiy\Application\yzldiy\Conf\config.php 第 4 行.
INFO: [ app_begin ] --START--
INFO: Run Behavior\ReadHtmlCacheBehavior [ RunTime:0.000000s ]
INFO: [ app_begin ] --END-- [ RunTime:0.000000s ]
INFO: [ app_end ] --START--
INFO: Run Behavior\ShowPageTraceBehavior [ RunTime:0.000000s ]
INFO: [ app_end ] --END-- [ RunTime:0.015625s ]

[ 2016-04-22T21:56:05+08:00 ] 127.0.0.1 /yzldiywww/yzldiy/yzldiy.php?m=yzldiy&c=font&a=getFontToImg
INFO: [ app_init ] --START--
INFO: Run Behavior\BuildLiteBehavior [ RunTime:0.000000s ]
INFO: Run Common\Behavior\InitHookBehavior [ RunTime:0.000000s ]
INFO: [ app_init ] --END-- [ RunTime:0.000000s ]
NOTIC: [8] Use of undefined constant ’SHOW_PAGE_TRACE’ - assumed '’SHOW_PAGE_TRACE’' D:\phpStudy\WWW\yzldiywww\yzldiy\Application\yzldiy\Conf\config.php 第 4 行.
INFO: [ app_begin ] --START--
INFO: Run Behavior\ReadHtmlCacheBehavior [ RunTime:0.000000s ]
INFO: [ app_begin ] --END-- [ RunTime:0.000000s ]
INFO: [ app_end ] --START--
INFO: Run Behavior\ShowPageTraceBehavior [ RunTime:0.015625s ]
INFO: [ app_end ] --END-- [ RunTime:0.015625s ]

[ 2016-04-22T21:56:16+08:00 ] 127.0.0.1 /yzldiywww/yzldiy/yzldiy.php?m=yzldiy&c=font&a=getFontToImg
INFO: [ app_init ] --START--
INFO: Run Behavior\BuildLiteBehavior [ RunTime:0.000000s ]
INFO: Run Common\Behavior\InitHookBehavior [ RunTime:0.000000s ]
INFO: [ app_init ] --END-- [ RunTime:0.000000s ]
NOTIC: [8] Use of undefined constant ’SHOW_PAGE_TRACE’ - assumed '’SHOW_PAGE_TRACE’' D:\phpStudy\WWW\yzldiywww\yzldiy\Application\yzldiy\Conf\config.php 第 4 行.
INFO: [ app_begin ] --START--
INFO: Run Behavior\ReadHtmlCacheBehavior [ RunTime:0.000000s ]
INFO: [ app_begin ] --END-- [ RunTime:0.000000s ]
INFO: [ app_end ] --START--
INFO: Run Behavior\ShowPageTraceBehavior [ RunTime:0.000000s ]
INFO: [ app_end ] --END-- [ RunTime:0.000000s ]

[ 2016-04-22T21:56:16+08:00 ] 127.0.0.1 /yzldiywww/yzldiy/yzldiy.php?m=yzldiy&c=font&a=getFontToImg
INFO: [ app_init ] --START--
INFO: Run Behavior\BuildLiteBehavior [ RunTime:0.000000s ]
INFO: Run Common\Behavior\InitHookBehavior [ RunTime:0.000000s ]
INFO: [ app_init ] --END-- [ RunTime:0.000000s ]
NOTIC: [8] Use of undefined constant ’SHOW_PAGE_TRACE’ - assumed '’SHOW_PAGE_TRACE’' D:\phpStudy\WWW\yzldiywww\yzldiy\Application\yzldiy\Conf\config.php 第 4 行.
INFO: [ app_begin ] --START--
INFO: Run Behavior\ReadHtmlCacheBehavior [ RunTime:0.000000s ]
INFO: [ app_begin ] --END-- [ RunTime:0.000000s ]
INFO: [ app_end ] --START--
INFO: Run Behavior\ShowPageTraceBehavior [ RunTime:0.000000s ]
INFO: [ app_end ] --END-- [ RunTime:0.000000s ]

[ 2016-04-22T21:56:23+08:00 ] 127.0.0.1 /yzldiywww/yzldiy/yzldiy.php?m=yzldiy&c=font&a=getFontToImg
INFO: [ app_init ] --START--
INFO: Run Behavior\BuildLiteBehavior [ RunTime:0.000000s ]
INFO: Run Common\Behavior\InitHookBehavior [ RunTime:0.000000s ]
INFO: [ app_init ] --END-- [ RunTime:0.000000s ]
NOTIC: [8] Use of undefined constant ’SHOW_PAGE_TRACE’ - assumed '’SHOW_PAGE_TRACE’' D:\phpStudy\WWW\yzldiywww\yzldiy\Application\yzldiy\Conf\config.php 第 4 行.
INFO: [ app_begin ] --START--
INFO: Run Behavior\ReadHtmlCacheBehavior [ RunTime:0.000000s ]
INFO: [ app_begin ] --END-- [ RunTime:0.000000s ]
INFO: [ app_end ] --START--
INFO: Run Behavior\ShowPageTraceBehavior [ RunTime:0.000000s ]
INFO: [ app_end ] --END-- [ RunTime:0.000000s ]

[ 2016-04-22T21:56:23+08:00 ] 127.0.0.1 /yzldiywww/yzldiy/yzldiy.php?m=yzldiy&c=font&a=getFontToImg
INFO: [ app_init ] --START--
INFO: Run Behavior\BuildLiteBehavior [ RunTime:0.000000s ]
INFO: Run Common\Behavior\InitHookBehavior [ RunTime:0.000000s ]
INFO: [ app_init ] --END-- [ RunTime:0.000000s ]
NOTIC: [8] Use of undefined constant ’SHOW_PAGE_TRACE’ - assumed '’SHOW_PAGE_TRACE’' D:\phpStudy\WWW\yzldiywww\yzldiy\Application\yzldiy\Conf\config.php 第 4 行.
INFO: [ app_begin ] --START--
INFO: Run Behavior\ReadHtmlCacheBehavior [ RunTime:0.000000s ]
INFO: [ app_begin ] --END-- [ RunTime:0.000000s ]
INFO: [ app_end ] --START--
INFO: Run Behavior\ShowPageTraceBehavior [ RunTime:0.000000s ]
INFO: [ app_end ] --END-- [ RunTime:0.000000s ]

[ 2016-04-22T21:56:32+08:00 ] 127.0.0.1 /yzldiywww/yzldiy/yzldiy.php?m=yzldiy&c=font&a=getFontToImg
INFO: [ app_init ] --START--
INFO: Run Behavior\BuildLiteBehavior [ RunTime:0.000000s ]
INFO: Run Common\Behavior\InitHookBehavior [ RunTime:0.000000s ]
INFO: [ app_init ] --END-- [ RunTime:0.000000s ]
NOTIC: [8] Use of undefined constant ’SHOW_PAGE_TRACE’ - assumed '’SHOW_PAGE_TRACE’' D:\phpStudy\WWW\yzldiywww\yzldiy\Application\yzldiy\Conf\config.php 第 4 行.
INFO: [ app_begin ] --START--
INFO: Run Behavior\ReadHtmlCacheBehavior [ RunTime:0.000000s ]
INFO: [ app_begin ] --END-- [ RunTime:0.000000s ]
INFO: [ app_end ] --START--
INFO: Run Behavior\ShowPageTraceBehavior [ RunTime:0.000000s ]
INFO: [ app_end ] --END-- [ RunTime:0.000000s ]

[ 2016-04-22T21:56:32+08:00 ] 127.0.0.1 /yzldiywww/yzldiy/yzldiy.php?m=yzldiy&c=font&a=getFontToImg
INFO: [ app_init ] --START--
INFO: Run Behavior\BuildLiteBehavior [ RunTime:0.000000s ]
INFO: Run Common\Behavior\InitHookBehavior [ RunTime:0.000000s ]
INFO: [ app_init ] --END-- [ RunTime:0.000000s ]
NOTIC: [8] Use of undefined constant ’SHOW_PAGE_TRACE’ - assumed '’SHOW_PAGE_TRACE’' D:\phpStudy\WWW\yzldiywww\yzldiy\Application\yzldiy\Conf\config.php 第 4 行.
INFO: [ app_begin ] --START--
INFO: Run Behavior\ReadHtmlCacheBehavior [ RunTime:0.000000s ]
INFO: [ app_begin ] --END-- [ RunTime:0.000000s ]
INFO: [ app_end ] --START--
INFO: Run Behavior\ShowPageTraceBehavior [ RunTime:0.000000s ]
INFO: [ app_end ] --END-- [ RunTime:0.000000s ]

[ 2016-04-22T21:56:37+08:00 ] 127.0.0.1 /yzldiywww/yzldiy/yzldiy.php?m=yzldiy&c=font&a=getFontToImg
INFO: [ app_init ] --START--
INFO: Run Behavior\BuildLiteBehavior [ RunTime:0.000000s ]
INFO: Run Common\Behavior\InitHookBehavior [ RunTime:0.000000s ]
INFO: [ app_init ] --END-- [ RunTime:0.000000s ]
NOTIC: [8] Use of undefined constant ’SHOW_PAGE_TRACE’ - assumed '’SHOW_PAGE_TRACE’' D:\phpStudy\WWW\yzldiywww\yzldiy\Application\yzldiy\Conf\config.php 第 4 行.
INFO: [ app_begin ] --START--
INFO: Run Behavior\ReadHtmlCacheBehavior [ RunTime:0.000000s ]
INFO: [ app_begin ] --END-- [ RunTime:0.000000s ]
INFO: [ app_end ] --START--
INFO: Run Behavior\ShowPageTraceBehavior [ RunTime:0.000000s ]
INFO: [ app_end ] --END-- [ RunTime:0.000000s ]

[ 2016-04-22T21:56:37+08:00 ] 127.0.0.1 /yzldiywww/yzldiy/yzldiy.php?m=yzldiy&c=font&a=getFontToImg
INFO: [ app_init ] --START--
INFO: Run Behavior\BuildLiteBehavior [ RunTime:0.000000s ]
INFO: Run Common\Behavior\InitHookBehavior [ RunTime:0.000000s ]
INFO: [ app_init ] --END-- [ RunTime:0.000000s ]
NOTIC: [8] Use of undefined constant ’SHOW_PAGE_TRACE’ - assumed '’SHOW_PAGE_TRACE’' D:\phpStudy\WWW\yzldiywww\yzldiy\Application\yzldiy\Conf\config.php 第 4 行.
INFO: [ app_begin ] --START--
INFO: Run Behavior\ReadHtmlCacheBehavior [ RunTime:0.000000s ]
INFO: [ app_begin ] --END-- [ RunTime:0.000000s ]
INFO: [ app_end ] --START--
INFO: Run Behavior\ShowPageTraceBehavior [ RunTime:0.000000s ]
INFO: [ app_end ] --END-- [ RunTime:0.000000s ]

[ 2016-04-22T21:56:48+08:00 ] 127.0.0.1 /yzldiywww/yzldiy/yzldiy.php?m=yzldiy&c=font&a=getFontToImg
INFO: [ app_init ] --START--
INFO: Run Behavior\BuildLiteBehavior [ RunTime:0.000000s ]
INFO: Run Common\Behavior\InitHookBehavior [ RunTime:0.000000s ]
INFO: [ app_init ] --END-- [ RunTime:0.000000s ]
NOTIC: [8] Use of undefined constant ’SHOW_PAGE_TRACE’ - assumed '’SHOW_PAGE_TRACE’' D:\phpStudy\WWW\yzldiywww\yzldiy\Application\yzldiy\Conf\config.php 第 4 行.
INFO: [ app_begin ] --START--
INFO: Run Behavior\ReadHtmlCacheBehavior [ RunTime:0.000000s ]
INFO: [ app_begin ] --END-- [ RunTime:0.000000s ]
INFO: [ app_end ] --START--
INFO: Run Behavior\ShowPageTraceBehavior [ RunTime:0.000000s ]
INFO: [ app_end ] --END-- [ RunTime:0.000000s ]

[ 2016-04-22T21:56:48+08:00 ] 127.0.0.1 /yzldiywww/yzldiy/yzldiy.php?m=yzldiy&c=font&a=getFontToImg
INFO: [ app_init ] --START--
INFO: Run Behavior\BuildLiteBehavior [ RunTime:0.000000s ]
INFO: Run Common\Behavior\InitHookBehavior [ RunTime:0.000000s ]
INFO: [ app_init ] --END-- [ RunTime:0.000000s ]
NOTIC: [8] Use of undefined constant ’SHOW_PAGE_TRACE’ - assumed '’SHOW_PAGE_TRACE’' D:\phpStudy\WWW\yzldiywww\yzldiy\Application\yzldiy\Conf\config.php 第 4 行.
INFO: [ app_begin ] --START--
INFO: Run Behavior\ReadHtmlCacheBehavior [ RunTime:0.000000s ]
INFO: [ app_begin ] --END-- [ RunTime:0.000000s ]
INFO: [ app_end ] --START--
INFO: Run Behavior\ShowPageTraceBehavior [ RunTime:0.000000s ]
INFO: [ app_end ] --END-- [ RunTime:0.000000s ]

[ 2016-04-22T21:56:54+08:00 ] 127.0.0.1 /yzldiywww/yzldiy/yzldiy.php?m=yzldiy&c=font&a=getFontToImg
INFO: [ app_init ] --START--
INFO: Run Behavior\BuildLiteBehavior [ RunTime:0.000000s ]
INFO: Run Common\Behavior\InitHookBehavior [ RunTime:0.000000s ]
INFO: [ app_init ] --END-- [ RunTime:0.000000s ]
NOTIC: [8] Use of undefined constant ’SHOW_PAGE_TRACE’ - assumed '’SHOW_PAGE_TRACE’' D:\phpStudy\WWW\yzldiywww\yzldiy\Application\yzldiy\Conf\config.php 第 4 行.
INFO: [ app_begin ] --START--
INFO: Run Behavior\ReadHtmlCacheBehavior [ RunTime:0.000000s ]
INFO: [ app_begin ] --END-- [ RunTime:0.000000s ]
INFO: [ app_end ] --START--
INFO: Run Behavior\ShowPageTraceBehavior [ RunTime:0.000000s ]
INFO: [ app_end ] --END-- [ RunTime:0.000000s ]

[ 2016-04-22T21:56:54+08:00 ] 127.0.0.1 /yzldiywww/yzldiy/yzldiy.php?m=yzldiy&c=font&a=getFontToImg
INFO: [ app_init ] --START--
INFO: Run Behavior\BuildLiteBehavior [ RunTime:0.000000s ]
INFO: Run Common\Behavior\InitHookBehavior [ RunTime:0.000000s ]
INFO: [ app_init ] --END-- [ RunTime:0.000000s ]
NOTIC: [8] Use of undefined constant ’SHOW_PAGE_TRACE’ - assumed '’SHOW_PAGE_TRACE’' D:\phpStudy\WWW\yzldiywww\yzldiy\Application\yzldiy\Conf\config.php 第 4 行.
INFO: [ app_begin ] --START--
INFO: Run Behavior\ReadHtmlCacheBehavior [ RunTime:0.000000s ]
INFO: [ app_begin ] --END-- [ RunTime:0.000000s ]
INFO: [ app_end ] --START--
INFO: Run Behavior\ShowPageTraceBehavior [ RunTime:0.000000s ]
INFO: [ app_end ] --END-- [ RunTime:0.000000s ]

[ 2016-04-22T21:57:02+08:00 ] 127.0.0.1 /yzldiywww/yzldiy/yzldiy.php?m=yzldiy&c=font&a=getFontToImg
INFO: [ app_init ] --START--
INFO: Run Behavior\BuildLiteBehavior [ RunTime:0.000000s ]
INFO: Run Common\Behavior\InitHookBehavior [ RunTime:0.000000s ]
INFO: [ app_init ] --END-- [ RunTime:0.000000s ]
NOTIC: [8] Use of undefined constant ’SHOW_PAGE_TRACE’ - assumed '’SHOW_PAGE_TRACE’' D:\phpStudy\WWW\yzldiywww\yzldiy\Application\yzldiy\Conf\config.php 第 4 行.
INFO: [ app_begin ] --START--
INFO: Run Behavior\ReadHtmlCacheBehavior [ RunTime:0.000000s ]
INFO: [ app_begin ] --END-- [ RunTime:0.000000s ]
INFO: [ app_end ] --START--
INFO: Run Behavior\ShowPageTraceBehavior [ RunTime:0.000000s ]
INFO: [ app_end ] --END-- [ RunTime:0.000000s ]

[ 2016-04-22T21:57:02+08:00 ] 127.0.0.1 /yzldiywww/yzldiy/yzldiy.php?m=yzldiy&c=font&a=getFontToImg
INFO: [ app_init ] --START--
INFO: Run Behavior\BuildLiteBehavior [ RunTime:0.000000s ]
INFO: Run Common\Behavior\InitHookBehavior [ RunTime:0.000000s ]
INFO: [ app_init ] --END-- [ RunTime:0.000000s ]
NOTIC: [8] Use of undefined constant ’SHOW_PAGE_TRACE’ - assumed '’SHOW_PAGE_TRACE’' D:\phpStudy\WWW\yzldiywww\yzldiy\Application\yzldiy\Conf\config.php 第 4 行.
INFO: [ app_begin ] --START--
INFO: Run Behavior\ReadHtmlCacheBehavior [ RunTime:0.000000s ]
INFO: [ app_begin ] --END-- [ RunTime:0.000000s ]
INFO: [ app_end ] --START--
INFO: Run Behavior\ShowPageTraceBehavior [ RunTime:0.000000s ]
INFO: [ app_end ] --END-- [ RunTime:0.000000s ]

[ 2016-04-22T21:59:26+08:00 ] 127.0.0.1 /yzldiywww/yzldiy/yzldiy.php?m=yzldiy&c=product&a=getProductInfo&pid=2
INFO: [ app_init ] --START--
INFO: Run Behavior\BuildLiteBehavior [ RunTime:0.000000s ]
INFO: Run Common\Behavior\InitHookBehavior [ RunTime:0.000000s ]
INFO: [ app_init ] --END-- [ RunTime:0.000000s ]
NOTIC: [8] Use of undefined constant ’SHOW_PAGE_TRACE’ - assumed '’SHOW_PAGE_TRACE’' D:\phpStudy\WWW\yzldiywww\yzldiy\Application\yzldiy\Conf\config.php 第 4 行.
INFO: [ app_begin ] --START--
INFO: Run Behavior\ReadHtmlCacheBehavior [ RunTime:0.000000s ]
INFO: [ app_begin ] --END-- [ RunTime:0.000000s ]
SQL: SHOW COLUMNS FROM `ecs_product_yzldiy` [ RunTime:0.0000s ]
SQL: SELECT `tid`,`type`,`pageCount`,`name`,`retailprice`,`preview` FROM `ecs_product_yzldiy` WHERE (  status=1 and pid=2 ) LIMIT 1   [ RunTime:0.0000s ]
INFO: [ app_end ] --START--
INFO: Run Behavior\ShowPageTraceBehavior [ RunTime:0.000000s ]
INFO: [ app_end ] --END-- [ RunTime:0.000000s ]

[ 2016-04-22T21:59:35+08:00 ] 127.0.0.1 /yzldiywww/yzldiy/yzldiy.php?m=yzldiy&c=font&a=getFontToImg
INFO: [ app_init ] --START--
INFO: Run Behavior\BuildLiteBehavior [ RunTime:0.000000s ]
INFO: Run Common\Behavior\InitHookBehavior [ RunTime:0.000000s ]
INFO: [ app_init ] --END-- [ RunTime:0.000000s ]
NOTIC: [8] Use of undefined constant ’SHOW_PAGE_TRACE’ - assumed '’SHOW_PAGE_TRACE’' D:\phpStudy\WWW\yzldiywww\yzldiy\Application\yzldiy\Conf\config.php 第 4 行.
INFO: [ app_begin ] --START--
INFO: Run Behavior\ReadHtmlCacheBehavior [ RunTime:0.000000s ]
INFO: [ app_begin ] --END-- [ RunTime:0.000000s ]
INFO: [ app_end ] --START--
INFO: Run Behavior\ShowPageTraceBehavior [ RunTime:0.000000s ]
INFO: [ app_end ] --END-- [ RunTime:0.000000s ]

[ 2016-04-22T21:59:35+08:00 ] 127.0.0.1 /yzldiywww/yzldiy/yzldiy.php?m=yzldiy&c=font&a=getFontToImg
INFO: [ app_init ] --START--
INFO: Run Behavior\BuildLiteBehavior [ RunTime:0.000000s ]
INFO: Run Common\Behavior\InitHookBehavior [ RunTime:0.000000s ]
INFO: [ app_init ] --END-- [ RunTime:0.000000s ]
NOTIC: [8] Use of undefined constant ’SHOW_PAGE_TRACE’ - assumed '’SHOW_PAGE_TRACE’' D:\phpStudy\WWW\yzldiywww\yzldiy\Application\yzldiy\Conf\config.php 第 4 行.
INFO: [ app_begin ] --START--
INFO: Run Behavior\ReadHtmlCacheBehavior [ RunTime:0.000000s ]
INFO: [ app_begin ] --END-- [ RunTime:0.000000s ]
INFO: [ app_end ] --START--
INFO: Run Behavior\ShowPageTraceBehavior [ RunTime:0.000000s ]
INFO: [ app_end ] --END-- [ RunTime:0.000000s ]

[ 2016-04-22T21:59:40+08:00 ] 127.0.0.1 /yzldiywww/yzldiy/yzldiy.php?m=yzldiy&c=font&a=getFontToImg
INFO: [ app_init ] --START--
INFO: Run Behavior\BuildLiteBehavior [ RunTime:0.000000s ]
INFO: Run Common\Behavior\InitHookBehavior [ RunTime:0.000000s ]
INFO: [ app_init ] --END-- [ RunTime:0.000000s ]
NOTIC: [8] Use of undefined constant ’SHOW_PAGE_TRACE’ - assumed '’SHOW_PAGE_TRACE’' D:\phpStudy\WWW\yzldiywww\yzldiy\Application\yzldiy\Conf\config.php 第 4 行.
INFO: [ app_begin ] --START--
INFO: Run Behavior\ReadHtmlCacheBehavior [ RunTime:0.000000s ]
INFO: [ app_begin ] --END-- [ RunTime:0.000000s ]
INFO: [ app_end ] --START--
INFO: Run Behavior\ShowPageTraceBehavior [ RunTime:0.000000s ]
INFO: [ app_end ] --END-- [ RunTime:0.000000s ]

[ 2016-04-22T21:59:40+08:00 ] 127.0.0.1 /yzldiywww/yzldiy/yzldiy.php?m=yzldiy&c=font&a=getFontToImg
INFO: [ app_init ] --START--
INFO: Run Behavior\BuildLiteBehavior [ RunTime:0.000000s ]
INFO: Run Common\Behavior\InitHookBehavior [ RunTime:0.000000s ]
INFO: [ app_init ] --END-- [ RunTime:0.000000s ]
NOTIC: [8] Use of undefined constant ’SHOW_PAGE_TRACE’ - assumed '’SHOW_PAGE_TRACE’' D:\phpStudy\WWW\yzldiywww\yzldiy\Application\yzldiy\Conf\config.php 第 4 行.
INFO: [ app_begin ] --START--
INFO: Run Behavior\ReadHtmlCacheBehavior [ RunTime:0.000000s ]
INFO: [ app_begin ] --END-- [ RunTime:0.000000s ]
INFO: [ app_end ] --START--
INFO: Run Behavior\ShowPageTraceBehavior [ RunTime:0.000000s ]
INFO: [ app_end ] --END-- [ RunTime:0.000000s ]

[ 2016-04-22T22:02:17+08:00 ] 127.0.0.1 /yzldiywww/yzldiy/yzldiy.php?m=yzldiy&c=product&a=getProductInfo&pid=2
INFO: [ app_init ] --START--
INFO: Run Behavior\BuildLiteBehavior [ RunTime:0.000000s ]
INFO: Run Common\Behavior\InitHookBehavior [ RunTime:0.000000s ]
INFO: [ app_init ] --END-- [ RunTime:0.000000s ]
NOTIC: [8] Use of undefined constant ’SHOW_PAGE_TRACE’ - assumed '’SHOW_PAGE_TRACE’' D:\phpStudy\WWW\yzldiywww\yzldiy\Application\yzldiy\Conf\config.php 第 4 行.
INFO: [ app_begin ] --START--
INFO: Run Behavior\ReadHtmlCacheBehavior [ RunTime:0.000000s ]
INFO: [ app_begin ] --END-- [ RunTime:0.000000s ]
SQL: SHOW COLUMNS FROM `ecs_product_yzldiy` [ RunTime:0.0156s ]
SQL: SELECT `tid`,`type`,`pageCount`,`name`,`retailprice`,`preview` FROM `ecs_product_yzldiy` WHERE (  status=1 and pid=2 ) LIMIT 1   [ RunTime:0.0000s ]
INFO: [ app_end ] --START--
INFO: Run Behavior\ShowPageTraceBehavior [ RunTime:0.000000s ]
INFO: [ app_end ] --END-- [ RunTime:0.000000s ]

[ 2016-04-22T22:02:23+08:00 ] 127.0.0.1 /yzldiywww/yzldiy/yzldiy.php?m=yzldiy&c=font&a=getFontToImg
INFO: [ app_init ] --START--
INFO: Run Behavior\BuildLiteBehavior [ RunTime:0.000000s ]
INFO: Run Common\Behavior\InitHookBehavior [ RunTime:0.015625s ]
INFO: [ app_init ] --END-- [ RunTime:0.015625s ]
NOTIC: [8] Use of undefined constant ’SHOW_PAGE_TRACE’ - assumed '’SHOW_PAGE_TRACE’' D:\phpStudy\WWW\yzldiywww\yzldiy\Application\yzldiy\Conf\config.php 第 4 行.
INFO: [ app_begin ] --START--
INFO: Run Behavior\ReadHtmlCacheBehavior [ RunTime:0.000000s ]
INFO: [ app_begin ] --END-- [ RunTime:0.000000s ]
INFO: [ app_end ] --START--
INFO: Run Behavior\ShowPageTraceBehavior [ RunTime:0.000000s ]
INFO: [ app_end ] --END-- [ RunTime:0.000000s ]

[ 2016-04-22T22:02:23+08:00 ] 127.0.0.1 /yzldiywww/yzldiy/yzldiy.php?m=yzldiy&c=font&a=getFontToImg
INFO: [ app_init ] --START--
INFO: Run Behavior\BuildLiteBehavior [ RunTime:0.000000s ]
INFO: Run Common\Behavior\InitHookBehavior [ RunTime:0.000000s ]
INFO: [ app_init ] --END-- [ RunTime:0.000000s ]
NOTIC: [8] Use of undefined constant ’SHOW_PAGE_TRACE’ - assumed '’SHOW_PAGE_TRACE’' D:\phpStudy\WWW\yzldiywww\yzldiy\Application\yzldiy\Conf\config.php 第 4 行.
INFO: [ app_begin ] --START--
INFO: Run Behavior\ReadHtmlCacheBehavior [ RunTime:0.000000s ]
INFO: [ app_begin ] --END-- [ RunTime:0.000000s ]
INFO: [ app_end ] --START--
INFO: Run Behavior\ShowPageTraceBehavior [ RunTime:0.000000s ]
INFO: [ app_end ] --END-- [ RunTime:0.000000s ]

[ 2016-04-22T22:02:25+08:00 ] 127.0.0.1 /yzldiywww/yzldiy/yzldiy.php?m=yzldiy&c=font&a=getFontToImg
INFO: [ app_init ] --START--
INFO: Run Behavior\BuildLiteBehavior [ RunTime:0.000000s ]
INFO: Run Common\Behavior\InitHookBehavior [ RunTime:0.000000s ]
INFO: [ app_init ] --END-- [ RunTime:0.000000s ]
NOTIC: [8] Use of undefined constant ’SHOW_PAGE_TRACE’ - assumed '’SHOW_PAGE_TRACE’' D:\phpStudy\WWW\yzldiywww\yzldiy\Application\yzldiy\Conf\config.php 第 4 行.
INFO: [ app_begin ] --START--
INFO: Run Behavior\ReadHtmlCacheBehavior [ RunTime:0.000000s ]
INFO: [ app_begin ] --END-- [ RunTime:0.000000s ]
INFO: [ app_end ] --START--
INFO: Run Behavior\ShowPageTraceBehavior [ RunTime:0.000000s ]
INFO: [ app_end ] --END-- [ RunTime:0.000000s ]

[ 2016-04-22T22:02:26+08:00 ] 127.0.0.1 /yzldiywww/yzldiy/yzldiy.php?m=yzldiy&c=font&a=getFontToImg
INFO: [ app_init ] --START--
INFO: Run Behavior\BuildLiteBehavior [ RunTime:0.000000s ]
INFO: Run Common\Behavior\InitHookBehavior [ RunTime:0.000000s ]
INFO: [ app_init ] --END-- [ RunTime:0.000000s ]
NOTIC: [8] Use of undefined constant ’SHOW_PAGE_TRACE’ - assumed '’SHOW_PAGE_TRACE’' D:\phpStudy\WWW\yzldiywww\yzldiy\Application\yzldiy\Conf\config.php 第 4 行.
INFO: [ app_begin ] --START--
INFO: Run Behavior\ReadHtmlCacheBehavior [ RunTime:0.015625s ]
INFO: [ app_begin ] --END-- [ RunTime:0.015625s ]
INFO: [ app_end ] --START--
INFO: Run Behavior\ShowPageTraceBehavior [ RunTime:0.000000s ]
INFO: [ app_end ] --END-- [ RunTime:0.000000s ]

[ 2016-04-22T22:02:33+08:00 ] 127.0.0.1 /yzldiywww/yzldiy/yzldiy.php?m=yzldiy&c=font&a=getFontToImg
INFO: [ app_init ] --START--
INFO: Run Behavior\BuildLiteBehavior [ RunTime:0.000000s ]
INFO: Run Common\Behavior\InitHookBehavior [ RunTime:0.000000s ]
INFO: [ app_init ] --END-- [ RunTime:0.000000s ]
NOTIC: [8] Use of undefined constant ’SHOW_PAGE_TRACE’ - assumed '’SHOW_PAGE_TRACE’' D:\phpStudy\WWW\yzldiywww\yzldiy\Application\yzldiy\Conf\config.php 第 4 行.
INFO: [ app_begin ] --START--
INFO: Run Behavior\ReadHtmlCacheBehavior [ RunTime:0.000000s ]
INFO: [ app_begin ] --END-- [ RunTime:0.000000s ]
INFO: [ app_end ] --START--
INFO: Run Behavior\ShowPageTraceBehavior [ RunTime:0.000000s ]
INFO: [ app_end ] --END-- [ RunTime:0.000000s ]

[ 2016-04-22T22:02:33+08:00 ] 127.0.0.1 /yzldiywww/yzldiy/yzldiy.php?m=yzldiy&c=font&a=getFontToImg
INFO: [ app_init ] --START--
INFO: Run Behavior\BuildLiteBehavior [ RunTime:0.000000s ]
INFO: Run Common\Behavior\InitHookBehavior [ RunTime:0.000000s ]
INFO: [ app_init ] --END-- [ RunTime:0.000000s ]
NOTIC: [8] Use of undefined constant ’SHOW_PAGE_TRACE’ - assumed '’SHOW_PAGE_TRACE’' D:\phpStudy\WWW\yzldiywww\yzldiy\Application\yzldiy\Conf\config.php 第 4 行.
INFO: [ app_begin ] --START--
INFO: Run Behavior\ReadHtmlCacheBehavior [ RunTime:0.000000s ]
INFO: [ app_begin ] --END-- [ RunTime:0.000000s ]
INFO: [ app_end ] --START--
INFO: Run Behavior\ShowPageTraceBehavior [ RunTime:0.000000s ]
INFO: [ app_end ] --END-- [ RunTime:0.000000s ]

[ 2016-04-22T22:03:03+08:00 ] 127.0.0.1 /yzldiywww/yzldiy/yzldiy.php?m=yzldiy&c=font&a=getFontToImg
INFO: [ app_init ] --START--
INFO: Run Behavior\BuildLiteBehavior [ RunTime:0.000000s ]
INFO: Run Common\Behavior\InitHookBehavior [ RunTime:0.000000s ]
INFO: [ app_init ] --END-- [ RunTime:0.000000s ]
NOTIC: [8] Use of undefined constant ’SHOW_PAGE_TRACE’ - assumed '’SHOW_PAGE_TRACE’' D:\phpStudy\WWW\yzldiywww\yzldiy\Application\yzldiy\Conf\config.php 第 4 行.
INFO: [ app_begin ] --START--
INFO: Run Behavior\ReadHtmlCacheBehavior [ RunTime:0.000000s ]
INFO: [ app_begin ] --END-- [ RunTime:0.000000s ]
INFO: [ app_end ] --START--
INFO: Run Behavior\ShowPageTraceBehavior [ RunTime:0.000000s ]
INFO: [ app_end ] --END-- [ RunTime:0.000000s ]

[ 2016-04-22T22:03:11+08:00 ] 127.0.0.1 /yzldiywww/yzldiy/yzldiy.php?m=yzldiy&c=font&a=getFontToImg
INFO: [ app_init ] --START--
INFO: Run Behavior\BuildLiteBehavior [ RunTime:0.000000s ]
INFO: Run Common\Behavior\InitHookBehavior [ RunTime:0.000000s ]
INFO: [ app_init ] --END-- [ RunTime:0.000000s ]
NOTIC: [8] Use of undefined constant ’SHOW_PAGE_TRACE’ - assumed '’SHOW_PAGE_TRACE’' D:\phpStudy\WWW\yzldiywww\yzldiy\Application\yzldiy\Conf\config.php 第 4 行.
INFO: [ app_begin ] --START--
INFO: Run Behavior\ReadHtmlCacheBehavior [ RunTime:0.000000s ]
INFO: [ app_begin ] --END-- [ RunTime:0.000000s ]
INFO: [ app_end ] --START--
INFO: Run Behavior\ShowPageTraceBehavior [ RunTime:0.000000s ]
INFO: [ app_end ] --END-- [ RunTime:0.000000s ]

[ 2016-04-22T22:18:29+08:00 ] 127.0.0.1 /yzldiywww/yzldiy/yzldiy.php?m=yzldiy&c=product&a=getProductInfo&pid=2
INFO: [ app_init ] --START--
INFO: Run Behavior\BuildLiteBehavior [ RunTime:0.000000s ]
INFO: Run Common\Behavior\InitHookBehavior [ RunTime:0.000000s ]
INFO: [ app_init ] --END-- [ RunTime:0.000000s ]
NOTIC: [8] Use of undefined constant ’SHOW_PAGE_TRACE’ - assumed '’SHOW_PAGE_TRACE’' D:\phpStudy\WWW\yzldiywww\yzldiy\Application\yzldiy\Conf\config.php 第 4 行.
INFO: [ app_begin ] --START--
INFO: Run Behavior\ReadHtmlCacheBehavior [ RunTime:0.000000s ]
INFO: [ app_begin ] --END-- [ RunTime:0.000000s ]
SQL: SHOW COLUMNS FROM `ecs_product_yzldiy` [ RunTime:0.0000s ]
SQL: SELECT `tid`,`type`,`pageCount`,`name`,`retailprice`,`preview` FROM `ecs_product_yzldiy` WHERE (  status=1 and pid=2 ) LIMIT 1   [ RunTime:0.0000s ]
INFO: [ app_end ] --START--
INFO: Run Behavior\ShowPageTraceBehavior [ RunTime:0.000000s ]
INFO: [ app_end ] --END-- [ RunTime:0.000000s ]

[ 2016-04-22T22:19:45+08:00 ] 127.0.0.1 /yzldiywww/yzldiy/yzldiy.php?m=yzldiy&c=product&a=getProductInfo&pid=2
INFO: [ app_init ] --START--
INFO: Run Behavior\BuildLiteBehavior [ RunTime:0.000000s ]
INFO: Run Common\Behavior\InitHookBehavior [ RunTime:0.000000s ]
INFO: [ app_init ] --END-- [ RunTime:0.000000s ]
NOTIC: [8] Use of undefined constant ’SHOW_PAGE_TRACE’ - assumed '’SHOW_PAGE_TRACE’' D:\phpStudy\WWW\yzldiywww\yzldiy\Application\yzldiy\Conf\config.php 第 4 行.
INFO: [ app_begin ] --START--
INFO: Run Behavior\ReadHtmlCacheBehavior [ RunTime:0.000000s ]
INFO: [ app_begin ] --END-- [ RunTime:0.000000s ]
SQL: SHOW COLUMNS FROM `ecs_product_yzldiy` [ RunTime:0.0000s ]
SQL: SELECT `tid`,`type`,`pageCount`,`name`,`retailprice`,`preview` FROM `ecs_product_yzldiy` WHERE (  status=1 and pid=2 ) LIMIT 1   [ RunTime:0.0000s ]
INFO: [ app_end ] --START--
INFO: Run Behavior\ShowPageTraceBehavior [ RunTime:0.000000s ]
INFO: [ app_end ] --END-- [ RunTime:0.000000s ]

[ 2016-04-22T22:19:49+08:00 ] 127.0.0.1 /yzldiywww/yzldiy/yzldiy.php?m=yzldiy&c=font&a=getFontToImg
INFO: [ app_init ] --START--
INFO: Run Behavior\BuildLiteBehavior [ RunTime:0.000000s ]
INFO: Run Common\Behavior\InitHookBehavior [ RunTime:0.000000s ]
INFO: [ app_init ] --END-- [ RunTime:0.000000s ]
NOTIC: [8] Use of undefined constant ’SHOW_PAGE_TRACE’ - assumed '’SHOW_PAGE_TRACE’' D:\phpStudy\WWW\yzldiywww\yzldiy\Application\yzldiy\Conf\config.php 第 4 行.
INFO: [ app_begin ] --START--
INFO: Run Behavior\ReadHtmlCacheBehavior [ RunTime:0.000000s ]
INFO: [ app_begin ] --END-- [ RunTime:0.000000s ]
INFO: [ app_end ] --START--
INFO: Run Behavior\ShowPageTraceBehavior [ RunTime:0.000000s ]
INFO: [ app_end ] --END-- [ RunTime:0.000000s ]

[ 2016-04-22T22:19:49+08:00 ] 127.0.0.1 /yzldiywww/yzldiy/yzldiy.php?m=yzldiy&c=font&a=getFontToImg
INFO: [ app_init ] --START--
INFO: Run Behavior\BuildLiteBehavior [ RunTime:0.000000s ]
INFO: Run Common\Behavior\InitHookBehavior [ RunTime:0.000000s ]
INFO: [ app_init ] --END-- [ RunTime:0.000000s ]
NOTIC: [8] Use of undefined constant ’SHOW_PAGE_TRACE’ - assumed '’SHOW_PAGE_TRACE’' D:\phpStudy\WWW\yzldiywww\yzldiy\Application\yzldiy\Conf\config.php 第 4 行.
INFO: [ app_begin ] --START--
INFO: Run Behavior\ReadHtmlCacheBehavior [ RunTime:0.000000s ]
INFO: [ app_begin ] --END-- [ RunTime:0.000000s ]
INFO: [ app_end ] --START--
INFO: Run Behavior\ShowPageTraceBehavior [ RunTime:0.000000s ]
INFO: [ app_end ] --END-- [ RunTime:0.000000s ]

[ 2016-04-22T22:19:55+08:00 ] 127.0.0.1 /yzldiywww/yzldiy/yzldiy.php?m=yzldiy&c=font&a=getFontToImg
INFO: [ app_init ] --START--
INFO: Run Behavior\BuildLiteBehavior [ RunTime:0.000000s ]
INFO: Run Common\Behavior\InitHookBehavior [ RunTime:0.000000s ]
INFO: [ app_init ] --END-- [ RunTime:0.000000s ]
NOTIC: [8] Use of undefined constant ’SHOW_PAGE_TRACE’ - assumed '’SHOW_PAGE_TRACE’' D:\phpStudy\WWW\yzldiywww\yzldiy\Application\yzldiy\Conf\config.php 第 4 行.
INFO: [ app_begin ] --START--
INFO: Run Behavior\ReadHtmlCacheBehavior [ RunTime:0.000000s ]
INFO: [ app_begin ] --END-- [ RunTime:0.000000s ]
INFO: [ app_end ] --START--
INFO: Run Behavior\ShowPageTraceBehavior [ RunTime:0.000000s ]
INFO: [ app_end ] --END-- [ RunTime:0.000000s ]

[ 2016-04-22T22:19:55+08:00 ] 127.0.0.1 /yzldiywww/yzldiy/yzldiy.php?m=yzldiy&c=font&a=getFontToImg
INFO: [ app_init ] --START--
INFO: Run Behavior\BuildLiteBehavior [ RunTime:0.000000s ]
INFO: Run Common\Behavior\InitHookBehavior [ RunTime:0.000000s ]
INFO: [ app_init ] --END-- [ RunTime:0.000000s ]
NOTIC: [8] Use of undefined constant ’SHOW_PAGE_TRACE’ - assumed '’SHOW_PAGE_TRACE’' D:\phpStudy\WWW\yzldiywww\yzldiy\Application\yzldiy\Conf\config.php 第 4 行.
INFO: [ app_begin ] --START--
INFO: Run Behavior\ReadHtmlCacheBehavior [ RunTime:0.000000s ]
INFO: [ app_begin ] --END-- [ RunTime:0.000000s ]
INFO: [ app_end ] --START--
INFO: Run Behavior\ShowPageTraceBehavior [ RunTime:0.000000s ]
INFO: [ app_end ] --END-- [ RunTime:0.000000s ]

[ 2016-04-22T22:20:02+08:00 ] 127.0.0.1 /yzldiywww/yzldiy/yzldiy.php?m=yzldiy&c=font&a=getFontToImg
INFO: [ app_init ] --START--
INFO: Run Behavior\BuildLiteBehavior [ RunTime:0.000000s ]
INFO: Run Common\Behavior\InitHookBehavior [ RunTime:0.000000s ]
INFO: [ app_init ] --END-- [ RunTime:0.000000s ]
NOTIC: [8] Use of undefined constant ’SHOW_PAGE_TRACE’ - assumed '’SHOW_PAGE_TRACE’' D:\phpStudy\WWW\yzldiywww\yzldiy\Application\yzldiy\Conf\config.php 第 4 行.
INFO: [ app_begin ] --START--
INFO: Run Behavior\ReadHtmlCacheBehavior [ RunTime:0.000000s ]
INFO: [ app_begin ] --END-- [ RunTime:0.000000s ]
INFO: [ app_end ] --START--
INFO: Run Behavior\ShowPageTraceBehavior [ RunTime:0.000000s ]
INFO: [ app_end ] --END-- [ RunTime:0.000000s ]

[ 2016-04-22T22:20:02+08:00 ] 127.0.0.1 /yzldiywww/yzldiy/yzldiy.php?m=yzldiy&c=font&a=getFontToImg
INFO: [ app_init ] --START--
INFO: Run Behavior\BuildLiteBehavior [ RunTime:0.000000s ]
INFO: Run Common\Behavior\InitHookBehavior [ RunTime:0.000000s ]
INFO: [ app_init ] --END-- [ RunTime:0.000000s ]
NOTIC: [8] Use of undefined constant ’SHOW_PAGE_TRACE’ - assumed '’SHOW_PAGE_TRACE’' D:\phpStudy\WWW\yzldiywww\yzldiy\Application\yzldiy\Conf\config.php 第 4 行.
INFO: [ app_begin ] --START--
INFO: Run Behavior\ReadHtmlCacheBehavior [ RunTime:0.000000s ]
INFO: [ app_begin ] --END-- [ RunTime:0.000000s ]
INFO: [ app_end ] --START--
INFO: Run Behavior\ShowPageTraceBehavior [ RunTime:0.000000s ]
INFO: [ app_end ] --END-- [ RunTime:0.000000s ]

[ 2016-04-22T22:20:08+08:00 ] 127.0.0.1 /yzldiywww/yzldiy/yzldiy.php?m=yzldiy&c=font&a=getFontToImg
INFO: [ app_init ] --START--
INFO: Run Behavior\BuildLiteBehavior [ RunTime:0.000000s ]
INFO: Run Common\Behavior\InitHookBehavior [ RunTime:0.000000s ]
INFO: [ app_init ] --END-- [ RunTime:0.000000s ]
NOTIC: [8] Use of undefined constant ’SHOW_PAGE_TRACE’ - assumed '’SHOW_PAGE_TRACE’' D:\phpStudy\WWW\yzldiywww\yzldiy\Application\yzldiy\Conf\config.php 第 4 行.
INFO: [ app_begin ] --START--
INFO: Run Behavior\ReadHtmlCacheBehavior [ RunTime:0.000000s ]
INFO: [ app_begin ] --END-- [ RunTime:0.000000s ]
INFO: [ app_end ] --START--
INFO: Run Behavior\ShowPageTraceBehavior [ RunTime:0.000000s ]
INFO: [ app_end ] --END-- [ RunTime:0.000000s ]

[ 2016-04-22T22:20:08+08:00 ] 127.0.0.1 /yzldiywww/yzldiy/yzldiy.php?m=yzldiy&c=font&a=getFontToImg
INFO: [ app_init ] --START--
INFO: Run Behavior\BuildLiteBehavior [ RunTime:0.000000s ]
INFO: Run Common\Behavior\InitHookBehavior [ RunTime:0.000000s ]
INFO: [ app_init ] --END-- [ RunTime:0.000000s ]
NOTIC: [8] Use of undefined constant ’SHOW_PAGE_TRACE’ - assumed '’SHOW_PAGE_TRACE’' D:\phpStudy\WWW\yzldiywww\yzldiy\Application\yzldiy\Conf\config.php 第 4 行.
INFO: [ app_begin ] --START--
INFO: Run Behavior\ReadHtmlCacheBehavior [ RunTime:0.000000s ]
INFO: [ app_begin ] --END-- [ RunTime:0.000000s ]
INFO: [ app_end ] --START--
INFO: Run Behavior\ShowPageTraceBehavior [ RunTime:0.000000s ]
INFO: [ app_end ] --END-- [ RunTime:0.000000s ]

[ 2016-04-22T22:20:14+08:00 ] 127.0.0.1 /yzldiywww/yzldiy/yzldiy.php?m=yzldiy&c=font&a=getFontToImg
INFO: [ app_init ] --START--
INFO: Run Behavior\BuildLiteBehavior [ RunTime:0.000000s ]
INFO: Run Common\Behavior\InitHookBehavior [ RunTime:0.000000s ]
INFO: [ app_init ] --END-- [ RunTime:0.015625s ]
NOTIC: [8] Use of undefined constant ’SHOW_PAGE_TRACE’ - assumed '’SHOW_PAGE_TRACE’' D:\phpStudy\WWW\yzldiywww\yzldiy\Application\yzldiy\Conf\config.php 第 4 行.
INFO: [ app_begin ] --START--
INFO: Run Behavior\ReadHtmlCacheBehavior [ RunTime:0.000000s ]
INFO: [ app_begin ] --END-- [ RunTime:0.000000s ]
INFO: [ app_end ] --START--
INFO: Run Behavior\ShowPageTraceBehavior [ RunTime:0.000000s ]
INFO: [ app_end ] --END-- [ RunTime:0.000000s ]

[ 2016-04-22T22:20:14+08:00 ] 127.0.0.1 /yzldiywww/yzldiy/yzldiy.php?m=yzldiy&c=font&a=getFontToImg
INFO: [ app_init ] --START--
INFO: Run Behavior\BuildLiteBehavior [ RunTime:0.000000s ]
INFO: Run Common\Behavior\InitHookBehavior [ RunTime:0.000000s ]
INFO: [ app_init ] --END-- [ RunTime:0.000000s ]
NOTIC: [8] Use of undefined constant ’SHOW_PAGE_TRACE’ - assumed '’SHOW_PAGE_TRACE’' D:\phpStudy\WWW\yzldiywww\yzldiy\Application\yzldiy\Conf\config.php 第 4 行.
INFO: [ app_begin ] --START--
INFO: Run Behavior\ReadHtmlCacheBehavior [ RunTime:0.015625s ]
INFO: [ app_begin ] --END-- [ RunTime:0.015625s ]
INFO: [ app_end ] --START--
INFO: Run Behavior\ShowPageTraceBehavior [ RunTime:0.000000s ]
INFO: [ app_end ] --END-- [ RunTime:0.000000s ]

[ 2016-04-22T22:20:28+08:00 ] 127.0.0.1 /yzldiywww/yzldiy/yzldiy.php?m=yzldiy&c=font&a=getFontToImg
INFO: [ app_init ] --START--
INFO: Run Behavior\BuildLiteBehavior [ RunTime:0.000000s ]
INFO: Run Common\Behavior\InitHookBehavior [ RunTime:0.000000s ]
INFO: [ app_init ] --END-- [ RunTime:0.000000s ]
NOTIC: [8] Use of undefined constant ’SHOW_PAGE_TRACE’ - assumed '’SHOW_PAGE_TRACE’' D:\phpStudy\WWW\yzldiywww\yzldiy\Application\yzldiy\Conf\config.php 第 4 行.
INFO: [ app_begin ] --START--
INFO: Run Behavior\ReadHtmlCacheBehavior [ RunTime:0.000000s ]
INFO: [ app_begin ] --END-- [ RunTime:0.000000s ]
INFO: [ app_end ] --START--
INFO: Run Behavior\ShowPageTraceBehavior [ RunTime:0.000000s ]
INFO: [ app_end ] --END-- [ RunTime:0.000000s ]

[ 2016-04-22T22:20:28+08:00 ] 127.0.0.1 /yzldiywww/yzldiy/yzldiy.php?m=yzldiy&c=font&a=getFontToImg
INFO: [ app_init ] --START--
INFO: Run Behavior\BuildLiteBehavior [ RunTime:0.000000s ]
INFO: Run Common\Behavior\InitHookBehavior [ RunTime:0.000000s ]
INFO: [ app_init ] --END-- [ RunTime:0.000000s ]
NOTIC: [8] Use of undefined constant ’SHOW_PAGE_TRACE’ - assumed '’SHOW_PAGE_TRACE’' D:\phpStudy\WWW\yzldiywww\yzldiy\Application\yzldiy\Conf\config.php 第 4 行.
INFO: [ app_begin ] --START--
INFO: Run Behavior\ReadHtmlCacheBehavior [ RunTime:0.000000s ]
INFO: [ app_begin ] --END-- [ RunTime:0.000000s ]
INFO: [ app_end ] --START--
INFO: Run Behavior\ShowPageTraceBehavior [ RunTime:0.000000s ]
INFO: [ app_end ] --END-- [ RunTime:0.015625s ]

[ 2016-04-22T22:20:36+08:00 ] 127.0.0.1 /yzldiywww/yzldiy/yzldiy.php?m=yzldiy&c=font&a=getFontToImg
INFO: [ app_init ] --START--
INFO: Run Behavior\BuildLiteBehavior [ RunTime:0.000000s ]
INFO: Run Common\Behavior\InitHookBehavior [ RunTime:0.000000s ]
INFO: [ app_init ] --END-- [ RunTime:0.000000s ]
NOTIC: [8] Use of undefined constant ’SHOW_PAGE_TRACE’ - assumed '’SHOW_PAGE_TRACE’' D:\phpStudy\WWW\yzldiywww\yzldiy\Application\yzldiy\Conf\config.php 第 4 行.
INFO: [ app_begin ] --START--
INFO: Run Behavior\ReadHtmlCacheBehavior [ RunTime:0.000000s ]
INFO: [ app_begin ] --END-- [ RunTime:0.000000s ]
INFO: [ app_end ] --START--
INFO: Run Behavior\ShowPageTraceBehavior [ RunTime:0.000000s ]
INFO: [ app_end ] --END-- [ RunTime:0.000000s ]

[ 2016-04-22T22:20:36+08:00 ] 127.0.0.1 /yzldiywww/yzldiy/yzldiy.php?m=yzldiy&c=font&a=getFontToImg
INFO: [ app_init ] --START--
INFO: Run Behavior\BuildLiteBehavior [ RunTime:0.000000s ]
INFO: Run Common\Behavior\InitHookBehavior [ RunTime:0.000000s ]
INFO: [ app_init ] --END-- [ RunTime:0.000000s ]
NOTIC: [8] Use of undefined constant ’SHOW_PAGE_TRACE’ - assumed '’SHOW_PAGE_TRACE’' D:\phpStudy\WWW\yzldiywww\yzldiy\Application\yzldiy\Conf\config.php 第 4 行.
INFO: [ app_begin ] --START--
INFO: Run Behavior\ReadHtmlCacheBehavior [ RunTime:0.000000s ]
INFO: [ app_begin ] --END-- [ RunTime:0.000000s ]
INFO: [ app_end ] --START--
INFO: Run Behavior\ShowPageTraceBehavior [ RunTime:0.000000s ]
INFO: [ app_end ] --END-- [ RunTime:0.000000s ]

[ 2016-04-22T22:20:49+08:00 ] 127.0.0.1 /yzldiywww/yzldiy/yzldiy.php?m=yzldiy&c=font&a=getFontToImg
INFO: [ app_init ] --START--
INFO: Run Behavior\BuildLiteBehavior [ RunTime:0.000000s ]
INFO: Run Common\Behavior\InitHookBehavior [ RunTime:0.000000s ]
INFO: [ app_init ] --END-- [ RunTime:0.000000s ]
NOTIC: [8] Use of undefined constant ’SHOW_PAGE_TRACE’ - assumed '’SHOW_PAGE_TRACE’' D:\phpStudy\WWW\yzldiywww\yzldiy\Application\yzldiy\Conf\config.php 第 4 行.
INFO: [ app_begin ] --START--
INFO: Run Behavior\ReadHtmlCacheBehavior [ RunTime:0.000000s ]
INFO: [ app_begin ] --END-- [ RunTime:0.000000s ]
INFO: [ app_end ] --START--
INFO: Run Behavior\ShowPageTraceBehavior [ RunTime:0.000000s ]
INFO: [ app_end ] --END-- [ RunTime:0.000000s ]

[ 2016-04-22T22:20:49+08:00 ] 127.0.0.1 /yzldiywww/yzldiy/yzldiy.php?m=yzldiy&c=font&a=getFontToImg
INFO: [ app_init ] --START--
INFO: Run Behavior\BuildLiteBehavior [ RunTime:0.000000s ]
INFO: Run Common\Behavior\InitHookBehavior [ RunTime:0.000000s ]
INFO: [ app_init ] --END-- [ RunTime:0.000000s ]
NOTIC: [8] Use of undefined constant ’SHOW_PAGE_TRACE’ - assumed '’SHOW_PAGE_TRACE’' D:\phpStudy\WWW\yzldiywww\yzldiy\Application\yzldiy\Conf\config.php 第 4 行.
INFO: [ app_begin ] --START--
INFO: Run Behavior\ReadHtmlCacheBehavior [ RunTime:0.000000s ]
INFO: [ app_begin ] --END-- [ RunTime:0.000000s ]
INFO: [ app_end ] --START--
INFO: Run Behavior\ShowPageTraceBehavior [ RunTime:0.000000s ]
INFO: [ app_end ] --END-- [ RunTime:0.000000s ]

[ 2016-04-22T23:08:20+08:00 ] 127.0.0.1 /yzldiywww/yzldiy/yzldiy.php?m=yzldiy&c=product&a=getProductInfo&pid=2
INFO: [ app_init ] --START--
INFO: Run Behavior\BuildLiteBehavior [ RunTime:0.000000s ]
INFO: Run Common\Behavior\InitHookBehavior [ RunTime:0.000000s ]
INFO: [ app_init ] --END-- [ RunTime:0.000000s ]
NOTIC: [8] Use of undefined constant ’SHOW_PAGE_TRACE’ - assumed '’SHOW_PAGE_TRACE’' D:\phpStudy\WWW\yzldiywww\yzldiy\Application\yzldiy\Conf\config.php 第 4 行.
INFO: [ app_begin ] --START--
INFO: Run Behavior\ReadHtmlCacheBehavior [ RunTime:0.000000s ]
INFO: [ app_begin ] --END-- [ RunTime:0.000000s ]
SQL: SHOW COLUMNS FROM `ecs_product_yzldiy` [ RunTime:0.0000s ]
SQL: SELECT `tid`,`type`,`pageCount`,`name`,`retailprice`,`preview` FROM `ecs_product_yzldiy` WHERE (  status=1 and pid=2 ) LIMIT 1   [ RunTime:0.0000s ]
INFO: [ app_end ] --START--
INFO: Run Behavior\ShowPageTraceBehavior [ RunTime:0.000000s ]
INFO: [ app_end ] --END-- [ RunTime:0.000000s ]

[ 2016-04-22T23:13:46+08:00 ] 127.0.0.1 /yzldiywww/yzldiy/yzldiy.php?m=yzldiy&c=font&a=getFontToImg
INFO: [ app_init ] --START--
INFO: Run Behavior\BuildLiteBehavior [ RunTime:0.000000s ]
INFO: Run Common\Behavior\InitHookBehavior [ RunTime:0.000000s ]
INFO: [ app_init ] --END-- [ RunTime:0.000000s ]
NOTIC: [8] Use of undefined constant ’SHOW_PAGE_TRACE’ - assumed '’SHOW_PAGE_TRACE’' D:\phpStudy\WWW\yzldiywww\yzldiy\Application\yzldiy\Conf\config.php 第 4 行.
INFO: [ app_begin ] --START--
INFO: Run Behavior\ReadHtmlCacheBehavior [ RunTime:0.000000s ]
INFO: [ app_begin ] --END-- [ RunTime:0.000000s ]
INFO: [ app_end ] --START--
INFO: Run Behavior\ShowPageTraceBehavior [ RunTime:0.000000s ]
INFO: [ app_end ] --END-- [ RunTime:0.000000s ]

[ 2016-04-22T23:13:46+08:00 ] 127.0.0.1 /yzldiywww/yzldiy/yzldiy.php?m=yzldiy&c=font&a=getFontToImg
INFO: [ app_init ] --START--
INFO: Run Behavior\BuildLiteBehavior [ RunTime:0.000000s ]
INFO: Run Common\Behavior\InitHookBehavior [ RunTime:0.000000s ]
INFO: [ app_init ] --END-- [ RunTime:0.000000s ]
NOTIC: [8] Use of undefined constant ’SHOW_PAGE_TRACE’ - assumed '’SHOW_PAGE_TRACE’' D:\phpStudy\WWW\yzldiywww\yzldiy\Application\yzldiy\Conf\config.php 第 4 行.
INFO: [ app_begin ] --START--
INFO: Run Behavior\ReadHtmlCacheBehavior [ RunTime:0.000000s ]
INFO: [ app_begin ] --END-- [ RunTime:0.000000s ]
INFO: [ app_end ] --START--
INFO: Run Behavior\ShowPageTraceBehavior [ RunTime:0.000000s ]
INFO: [ app_end ] --END-- [ RunTime:0.000000s ]

