[ 2016-04-25T15:10:26+08:00 ] 127.0.0.1 /ecshop/yzldiywww/yzldiy/yzldiy.php
INFO: [ app_init ] --START--
INFO: Run Behavior\BuildLiteBehavior [ RunTime:0.000016s ]
INFO: Run Common\Behavior\InitHookBehavior [ RunTime:0.051903s ]
INFO: [ app_init ] --END-- [ RunTime:0.053295s ]
NOTIC: [8] Use of undefined constant ’SHOW_PAGE_TRACE’ - assumed '’SHOW_PAGE_TRACE’' E:\PHPnow\htdocs\ecshop\yzldiywww\yzldiy\Application\yzldiy\Conf\config.php 第 4 行.
INFO: [ app_begin ] --START--
INFO: Run Behavior\ReadHtmlCacheBehavior [ RunTime:0.022345s ]
INFO: [ app_begin ] --END-- [ RunTime:0.022470s ]
INFO: [ view_parse ] --START--
INFO: Run Behavior\ParseTemplateBehavior [ RunTime:0.001120s ]
INFO: [ view_parse ] --END-- [ RunTime:0.001243s ]
INFO: [ view_filter ] --START--
INFO: Run Behavior\WriteHtmlCacheBehavior [ RunTime:0.001153s ]
INFO: [ view_filter ] --END-- [ RunTime:0.001247s ]
INFO: [ app_end ] --START--
INFO: Run Behavior\ShowPageTraceBehavior [ RunTime:0.001805s ]
INFO: [ app_end ] --END-- [ RunTime:0.001898s ]

[ 2016-04-25T15:23:05+08:00 ] 127.0.0.1 /ecshop/yzldiywww/yzldiy/yzldiy.php?m=yzldiy&c=product&a=getProductInfo&pid=1
INFO: [ app_init ] --START--
INFO: Run Behavior\BuildLiteBehavior [ RunTime:0.000025s ]
INFO: Run Common\Behavior\InitHookBehavior [ RunTime:0.099527s ]
INFO: [ app_init ] --END-- [ RunTime:0.111875s ]
NOTIC: [8] Use of undefined constant ’SHOW_PAGE_TRACE’ - assumed '’SHOW_PAGE_TRACE’' E:\PHPnow\htdocs\ecshop\yzldiywww\yzldiy\Application\yzldiy\Conf\config.php 第 4 行.
INFO: [ app_begin ] --START--
INFO: Run Behavior\ReadHtmlCacheBehavior [ RunTime:0.016361s ]
INFO: [ app_begin ] --END-- [ RunTime:0.016491s ]
SQL: SHOW COLUMNS FROM `ecs_product_yzldiy` [ RunTime:0.0609s ]
SQL: SELECT `tid`,`type`,`pageCount`,`name`,`retailprice`,`preview` FROM `ecs_product_yzldiy` WHERE (  status=1 and pid=1 ) LIMIT 1   [ RunTime:0.0295s ]
INFO: [ app_end ] --START--
INFO: Run Behavior\ShowPageTraceBehavior [ RunTime:0.023346s ]
INFO: [ app_end ] --END-- [ RunTime:0.023484s ]

[ 2016-04-25T15:23:07+08:00 ] 127.0.0.1 /ecshop/yzldiywww/yzldiy/yzldiy.php?m=yzldiy&c=font&a=getFontToImg
INFO: [ app_init ] --START--
INFO: Run Behavior\BuildLiteBehavior [ RunTime:0.000013s ]
INFO: Run Common\Behavior\InitHookBehavior [ RunTime:0.002342s ]
INFO: [ app_init ] --END-- [ RunTime:0.002724s ]
NOTIC: [8] Use of undefined constant ’SHOW_PAGE_TRACE’ - assumed '’SHOW_PAGE_TRACE’' E:\PHPnow\htdocs\ecshop\yzldiywww\yzldiy\Application\yzldiy\Conf\config.php 第 4 行.
INFO: [ app_begin ] --START--
INFO: Run Behavior\ReadHtmlCacheBehavior [ RunTime:0.000707s ]
INFO: [ app_begin ] --END-- [ RunTime:0.000765s ]
NOTIC: [2] imagettftext() [<a href='function.imagettftext'>function.imagettftext</a>]: Invalid font filename E:\PHPnow\htdocs\ecshop\yzldiywww\yzldiy\Application\yzldiy\Controller\FontController.class.php 第 53 行.
INFO: [ app_end ] --START--
INFO: Run Behavior\ShowPageTraceBehavior [ RunTime:0.000981s ]
INFO: [ app_end ] --END-- [ RunTime:0.001082s ]

[ 2016-04-25T15:23:23+08:00 ] 127.0.0.1 /ecshop/yzldiywww/yzldiy/yzldiy.php?m=yzldiy&c=font&a=getFontToImg
INFO: [ app_init ] --START--
INFO: Run Behavior\BuildLiteBehavior [ RunTime:0.000025s ]
INFO: Run Common\Behavior\InitHookBehavior [ RunTime:0.003393s ]
INFO: [ app_init ] --END-- [ RunTime:0.004027s ]
NOTIC: [8] Use of undefined constant ’SHOW_PAGE_TRACE’ - assumed '’SHOW_PAGE_TRACE’' E:\PHPnow\htdocs\ecshop\yzldiywww\yzldiy\Application\yzldiy\Conf\config.php 第 4 行.
INFO: [ app_begin ] --START--
INFO: Run Behavior\ReadHtmlCacheBehavior [ RunTime:0.001436s ]
INFO: [ app_begin ] --END-- [ RunTime:0.001557s ]
NOTIC: [2] imagettftext() [<a href='function.imagettftext'>function.imagettftext</a>]: Invalid font filename E:\PHPnow\htdocs\ecshop\yzldiywww\yzldiy\Application\yzldiy\Controller\FontController.class.php 第 53 行.
INFO: [ app_end ] --START--
INFO: Run Behavior\ShowPageTraceBehavior [ RunTime:0.000822s ]
INFO: [ app_end ] --END-- [ RunTime:0.000899s ]

[ 2016-04-25T15:24:42+08:00 ] 127.0.0.1 /ecshop/yzldiywww/yzldiy/yzldiy.php?m=yzldiy&c=Updata&a=upUserPhoto
INFO: [ app_init ] --START--
INFO: Run Behavior\BuildLiteBehavior [ RunTime:0.000014s ]
INFO: Run Common\Behavior\InitHookBehavior [ RunTime:0.002048s ]
INFO: [ app_init ] --END-- [ RunTime:0.002402s ]
NOTIC: [8] Use of undefined constant ’SHOW_PAGE_TRACE’ - assumed '’SHOW_PAGE_TRACE’' E:\PHPnow\htdocs\ecshop\yzldiywww\yzldiy\Application\yzldiy\Conf\config.php 第 4 行.
INFO: [ app_begin ] --START--
INFO: Run Behavior\ReadHtmlCacheBehavior [ RunTime:0.000694s ]
INFO: [ app_begin ] --END-- [ RunTime:0.000750s ]
SQL: SHOW COLUMNS FROM `ecs_useruploadimg_yzldiy` [ RunTime:0.0071s ]
NOTIC: [2] call_user_func() expects parameter 1 to be a valid callback, no array or string given E:\PHPnow\htdocs\ecshop\yzldiywww\yzldiy\ThinkPHP\Library\Think\Upload.class.php 第 170 行.
SQL: INSERT INTO `ecs_useruploadimg_yzldiy` (`uid`,`photoid`,`username`,`datatime`,`thumbImg`,`img`,`midImg`,`bh`,`bw`) VALUES ('255','1461569070147','mmm','2016-04-25','http://127.0.0.1/ecshop/yzldiywww/yzldiy/Uploads/UserPhoto/mmm/2016-04-25/s/s_1461569070147.jpg','http://127.0.0.1/ecshop/yzldiywww/yzldiy/Uploads/UserPhoto/mmm/2016-04-25/1461569070147.jpg','http://127.0.0.1/ecshop/yzldiywww/yzldiy/Uploads/UserPhoto/mmm/2016-04-25/m/m_1461569070147.jpg','768','1024') [ RunTime:0.1009s ]
INFO: [ app_end ] --START--
INFO: Run Behavior\ShowPageTraceBehavior [ RunTime:0.001041s ]
INFO: [ app_end ] --END-- [ RunTime:0.001281s ]

[ 2016-04-25T15:24:44+08:00 ] 127.0.0.1 /ecshop/yzldiywww/yzldiy/yzldiy.php?m=yzldiy&c=Updata&a=upUserPhoto
INFO: [ app_init ] --START--
INFO: Run Behavior\BuildLiteBehavior [ RunTime:0.000013s ]
INFO: Run Common\Behavior\InitHookBehavior [ RunTime:0.003415s ]
INFO: [ app_init ] --END-- [ RunTime:0.003844s ]
NOTIC: [8] Use of undefined constant ’SHOW_PAGE_TRACE’ - assumed '’SHOW_PAGE_TRACE’' E:\PHPnow\htdocs\ecshop\yzldiywww\yzldiy\Application\yzldiy\Conf\config.php 第 4 行.
INFO: [ app_begin ] --START--
INFO: Run Behavior\ReadHtmlCacheBehavior [ RunTime:0.000817s ]
INFO: [ app_begin ] --END-- [ RunTime:0.000892s ]
SQL: SHOW COLUMNS FROM `ecs_useruploadimg_yzldiy` [ RunTime:0.0053s ]
NOTIC: [2] call_user_func() expects parameter 1 to be a valid callback, no array or string given E:\PHPnow\htdocs\ecshop\yzldiywww\yzldiy\ThinkPHP\Library\Think\Upload.class.php 第 170 行.
SQL: INSERT INTO `ecs_useruploadimg_yzldiy` (`uid`,`photoid`,`username`,`datatime`,`thumbImg`,`img`,`midImg`,`bh`,`bw`) VALUES ('255','1461569070134','mmm','2016-04-25','http://127.0.0.1/ecshop/yzldiywww/yzldiy/Uploads/UserPhoto/mmm/2016-04-25/s/s_1461569070134.jpg','http://127.0.0.1/ecshop/yzldiywww/yzldiy/Uploads/UserPhoto/mmm/2016-04-25/1461569070134.jpg','http://127.0.0.1/ecshop/yzldiywww/yzldiy/Uploads/UserPhoto/mmm/2016-04-25/m/m_1461569070134.jpg','768','1024') [ RunTime:0.0004s ]
INFO: [ app_end ] --START--
INFO: Run Behavior\ShowPageTraceBehavior [ RunTime:0.000828s ]
INFO: [ app_end ] --END-- [ RunTime:0.000915s ]

[ 2016-04-25T15:24:45+08:00 ] 127.0.0.1 /ecshop/yzldiywww/yzldiy/yzldiy.php?m=yzldiy&c=Updata&a=upUserPhoto
INFO: [ app_init ] --START--
INFO: Run Behavior\BuildLiteBehavior [ RunTime:0.000016s ]
INFO: Run Common\Behavior\InitHookBehavior [ RunTime:0.002987s ]
INFO: [ app_init ] --END-- [ RunTime:0.003388s ]
NOTIC: [8] Use of undefined constant ’SHOW_PAGE_TRACE’ - assumed '’SHOW_PAGE_TRACE’' E:\PHPnow\htdocs\ecshop\yzldiywww\yzldiy\Application\yzldiy\Conf\config.php 第 4 行.
INFO: [ app_begin ] --START--
INFO: Run Behavior\ReadHtmlCacheBehavior [ RunTime:0.000706s ]
INFO: [ app_begin ] --END-- [ RunTime:0.000771s ]
SQL: SHOW COLUMNS FROM `ecs_useruploadimg_yzldiy` [ RunTime:0.0062s ]
NOTIC: [2] call_user_func() expects parameter 1 to be a valid callback, no array or string given E:\PHPnow\htdocs\ecshop\yzldiywww\yzldiy\ThinkPHP\Library\Think\Upload.class.php 第 170 行.
SQL: INSERT INTO `ecs_useruploadimg_yzldiy` (`uid`,`photoid`,`username`,`datatime`,`thumbImg`,`img`,`midImg`,`bh`,`bw`) VALUES ('255','1461569070085','mmm','2016-04-25','http://127.0.0.1/ecshop/yzldiywww/yzldiy/Uploads/UserPhoto/mmm/2016-04-25/s/s_1461569070085.jpg','http://127.0.0.1/ecshop/yzldiywww/yzldiy/Uploads/UserPhoto/mmm/2016-04-25/1461569070085.jpg','http://127.0.0.1/ecshop/yzldiywww/yzldiy/Uploads/UserPhoto/mmm/2016-04-25/m/m_1461569070085.jpg','768','1024') [ RunTime:0.0004s ]
INFO: [ app_end ] --START--
INFO: Run Behavior\ShowPageTraceBehavior [ RunTime:0.000830s ]
INFO: [ app_end ] --END-- [ RunTime:0.000917s ]

[ 2016-04-25T15:24:47+08:00 ] 127.0.0.1 /ecshop/yzldiywww/yzldiy/yzldiy.php?m=yzldiy&c=Updata&a=upUserPhoto
INFO: [ app_init ] --START--
INFO: Run Behavior\BuildLiteBehavior [ RunTime:0.000024s ]
INFO: Run Common\Behavior\InitHookBehavior [ RunTime:0.002147s ]
INFO: [ app_init ] --END-- [ RunTime:0.003230s ]
NOTIC: [8] Use of undefined constant ’SHOW_PAGE_TRACE’ - assumed '’SHOW_PAGE_TRACE’' E:\PHPnow\htdocs\ecshop\yzldiywww\yzldiy\Application\yzldiy\Conf\config.php 第 4 行.
INFO: [ app_begin ] --START--
INFO: Run Behavior\ReadHtmlCacheBehavior [ RunTime:0.000662s ]
INFO: [ app_begin ] --END-- [ RunTime:0.000717s ]
SQL: SHOW COLUMNS FROM `ecs_useruploadimg_yzldiy` [ RunTime:0.0050s ]
NOTIC: [2] call_user_func() expects parameter 1 to be a valid callback, no array or string given E:\PHPnow\htdocs\ecshop\yzldiywww\yzldiy\ThinkPHP\Library\Think\Upload.class.php 第 170 行.
SQL: INSERT INTO `ecs_useruploadimg_yzldiy` (`uid`,`photoid`,`username`,`datatime`,`thumbImg`,`img`,`midImg`,`bh`,`bw`) VALUES ('255','1461569070071','mmm','2016-04-25','http://127.0.0.1/ecshop/yzldiywww/yzldiy/Uploads/UserPhoto/mmm/2016-04-25/s/s_1461569070071.jpg','http://127.0.0.1/ecshop/yzldiywww/yzldiy/Uploads/UserPhoto/mmm/2016-04-25/1461569070071.jpg','http://127.0.0.1/ecshop/yzldiywww/yzldiy/Uploads/UserPhoto/mmm/2016-04-25/m/m_1461569070071.jpg','768','1024') [ RunTime:0.0004s ]
INFO: [ app_end ] --START--
INFO: Run Behavior\ShowPageTraceBehavior [ RunTime:0.000853s ]
INFO: [ app_end ] --END-- [ RunTime:0.000940s ]

[ 2016-04-25T15:24:49+08:00 ] 127.0.0.1 /ecshop/yzldiywww/yzldiy/yzldiy.php?m=yzldiy&c=Updata&a=upUserPhoto
INFO: [ app_init ] --START--
INFO: Run Behavior\BuildLiteBehavior [ RunTime:0.000015s ]
INFO: Run Common\Behavior\InitHookBehavior [ RunTime:0.002216s ]
INFO: [ app_init ] --END-- [ RunTime:0.002599s ]
NOTIC: [8] Use of undefined constant ’SHOW_PAGE_TRACE’ - assumed '’SHOW_PAGE_TRACE’' E:\PHPnow\htdocs\ecshop\yzldiywww\yzldiy\Application\yzldiy\Conf\config.php 第 4 行.
INFO: [ app_begin ] --START--
INFO: Run Behavior\ReadHtmlCacheBehavior [ RunTime:0.000698s ]
INFO: [ app_begin ] --END-- [ RunTime:0.000752s ]
SQL: SHOW COLUMNS FROM `ecs_useruploadimg_yzldiy` [ RunTime:0.0066s ]
NOTIC: [2] call_user_func() expects parameter 1 to be a valid callback, no array or string given E:\PHPnow\htdocs\ecshop\yzldiywww\yzldiy\ThinkPHP\Library\Think\Upload.class.php 第 170 行.
SQL: INSERT INTO `ecs_useruploadimg_yzldiy` (`uid`,`photoid`,`username`,`datatime`,`thumbImg`,`img`,`midImg`,`bh`,`bw`) VALUES ('255','1461569070060','mmm','2016-04-25','http://127.0.0.1/ecshop/yzldiywww/yzldiy/Uploads/UserPhoto/mmm/2016-04-25/s/s_1461569070060.jpg','http://127.0.0.1/ecshop/yzldiywww/yzldiy/Uploads/UserPhoto/mmm/2016-04-25/1461569070060.jpg','http://127.0.0.1/ecshop/yzldiywww/yzldiy/Uploads/UserPhoto/mmm/2016-04-25/m/m_1461569070060.jpg','768','1024') [ RunTime:0.0004s ]
INFO: [ app_end ] --START--
INFO: Run Behavior\ShowPageTraceBehavior [ RunTime:0.000835s ]
INFO: [ app_end ] --END-- [ RunTime:0.000924s ]

[ 2016-04-25T15:24:50+08:00 ] 127.0.0.1 /ecshop/yzldiywww/yzldiy/yzldiy.php?m=yzldiy&c=Updata&a=upUserPhoto
INFO: [ app_init ] --START--
INFO: Run Behavior\BuildLiteBehavior [ RunTime:0.000014s ]
INFO: Run Common\Behavior\InitHookBehavior [ RunTime:0.002111s ]
INFO: [ app_init ] --END-- [ RunTime:0.002489s ]
NOTIC: [8] Use of undefined constant ’SHOW_PAGE_TRACE’ - assumed '’SHOW_PAGE_TRACE’' E:\PHPnow\htdocs\ecshop\yzldiywww\yzldiy\Application\yzldiy\Conf\config.php 第 4 行.
INFO: [ app_begin ] --START--
INFO: Run Behavior\ReadHtmlCacheBehavior [ RunTime:0.000656s ]
INFO: [ app_begin ] --END-- [ RunTime:0.000712s ]
SQL: SHOW COLUMNS FROM `ecs_useruploadimg_yzldiy` [ RunTime:0.0054s ]
NOTIC: [2] call_user_func() expects parameter 1 to be a valid callback, no array or string given E:\PHPnow\htdocs\ecshop\yzldiywww\yzldiy\ThinkPHP\Library\Think\Upload.class.php 第 170 行.
SQL: INSERT INTO `ecs_useruploadimg_yzldiy` (`uid`,`photoid`,`username`,`datatime`,`thumbImg`,`img`,`midImg`,`bh`,`bw`) VALUES ('255','1461569070050','mmm','2016-04-25','http://127.0.0.1/ecshop/yzldiywww/yzldiy/Uploads/UserPhoto/mmm/2016-04-25/s/s_1461569070050.jpg','http://127.0.0.1/ecshop/yzldiywww/yzldiy/Uploads/UserPhoto/mmm/2016-04-25/1461569070050.jpg','http://127.0.0.1/ecshop/yzldiywww/yzldiy/Uploads/UserPhoto/mmm/2016-04-25/m/m_1461569070050.jpg','768','1024') [ RunTime:0.0004s ]
INFO: [ app_end ] --START--
INFO: Run Behavior\ShowPageTraceBehavior [ RunTime:0.000817s ]
INFO: [ app_end ] --END-- [ RunTime:0.000903s ]

[ 2016-04-25T15:24:52+08:00 ] 127.0.0.1 /ecshop/yzldiywww/yzldiy/yzldiy.php?m=yzldiy&c=Updata&a=upUserPhoto
INFO: [ app_init ] --START--
INFO: Run Behavior\BuildLiteBehavior [ RunTime:0.000015s ]
INFO: Run Common\Behavior\InitHookBehavior [ RunTime:0.001985s ]
INFO: [ app_init ] --END-- [ RunTime:0.002341s ]
NOTIC: [8] Use of undefined constant ’SHOW_PAGE_TRACE’ - assumed '’SHOW_PAGE_TRACE’' E:\PHPnow\htdocs\ecshop\yzldiywww\yzldiy\Application\yzldiy\Conf\config.php 第 4 行.
INFO: [ app_begin ] --START--
INFO: Run Behavior\ReadHtmlCacheBehavior [ RunTime:0.000629s ]
INFO: [ app_begin ] --END-- [ RunTime:0.000681s ]
SQL: SHOW COLUMNS FROM `ecs_useruploadimg_yzldiy` [ RunTime:0.0050s ]
NOTIC: [2] call_user_func() expects parameter 1 to be a valid callback, no array or string given E:\PHPnow\htdocs\ecshop\yzldiywww\yzldiy\ThinkPHP\Library\Think\Upload.class.php 第 170 行.
SQL: INSERT INTO `ecs_useruploadimg_yzldiy` (`uid`,`photoid`,`username`,`datatime`,`thumbImg`,`img`,`midImg`,`bh`,`bw`) VALUES ('255','1461569069768','mmm','2016-04-25','http://127.0.0.1/ecshop/yzldiywww/yzldiy/Uploads/UserPhoto/mmm/2016-04-25/s/s_1461569069768.jpg','http://127.0.0.1/ecshop/yzldiywww/yzldiy/Uploads/UserPhoto/mmm/2016-04-25/1461569069768.jpg','http://127.0.0.1/ecshop/yzldiywww/yzldiy/Uploads/UserPhoto/mmm/2016-04-25/m/m_1461569069768.jpg','768','1024') [ RunTime:0.0004s ]
INFO: [ app_end ] --START--
INFO: Run Behavior\ShowPageTraceBehavior [ RunTime:0.000768s ]
INFO: [ app_end ] --END-- [ RunTime:0.000855s ]

[ 2016-04-25T15:24:54+08:00 ] 127.0.0.1 /ecshop/yzldiywww/yzldiy/yzldiy.php?m=yzldiy&c=Updata&a=upUserPhoto
INFO: [ app_init ] --START--
INFO: Run Behavior\BuildLiteBehavior [ RunTime:0.000016s ]
INFO: Run Common\Behavior\InitHookBehavior [ RunTime:0.002417s ]
INFO: [ app_init ] --END-- [ RunTime:0.002831s ]
NOTIC: [8] Use of undefined constant ’SHOW_PAGE_TRACE’ - assumed '’SHOW_PAGE_TRACE’' E:\PHPnow\htdocs\ecshop\yzldiywww\yzldiy\Application\yzldiy\Conf\config.php 第 4 行.
INFO: [ app_begin ] --START--
INFO: Run Behavior\ReadHtmlCacheBehavior [ RunTime:0.000743s ]
INFO: [ app_begin ] --END-- [ RunTime:0.000806s ]
SQL: SHOW COLUMNS FROM `ecs_useruploadimg_yzldiy` [ RunTime:0.0052s ]
NOTIC: [2] call_user_func() expects parameter 1 to be a valid callback, no array or string given E:\PHPnow\htdocs\ecshop\yzldiywww\yzldiy\ThinkPHP\Library\Think\Upload.class.php 第 170 行.
SQL: INSERT INTO `ecs_useruploadimg_yzldiy` (`uid`,`photoid`,`username`,`datatime`,`thumbImg`,`img`,`midImg`,`bh`,`bw`) VALUES ('255','1461569069751','mmm','2016-04-25','http://127.0.0.1/ecshop/yzldiywww/yzldiy/Uploads/UserPhoto/mmm/2016-04-25/s/s_1461569069751.jpg','http://127.0.0.1/ecshop/yzldiywww/yzldiy/Uploads/UserPhoto/mmm/2016-04-25/1461569069751.jpg','http://127.0.0.1/ecshop/yzldiywww/yzldiy/Uploads/UserPhoto/mmm/2016-04-25/m/m_1461569069751.jpg','768','1024') [ RunTime:0.0011s ]
INFO: [ app_end ] --START--
INFO: Run Behavior\ShowPageTraceBehavior [ RunTime:0.001043s ]
INFO: [ app_end ] --END-- [ RunTime:0.001174s ]

[ 2016-04-25T15:25:35+08:00 ] 127.0.0.1 /ecshop/yzldiywww/yzldiy/yzldiy.php?m=yzldiy&c=Updata&a=upUserPhoto
INFO: [ app_init ] --START--
INFO: Run Behavior\BuildLiteBehavior [ RunTime:0.000017s ]
INFO: Run Common\Behavior\InitHookBehavior [ RunTime:0.002745s ]
INFO: [ app_init ] --END-- [ RunTime:0.003207s ]
NOTIC: [8] Use of undefined constant ’SHOW_PAGE_TRACE’ - assumed '’SHOW_PAGE_TRACE’' E:\PHPnow\htdocs\ecshop\yzldiywww\yzldiy\Application\yzldiy\Conf\config.php 第 4 行.
INFO: [ app_begin ] --START--
INFO: Run Behavior\ReadHtmlCacheBehavior [ RunTime:0.001085s ]
INFO: [ app_begin ] --END-- [ RunTime:0.001186s ]
SQL: SHOW COLUMNS FROM `ecs_useruploadimg_yzldiy` [ RunTime:0.0052s ]
NOTIC: [2] call_user_func() expects parameter 1 to be a valid callback, no array or string given E:\PHPnow\htdocs\ecshop\yzldiywww\yzldiy\ThinkPHP\Library\Think\Upload.class.php 第 170 行.
SQL: INSERT INTO `ecs_useruploadimg_yzldiy` (`uid`,`photoid`,`username`,`datatime`,`thumbImg`,`img`,`midImg`,`bh`,`bw`) VALUES ('255','1461569121383','mmm','2016-04-25','http://127.0.0.1/ecshop/yzldiywww/yzldiy/Uploads/UserPhoto/mmm/2016-04-25/s/s_1461569121383.jpg','http://127.0.0.1/ecshop/yzldiywww/yzldiy/Uploads/UserPhoto/mmm/2016-04-25/1461569121383.jpg','http://127.0.0.1/ecshop/yzldiywww/yzldiy/Uploads/UserPhoto/mmm/2016-04-25/m/m_1461569121383.jpg','768','1024') [ RunTime:0.0004s ]
INFO: [ app_end ] --START--
INFO: Run Behavior\ShowPageTraceBehavior [ RunTime:0.001107s ]
INFO: [ app_end ] --END-- [ RunTime:0.001241s ]

[ 2016-04-25T15:25:46+08:00 ] 127.0.0.1 /ecshop/yzldiywww/yzldiy/yzldiy.php?m=yzldiy&c=font&a=getFontToImg
INFO: [ app_init ] --START--
INFO: Run Behavior\BuildLiteBehavior [ RunTime:0.000024s ]
INFO: Run Common\Behavior\InitHookBehavior [ RunTime:0.003553s ]
INFO: [ app_init ] --END-- [ RunTime:0.004189s ]
NOTIC: [8] Use of undefined constant ’SHOW_PAGE_TRACE’ - assumed '’SHOW_PAGE_TRACE’' E:\PHPnow\htdocs\ecshop\yzldiywww\yzldiy\Application\yzldiy\Conf\config.php 第 4 行.
INFO: [ app_begin ] --START--
INFO: Run Behavior\ReadHtmlCacheBehavior [ RunTime:0.001075s ]
INFO: [ app_begin ] --END-- [ RunTime:0.001184s ]
NOTIC: [2] imagettftext() [<a href='function.imagettftext'>function.imagettftext</a>]: Invalid font filename E:\PHPnow\htdocs\ecshop\yzldiywww\yzldiy\Application\yzldiy\Controller\FontController.class.php 第 53 行.
INFO: [ app_end ] --START--
INFO: Run Behavior\ShowPageTraceBehavior [ RunTime:0.001258s ]
INFO: [ app_end ] --END-- [ RunTime:0.001400s ]

[ 2016-04-25T15:25:46+08:00 ] 127.0.0.1 /ecshop/yzldiywww/yzldiy/yzldiy.php?m=yzldiy&c=font&a=getFontToImg
INFO: [ app_init ] --START--
INFO: Run Behavior\BuildLiteBehavior [ RunTime:0.000022s ]
INFO: Run Common\Behavior\InitHookBehavior [ RunTime:0.003831s ]
INFO: [ app_init ] --END-- [ RunTime:0.004471s ]
NOTIC: [8] Use of undefined constant ’SHOW_PAGE_TRACE’ - assumed '’SHOW_PAGE_TRACE’' E:\PHPnow\htdocs\ecshop\yzldiywww\yzldiy\Application\yzldiy\Conf\config.php 第 4 行.
INFO: [ app_begin ] --START--
INFO: Run Behavior\ReadHtmlCacheBehavior [ RunTime:0.001177s ]
INFO: [ app_begin ] --END-- [ RunTime:0.001365s ]
NOTIC: [2] imagettftext() [<a href='function.imagettftext'>function.imagettftext</a>]: Invalid font filename E:\PHPnow\htdocs\ecshop\yzldiywww\yzldiy\Application\yzldiy\Controller\FontController.class.php 第 53 行.
INFO: [ app_end ] --START--
INFO: Run Behavior\ShowPageTraceBehavior [ RunTime:0.001194s ]
INFO: [ app_end ] --END-- [ RunTime:0.001324s ]

