[ 2016-05-07T01:16:24+08:00 ] 127.0.0.1 /ecshop/yzldiywww/yzldiy/yzldiy.php?m=yzldiy&c=product&a=getProductInfo&pid=58
INFO: [ app_init ] --START--
INFO: Run Behavior\BuildLiteBehavior [ RunTime:0.000020s ]
INFO: Run Common\Behavior\InitHookBehavior [ RunTime:0.038749s ]
INFO: [ app_init ] --END-- [ RunTime:0.046744s ]
NOTIC: [8] Use of undefined constant ’SHOW_PAGE_TRACE’ - assumed '’SHOW_PAGE_TRACE’' D:\wamp\PHPnow\htdocs\ecshop\yzldiywww\yzldiy\Application\yzldiy\Conf\config.php 第 4 行.
INFO: [ app_begin ] --START--
INFO: Run Behavior\ReadHtmlCacheBehavior [ RunTime:0.009268s ]
INFO: [ app_begin ] --END-- [ RunTime:0.009358s ]
SQL: SHOW COLUMNS FROM `ecs_product_yzldiy` [ RunTime:0.0087s ]
SQL: SELECT `tid`,`type`,`pageCount`,`name`,`retailprice`,`preview` FROM `ecs_product_yzldiy` WHERE (  status=1 and pid=58 ) LIMIT 1   [ RunTime:0.0070s ]
INFO: [ app_end ] --START--
INFO: Run Behavior\ShowPageTraceBehavior [ RunTime:0.007024s ]
INFO: [ app_end ] --END-- [ RunTime:0.007102s ]

[ 2016-05-07T01:16:25+08:00 ] 127.0.0.1 /ecshop/yzldiywww/yzldiy/yzldiy.php?m=yzldiy&c=font&a=getFontToImg
INFO: [ app_init ] --START--
INFO: Run Behavior\BuildLiteBehavior [ RunTime:0.000020s ]
INFO: Run Common\Behavior\InitHookBehavior [ RunTime:0.001765s ]
INFO: [ app_init ] --END-- [ RunTime:0.002480s ]
NOTIC: [8] Use of undefined constant ’SHOW_PAGE_TRACE’ - assumed '’SHOW_PAGE_TRACE’' D:\wamp\PHPnow\htdocs\ecshop\yzldiywww\yzldiy\Application\yzldiy\Conf\config.php 第 4 行.
INFO: [ app_begin ] --START--
INFO: Run Behavior\ReadHtmlCacheBehavior [ RunTime:0.000539s ]
INFO: [ app_begin ] --END-- [ RunTime:0.000628s ]
INFO: [ app_end ] --START--
INFO: Run Behavior\ShowPageTraceBehavior [ RunTime:0.000918s ]
INFO: [ app_end ] --END-- [ RunTime:0.001013s ]

[ 2016-05-07T23:29:36+08:00 ] 127.0.0.1 /ecshop/yzldiywww/yzldiy/yzldiy.php?m=yzldiy&c=product&a=getProductInfo&pid=61
INFO: [ app_init ] --START--
INFO: Run Behavior\BuildLiteBehavior [ RunTime:0.000028s ]
INFO: Run Common\Behavior\InitHookBehavior [ RunTime:0.054112s ]
INFO: [ app_init ] --END-- [ RunTime:0.064711s ]
NOTIC: [8] Use of undefined constant ’SHOW_PAGE_TRACE’ - assumed '’SHOW_PAGE_TRACE’' D:\wamp\PHPnow\htdocs\ecshop\yzldiywww\yzldiy\Application\yzldiy\Conf\config.php 第 4 行.
INFO: [ app_begin ] --START--
INFO: Run Behavior\ReadHtmlCacheBehavior [ RunTime:0.010182s ]
INFO: [ app_begin ] --END-- [ RunTime:0.010296s ]
SQL: SHOW COLUMNS FROM `ecs_product_yzldiy` [ RunTime:0.0139s ]
SQL: SELECT `tid`,`type`,`pageCount`,`name`,`retailprice`,`preview` FROM `ecs_product_yzldiy` WHERE (  status=1 and pid=61 ) LIMIT 1   [ RunTime:0.0071s ]
INFO: [ app_end ] --START--
INFO: Run Behavior\ShowPageTraceBehavior [ RunTime:0.008537s ]
INFO: [ app_end ] --END-- [ RunTime:0.008618s ]

[ 2016-05-07T23:30:04+08:00 ] 127.0.0.1 /ecshop/yzldiywww/yzldiy/yzldiy.php?m=yzldiy&c=saveUserProduct&a=saveStart
INFO: [ app_init ] --START--
INFO: Run Behavior\BuildLiteBehavior [ RunTime:0.000022s ]
INFO: Run Common\Behavior\InitHookBehavior [ RunTime:0.003605s ]
INFO: [ app_init ] --END-- [ RunTime:0.004262s ]
NOTIC: [8] Use of undefined constant ’SHOW_PAGE_TRACE’ - assumed '’SHOW_PAGE_TRACE’' D:\wamp\PHPnow\htdocs\ecshop\yzldiywww\yzldiy\Application\yzldiy\Conf\config.php 第 4 行.
INFO: [ app_begin ] --START--
INFO: Run Behavior\ReadHtmlCacheBehavior [ RunTime:0.001019s ]
INFO: [ app_begin ] --END-- [ RunTime:0.001125s ]
SQL: SHOW COLUMNS FROM `ecs_userproduct_yzldiy` [ RunTime:0.0094s ]
SQL: SELECT `id`,`preview` FROM `ecs_userproduct_yzldiy` WHERE ( id=1 ) LIMIT 1   [ RunTime:0.0031s ]
NOTIC: [2] unlink(./Uploads/userProductPreview/00de4163eabe4af780c03154d1cc8413.jpg) [<a href='function.unlink'>function.unlink</a>]: No such file or directory D:\wamp\PHPnow\htdocs\ecshop\yzldiywww\yzldiy\Application\yzldiy\Controller\SaveUserProductController.class.php 第 46 行.
SQL: UPDATE `ecs_userproduct_yzldiy` SET `userId`='73',`pid`='61',`tid`='00001',`type`='1',`preview`='./Uploads/userProductPreview/317c0872c6f9ffdef53f1ceaa4d67572.jpg',`info`='<pages printDpi=\\\"250\\\" version=\\\"1.0\\\" client=\\\"Windows 10;zh-CN;WIN 21,0,0,216;Google Pepper;PlugIn\\\">
  <page width=\\\"4647\\\" height=\\\"3153\\\" preview=\\\"http://st2.yxp.126.net/flash2/images/huace/112/52001/cover.jpg\\\">
    <background timeId=\\\"1269489065282\\\" x=\\\"0.00\\\" y=\\\"0.00\\\" width=\\\"4647.00\\\" height=\\\"3153.00\\\" layer=\\\"2\\\" id=\\\"4229\\\" ext=\\\".jpg\\\" color=\\\"0x0\\\"/>
    <image timeId=\\\"14626349806608755209\\\" x=\\\"2739.00\\\" y=\\\"850.50\\\" width=\\\"1496.00\\\" height=\\\"2244.00\\\" rotation=\\\"1.00\\\" crc32=\\\"0\\\">
      <photoid>1442</photoid>
      <bh>0</bh>
      <bw>0</bw>
      <s>http://7xsxxm.com2.z0.glb.qiniucdn.com/c049ac3e04e14e33bd77c14a518fd312.jpg?ratio=0.67-mobile200</s>
      <m>http://7xsxxm.com2.z0.glb.qiniucdn.com/c049ac3e04e14e33bd77c14a518fd312.jpg?ratio=0.67</m>
      <b>http://7xsxxm.com2.z0.glb.qiniucdn.com/c049ac3e04e14e33bd77c14a518fd312.jpg?ratio=0.67</b>
      <crop>0;641.5;1496;961</crop>
    </image>
    <image timeId=\\\"14626349806638755211\\\" x=\\\"722.00\\\" y=\\\"840.63\\\" width=\\\"981.00\\\" height=\\\"735.75\\\" rotation=\\\"-1.00\\\" crc32=\\\"0\\\">
      <photoid>1443</photoid>
      <bh>0</bh>
      <bw>0</bw>
      <s>http://7xsxxm.com2.z0.glb.qiniucdn.com/ecc43d989abe4f3a8bb94fbeecd2cf56.jpg?ratio=1.33-mobile200</s>
      <m>http://7xsxxm.com2.z0.glb.qiniucdn.com/ecc43d989abe4f3a8bb94fbeecd2cf56.jpg?ratio=1.33</m>
      <b>http://7xsxxm.com2.z0.glb.qiniucdn.com/ecc43d989abe4f3a8bb94fbeecd2cf56.jpg?ratio=1.33</b>
      <crop>0;51.375;981;633</crop>
      <frame id=\\\"10001\\\">
        <cornerLT offsetX=\\\"0\\\" offsetY=\\\"0\\\" pw=\\\"0\\\" ph=\\\"0\\\"/>
        <cornerLB offsetX=\\\"0\\\" offsetY=\\\"0\\\" pw=\\\"0\\\" ph=\\\"0\\\"/>
        <cornerRB offsetX=\\\"0\\\" offsetY=\\\"0\\\" pw=\\\"0\\\" ph=\\\"0\\\"/>
        <cornerRT offsetX=\\\"0\\\" offsetY=\\\"0\\\" pw=\\\"0\\\" ph=\\\"0\\\"/>
      </frame>
    </image>
    <decorator timeId=\\\"1333678786408\\\" x=\\\"2410.00\\\" y=\\\"1269.00\\\" width=\\\"2062.00\\\" height=\\\"1591.00\\\" id=\\\"15992\\\" ext=\\\".png\\\"/>
    <decorator timeId=\\\"1333679932761\\\" x=\\\"690.00\\\" y=\\\"847.00\\\" width=\\\"1082.00\\\" height=\\\"725.00\\\" id=\\\"15991\\\" ext=\\\".png\\\"/>
  </page>
  <page width=\\\"4647\\\" height=\\\"3153\\\" preview=\\\"http://st2.yxp.126.net/flash2/images/huace/112/52001/cover.jpg\\\">
    <background timeId=\\\"1269489065282\\\" x=\\\"0.00\\\" y=\\\"0.00\\\" width=\\\"4647.00\\\" height=\\\"3153.00\\\" layer=\\\"2\\\" id=\\\"4229\\\" ext=\\\".jpg\\\" color=\\\"0x0\\\"/>
    <image timeId=\\\"14626349806678755213\\\" x=\\\"2739.00\\\" y=\\\"1411.50\\\" width=\\\"1496.00\\\" height=\\\"1122.00\\\" rotation=\\\"1.00\\\" crc32=\\\"0\\\">
      <photoid>1444</photoid>
      <bh>0</bh>
      <bw>0</bw>
      <s>http://7xsxxm.com2.z0.glb.qiniucdn.com/733462ce73524450a0e015df9f6a2126.jpg?ratio=1.33-mobile200</s>
      <m>http://7xsxxm.com2.z0.glb.qiniucdn.com/733462ce73524450a0e015df9f6a2126.jpg?ratio=1.33</m>
      <b>http://7xsxxm.com2.z0.glb.qiniucdn.com/733462ce73524450a0e015df9f6a2126.jpg?ratio=1.33</b>
      <crop>0;80.5;1496;961</crop>
    </image>
    <image timeId=\\\"14626349806688755215\\\" x=\\\"722.00\\\" y=\\\"881.50\\\" width=\\\"981.00\\\" height=\\\"654.00\\\" rotation=\\\"-1.00\\\" crc32=\\\"0\\\">
      <photoid>1913</photoid>
      <bh>0</bh>
      <bw>0</bw>
      <s>http://7xsxxm.com2.z0.glb.qiniucdn.com/e787f539a6f94fe7aa99374f4f48c233.jpg?ratio=1.5-mobile200</s>
      <m>http://7xsxxm.com2.z0.glb.qiniucdn.com/e787f539a6f94fe7aa99374f4f48c233.jpg?ratio=1.5</m>
      <b>http://7xsxxm.com2.z0.glb.qiniucdn.com/e787f539a6f94fe7aa99374f4f48c233.jpg?ratio=1.5</b>
      <crop>0;10.5;981;633</crop>
    </image>
    <decorator timeId=\\\"1333678786408\\\" x=\\\"2410.00\\\" y=\\\"1269.00\\\" width=\\\"2062.00\\\" height=\\\"1591.00\\\" id=\\\"15992\\\" ext=\\\".png\\\"/>
    <decorator timeId=\\\"1333679932761\\\" x=\\\"690.00\\\" y=\\\"847.00\\\" width=\\\"1082.00\\\" height=\\\"725.00\\\" id=\\\"15991\\\" ext=\\\".png\\\"/>
  </page>
  <page width=\\\"4647\\\" height=\\\"3153\\\" preview=\\\"http://st2.yxp.126.net/flash2/images/huace/112/52001/cover.jpg\\\">
    <background timeId=\\\"1269489065282\\\" x=\\\"0.00\\\" y=\\\"0.00\\\" width=\\\"4647.00\\\" height=\\\"3153.00\\\" layer=\\\"2\\\" id=\\\"4229\\\" ext=\\\".jpg\\\" color=\\\"0x0\\\"/>
    <image timeId=\\\"14626349806708755217\\\" x=\\\"2739.00\\\" y=\\\"851.30\\\" width=\\\"1496.00\\\" height=\\\"2242.40\\\" rotation=\\\"1.00\\\" crc32=\\\"0\\\">
      <photoid>1914</photoid>
      <bh>0</bh>
      <bw>0</bw>
      <s>http://7xsxxm.com2.z0.glb.qiniucdn.com/94d7653d9d0a474a9baa4effcd6505ad.jpg?ratio=0.67-mobile200</s>
      <m>http://7xsxxm.com2.z0.glb.qiniucdn.com/94d7653d9d0a474a9baa4effcd6505ad.jpg?ratio=0.67</m>
      <b>http://7xsxxm.com2.z0.glb.qiniucdn.com/94d7653d9d0a474a9baa4effcd6505ad.jpg?ratio=0.67</b>
      <crop>0;640.6991434689508;1496;961</crop>
    </image>
    <image timeId=\\\"14626349806718755219\\\" x=\\\"722.00\\\" y=\\\"718.00\\\" width=\\\"981.00\\\" height=\\\"981.00\\\" rotation=\\\"-1.00\\\" crc32=\\\"0\\\">
      <photoid>1916</photoid>
      <bh>0</bh>
      <bw>0</bw>
      <s>http://7xsxxm.com2.z0.glb.qiniucdn.com/e9e74e2e9b3d454181d10666d2bcab74.jpg?ratio=1-mobile200</s>
      <m>http://7xsxxm.com2.z0.glb.qiniucdn.com/e9e74e2e9b3d454181d10666d2bcab74.jpg?ratio=1</m>
      <b>http://7xsxxm.com2.z0.glb.qiniucdn.com/e9e74e2e9b3d454181d10666d2bcab74.jpg?ratio=1</b>
      <crop>0;174;981;633</crop>
    </image>
    <decorator timeId=\\\"1333678786408\\\" x=\\\"2410.00\\\" y=\\\"1269.00\\\" width=\\\"2062.00\\\" height=\\\"1591.00\\\" id=\\\"15992\\\" ext=\\\".png\\\"/>
    <decorator timeId=\\\"1333679932761\\\" x=\\\"690.00\\\" y=\\\"847.00\\\" width=\\\"1082.00\\\" height=\\\"725.00\\\" id=\\\"15991\\\" ext=\\\".png\\\"/>
  </page>
  <page width=\\\"4647\\\" height=\\\"3153\\\" preview=\\\"http://st2.yxp.126.net/flash2/images/huace/112/52001/cover.jpg\\\">
    <background timeId=\\\"1269489065282\\\" x=\\\"0.00\\\" y=\\\"0.00\\\" width=\\\"4647.00\\\" height=\\\"3153.00\\\" layer=\\\"2\\\" id=\\\"4229\\\" ext=\\\".jpg\\\" color=\\\"0x0\\\"/>
    <image timeId=\\\"14626349806728755221\\\" x=\\\"2739.00\\\" y=\\\"1374.10\\\" width=\\\"1496.00\\\" height=\\\"1196.80\\\" rotation=\\\"1.00\\\" crc32=\\\"0\\\">
      <photoid>1919</photoid>
      <bh>0</bh>
      <bw>0</bw>
      <s>http://7xsxxm.com2.z0.glb.qiniucdn.com/9898e7c771374b67a44692a8e9bc88f7.jpg?ratio=1.25-mobile200</s>
      <m>http://7xsxxm.com2.z0.glb.qiniucdn.com/9898e7c771374b67a44692a8e9bc88f7.jpg?ratio=1.25</m>
      <b>http://7xsxxm.com2.z0.glb.qiniucdn.com/9898e7c771374b67a44692a8e9bc88f7.jpg?ratio=1.25</b>
      <crop>0;117.89999999999998;1496;961</crop>
    </image>
    <image timeId=\\\"14626349806738755223\\\" x=\\\"722.00\\\" y=\\\"816.10\\\" width=\\\"981.00\\\" height=\\\"784.80\\\" rotation=\\\"-1.00\\\" crc32=\\\"0\\\">
      <photoid>1928</photoid>
      <bh>0</bh>
      <bw>0</bw>
      <s>http://7xsxxm.com2.z0.glb.qiniucdn.com/8aea80875e9f40c1a312a071fd852c81.jpg?ratio=1.25-mobile200</s>
      <m>http://7xsxxm.com2.z0.glb.qiniucdn.com/8aea80875e9f40c1a312a071fd852c81.jpg?ratio=1.25</m>
      <b>http://7xsxxm.com2.z0.glb.qiniucdn.com/8aea80875e9f40c1a312a071fd852c81.jpg?ratio=1.25</b>
      <crop>0;75.90000000000003;981;633</crop>
    </image>
    <decorator timeId=\\\"1333678786408\\\" x=\\\"2410.00\\\" y=\\\"1269.00\\\" width=\\\"2062.00\\\" height=\\\"1591.00\\\" id=\\\"15992\\\" ext=\\\".png\\\"/>
    <decorator timeId=\\\"1333679932761\\\" x=\\\"690.00\\\" y=\\\"847.00\\\" width=\\\"1082.00\\\" height=\\\"725.00\\\" id=\\\"15991\\\" ext=\\\".png\\\"/>
  </page>
  <page width=\\\"4647\\\" height=\\\"3153\\\" preview=\\\"http://st2.yxp.126.net/flash2/images/huace/112/52001/cover.jpg\\\">
    <background timeId=\\\"1269489065282\\\" x=\\\"0.00\\\" y=\\\"0.00\\\" width=\\\"4647.00\\\" height=\\\"3153.00\\\" layer=\\\"2\\\" id=\\\"4229\\\" ext=\\\".jpg\\\" color=\\\"0x0\\\"/>
    <image timeId=\\\"14626349806758755225\\\" x=\\\"2739.00\\\" y=\\\"1480.48\\\" width=\\\"1496.00\\\" height=\\\"984.04\\\" rotation=\\\"1.00\\\" crc32=\\\"0\\\">
      <photoid>1929</photoid>
      <bh>0</bh>
      <bw>0</bw>
      <s>http://7xsxxm.com2.z0.glb.qiniucdn.com/a60a7deb8215400191c36b109ca56e83.jpg?ratio=1.52-mobile200</s>
      <m>http://7xsxxm.com2.z0.glb.qiniucdn.com/a60a7deb8215400191c36b109ca56e83.jpg?ratio=1.52</m>
      <b>http://7xsxxm.com2.z0.glb.qiniucdn.com/a60a7deb8215400191c36b109ca56e83.jpg?ratio=1.52</b>
      <crop>0;11.51777777777778;1496;961</crop>
    </image>
    <image timeId=\\\"14626349806768755227\\\" x=\\\"722.00\\\" y=\\\"844.98\\\" width=\\\"981.00\\\" height=\\\"727.03\\\" rotation=\\\"-1.00\\\" crc32=\\\"0\\\">
      <photoid>1930</photoid>
      <bh>0</bh>
      <bw>0</bw>
      <s>http://7xsxxm.com2.z0.glb.qiniucdn.com/ff14d0253a9e4b769edabb93489caaf5.jpg?ratio=1.35-mobile200</s>
      <m>http://7xsxxm.com2.z0.glb.qiniucdn.com/ff14d0253a9e4b769edabb93489caaf5.jpg?ratio=1.35</m>
      <b>http://7xsxxm.com2.z0.glb.qiniucdn.com/ff14d0253a9e4b769edabb93489caaf5.jpg?ratio=1.35</b>
      <crop>0;47.01500000000004;981;633</crop>
    </image>
    <decorator timeId=\\\"1333678786408\\\" x=\\\"2410.00\\\" y=\\\"1269.00\\\" width=\\\"2062.00\\\" height=\\\"1591.00\\\" id=\\\"15992\\\" ext=\\\".png\\\"/>
    <decorator timeId=\\\"1333679932761\\\" x=\\\"690.00\\\" y=\\\"847.00\\\" width=\\\"1082.00\\\" height=\\\"725.00\\\" id=\\\"15991\\\" ext=\\\".png\\\"/>
  </page>
  <page width=\\\"4647\\\" height=\\\"3153\\\" preview=\\\"http://st2.yxp.126.net/flash2/images/huace/112/52001/cover.jpg\\\">
    <background timeId=\\\"1269489065282\\\" x=\\\"0.00\\\" y=\\\"0.00\\\" width=\\\"4647.00\\\" height=\\\"3153.00\\\" layer=\\\"2\\\" id=\\\"4229\\\" ext=\\\".jpg\\\" color=\\\"0x0\\\"/>
    <image timeId=\\\"14626349806778755229\\\" x=\\\"2739.00\\\" y=\\\"1374.10\\\" width=\\\"1496.00\\\" height=\\\"1196.80\\\" rotation=\\\"1.00\\\" crc32=\\\"0\\\">
      <photoid>1931</photoid>
      <bh>0</bh>
      <bw>0</bw>
      <s>http://7xsxxm.com2.z0.glb.qiniucdn.com/2489b314d5a647b0b5ac083adc7a373c.jpg?ratio=1.25-mobile200</s>
      <m>http://7xsxxm.com2.z0.glb.qiniucdn.com/2489b314d5a647b0b5ac083adc7a373c.jpg?ratio=1.25</m>
      <b>http://7xsxxm.com2.z0.glb.qiniucdn.com/2489b314d5a647b0b5ac083adc7a373c.jpg?ratio=1.25</b>
      <crop>0;117.89999999999998;1496;961</crop>
    </image>
    <image timeId=\\\"14626349806798755231\\\" x=\\\"722.00\\\" y=\\\"881.50\\\" width=\\\"981.00\\\" height=\\\"654.00\\\" rotation=\\\"-1.00\\\" crc32=\\\"0\\\">
      <photoid>1932</photoid>
      <bh>0</bh>
      <bw>0</bw>
      <s>http://7xsxxm.com2.z0.glb.qiniucdn.com/5029d405bb774cd99dcd02f6607dde9b.jpg?ratio=1.5-mobile200</s>
      <m>http://7xsxxm.com2.z0.glb.qiniucdn.com/5029d405bb774cd99dcd02f6607dde9b.jpg?ratio=1.5</m>
      <b>http://7xsxxm.com2.z0.glb.qiniucdn.com/5029d405bb774cd99dcd02f6607dde9b.jpg?ratio=1.5</b>
      <crop>0;10.5;981;633</crop>
    </image>
    <decorator timeId=\\\"1333678786408\\\" x=\\\"2410.00\\\" y=\\\"1269.00\\\" width=\\\"2062.00\\\" height=\\\"1591.00\\\" id=\\\"15992\\\" ext=\\\".png\\\"/>
    <decorator timeId=\\\"1333679932761\\\" x=\\\"690.00\\\" y=\\\"847.00\\\" width=\\\"1082.00\\\" height=\\\"725.00\\\" id=\\\"15991\\\" ext=\\\".png\\\"/>
  </page>
  <page width=\\\"4647\\\" height=\\\"3153\\\" preview=\\\"http://st2.yxp.126.net/flash2/images/huace/112/52001/cover.jpg\\\">
    <background timeId=\\\"1269489065282\\\" x=\\\"0.00\\\" y=\\\"0.00\\\" width=\\\"4647.00\\\" height=\\\"3153.00\\\" layer=\\\"2\\\" id=\\\"4229\\\" ext=\\\".jpg\\\" color=\\\"0x0\\\"/>
    <image timeId=\\\"14626349806808755233\\\" x=\\\"2739.00\\\" y=\\\"1224.50\\\" width=\\\"1496.00\\\" height=\\\"1496.00\\\" rotation=\\\"1.00\\\" crc32=\\\"0\\\">
      <photoid>1933</photoid>
      <bh>0</bh>
      <bw>0</bw>
      <s>http://7xsxxm.com2.z0.glb.qiniucdn.com/2f476d9b2b0048edbd9229d4a3a33101.jpg?ratio=1-mobile200</s>
      <m>http://7xsxxm.com2.z0.glb.qiniucdn.com/2f476d9b2b0048edbd9229d4a3a33101.jpg?ratio=1</m>
      <b>http://7xsxxm.com2.z0.glb.qiniucdn.com/2f476d9b2b0048edbd9229d4a3a33101.jpg?ratio=1</b>
      <crop>0;267.5;1496;961</crop>
    </image>
    <image timeId=\\\"14626349806818755235\\\" x=\\\"722.00\\\" y=\\\"881.50\\\" width=\\\"981.00\\\" height=\\\"654.00\\\" rotation=\\\"-1.00\\\" crc32=\\\"0\\\">
      <photoid>1934</photoid>
      <bh>0</bh>
      <bw>0</bw>
      <s>http://7xsxxm.com2.z0.glb.qiniucdn.com/2f9870e341134d09a4344554a21ce053.jpg?ratio=1.5-mobile200</s>
      <m>http://7xsxxm.com2.z0.glb.qiniucdn.com/2f9870e341134d09a4344554a21ce053.jpg?ratio=1.5</m>
      <b>http://7xsxxm.com2.z0.glb.qiniucdn.com/2f9870e341134d09a4344554a21ce053.jpg?ratio=1.5</b>
      <crop>0;10.5;981;633</crop>
    </image>
    <decorator timeId=\\\"1333678786408\\\" x=\\\"2410.00\\\" y=\\\"1269.00\\\" width=\\\"2062.00\\\" height=\\\"1591.00\\\" id=\\\"15992\\\" ext=\\\".png\\\"/>
    <decorator timeId=\\\"1333679932761\\\" x=\\\"690.00\\\" y=\\\"847.00\\\" width=\\\"1082.00\\\" height=\\\"725.00\\\" id=\\\"15991\\\" ext=\\\".png\\\"/>
  </page>
  <page width=\\\"4647\\\" height=\\\"3153\\\" preview=\\\"http://st2.yxp.126.net/flash2/images/huace/112/52001/cover.jpg\\\">
    <background timeId=\\\"1269489065282\\\" x=\\\"0.00\\\" y=\\\"0.00\\\" width=\\\"4647.00\\\" height=\\\"3153.00\\\" layer=\\\"2\\\" id=\\\"4229\\\" ext=\\\".jpg\\\" color=\\\"0x0\\\"/>
    <image timeId=\\\"14626349806838755237\\\" x=\\\"2632.36\\\" y=\\\"1492.00\\\" width=\\\"1709.28\\\" height=\\\"961.00\\\" rotation=\\\"1.00\\\" crc32=\\\"0\\\">
      <photoid>2375</photoid>
      <bh>0</bh>
      <bw>0</bw>
      <s>http://7xsxxm.com2.z0.glb.qiniucdn.com/3dc9689416204cafa5fa190c5851bc1b.jpg?ratio=1.78-mobile200</s>
      <m>http://7xsxxm.com2.z0.glb.qiniucdn.com/3dc9689416204cafa5fa190c5851bc1b.jpg?ratio=1.78</m>
      <b>http://7xsxxm.com2.z0.glb.qiniucdn.com/3dc9689416204cafa5fa190c5851bc1b.jpg?ratio=1.78</b>
      <crop>106.63932291666663;0;1496;961</crop>
    </image>
    <image timeId=\\\"14626349806848755239\\\" x=\\\"649.56\\\" y=\\\"892.00\\\" width=\\\"1125.88\\\" height=\\\"633.00\\\" rotation=\\\"-1.00\\\" crc32=\\\"0\\\">
      <photoid>2376</photoid>
      <bh>0</bh>
      <bw>0</bw>
      <s>http://7xsxxm.com2.z0.glb.qiniucdn.com/a790fc906faa4b85bc829bfcb995f4dc.jpg?ratio=1.78-mobile200</s>
      <m>http://7xsxxm.com2.z0.glb.qiniucdn.com/a790fc906faa4b85bc829bfcb995f4dc.jpg?ratio=1.78</m>
      <b>http://7xsxxm.com2.z0.glb.qiniucdn.com/a790fc906faa4b85bc829bfcb995f4dc.jpg?ratio=1.78</b>
      <crop>72.44140625;0;981;633</crop>
    </image>
    <decorator timeId=\\\"1333678786408\\\" x=\\\"2410.00\\\" y=\\\"1269.00\\\" width=\\\"2062.00\\\" height=\\\"1591.00\\\" id=\\\"15992\\\" ext=\\\".png\\\"/>
    <decorator timeId=\\\"1333679932761\\\" x=\\\"690.00\\\" y=\\\"847.00\\\" width=\\\"1082.00\\\" height=\\\"725.00\\\" id=\\\"15991\\\" ext=\\\".png\\\"/>
  </page>
  <page width=\\\"4647\\\" height=\\\"3153\\\" preview=\\\"http://st2.yxp.126.net/flash2/images/huace/112/52001/cover.jpg\\\">
    <background timeId=\\\"1269489065282\\\" x=\\\"0.00\\\" y=\\\"0.00\\\" width=\\\"4647.00\\\" height=\\\"3153.00\\\" layer=\\\"2\\\" id=\\\"4229\\\" ext=\\\".jpg\\\" color=\\\"0x0\\\"/>
    <image timeId=\\\"14626349806858755241\\\" x=\\\"2632.36\\\" y=\\\"1492.00\\\" width=\\\"1709.28\\\" height=\\\"961.00\\\" rotation=\\\"1.00\\\" crc32=\\\"0\\\">
      <photoid>2377</photoid>
      <bh>0</bh>
      <bw>0</bw>
      <s>http://7xsxxm.com2.z0.glb.qiniucdn.com/224b41c121484549b71de0072edf3ad4.jpg?ratio=1.78-mobile200</s>
      <m>http://7xsxxm.com2.z0.glb.qiniucdn.com/224b41c121484549b71de0072edf3ad4.jpg?ratio=1.78</m>
      <b>http://7xsxxm.com2.z0.glb.qiniucdn.com/224b41c121484549b71de0072edf3ad4.jpg?ratio=1.78</b>
      <crop>106.63932291666663;0;1496;961</crop>
    </image>
    <image timeId=\\\"14626349806868755243\\\" x=\\\"649.56\\\" y=\\\"892.00\\\" width=\\\"1125.88\\\" height=\\\"633.00\\\" rotation=\\\"-1.00\\\" crc32=\\\"0\\\">
      <photoid>2378</photoid>
      <bh>0</bh>
      <bw>0</bw>
      <s>http://7xsxxm.com2.z0.glb.qiniucdn.com/be35100ef20e48f084347be853f4967c.jpg?ratio=1.78-mobile200</s>
      <m>http://7xsxxm.com2.z0.glb.qiniucdn.com/be35100ef20e48f084347be853f4967c.jpg?ratio=1.78</m>
      <b>http://7xsxxm.com2.z0.glb.qiniucdn.com/be35100ef20e48f084347be853f4967c.jpg?ratio=1.78</b>
      <crop>72.44140625;0;981;633</crop>
    </image>
    <decorator timeId=\\\"1333678786408\\\" x=\\\"2410.00\\\" y=\\\"1269.00\\\" width=\\\"2062.00\\\" height=\\\"1591.00\\\" id=\\\"15992\\\" ext=\\\".png\\\"/>
    <decorator timeId=\\\"1333679932761\\\" x=\\\"690.00\\\" y=\\\"847.00\\\" width=\\\"1082.00\\\" height=\\\"725.00\\\" id=\\\"15991\\\" ext=\\\".png\\\"/>
  </page>
  <page width=\\\"4647\\\" height=\\\"3153\\\" preview=\\\"http://st2.yxp.126.net/flash2/images/huace/112/52001/cover.jpg\\\">
    <background timeId=\\\"1269489065282\\\" x=\\\"0.00\\\" y=\\\"0.00\\\" width=\\\"4647.00\\\" height=\\\"3153.00\\\" layer=\\\"2\\\" id=\\\"4229\\\" ext=\\\".jpg\\\" color=\\\"0x0\\\"/>
    <image timeId=\\\"14626349806878755245\\\" x=\\\"2632.36\\\" y=\\\"1492.00\\\" width=\\\"1709.28\\\" height=\\\"961.00\\\" rotation=\\\"1.00\\\" crc32=\\\"0\\\">
      <photoid>2379</photoid>
      <bh>0</bh>
      <bw>0</bw>
      <s>http://7xsxxm.com2.z0.glb.qiniucdn.com/d8f1cc2bd4d843079402be7a3cd76fdd.jpg?ratio=1.78-mobile200</s>
      <m>http://7xsxxm.com2.z0.glb.qiniucdn.com/d8f1cc2bd4d843079402be7a3cd76fdd.jpg?ratio=1.78</m>
      <b>http://7xsxxm.com2.z0.glb.qiniucdn.com/d8f1cc2bd4d843079402be7a3cd76fdd.jpg?ratio=1.78</b>
      <crop>106.63932291666663;0;1496;961</crop>
    </image>
    <image timeId=\\\"14626349806888755247\\\" x=\\\"649.56\\\" y=\\\"892.00\\\" width=\\\"1125.88\\\" height=\\\"633.00\\\" rotation=\\\"-1.00\\\" crc32=\\\"0\\\">
      <photoid>2380</photoid>
      <bh>0</bh>
      <bw>0</bw>
      <s>http://7xsxxm.com2.z0.glb.qiniucdn.com/6df59f073c4a46f3bed21c60c5158335.jpg?ratio=1.78-mobile200</s>
      <m>http://7xsxxm.com2.z0.glb.qiniucdn.com/6df59f073c4a46f3bed21c60c5158335.jpg?ratio=1.78</m>
      <b>http://7xsxxm.com2.z0.glb.qiniucdn.com/6df59f073c4a46f3bed21c60c5158335.jpg?ratio=1.78</b>
      <crop>72.44140625;0;981;633</crop>
    </image>
    <decorator timeId=\\\"1333678786408\\\" x=\\\"2410.00\\\" y=\\\"1269.00\\\" width=\\\"2062.00\\\" height=\\\"1591.00\\\" id=\\\"15992\\\" ext=\\\".png\\\"/>
    <decorator timeId=\\\"1333679932761\\\" x=\\\"690.00\\\" y=\\\"847.00\\\" width=\\\"1082.00\\\" height=\\\"725.00\\\" id=\\\"15991\\\" ext=\\\".png\\\"/>
  </page>
</pages>',`name`='纪实文学123',`retailprice`='1000' WHERE ( id=1 ) [ RunTime:0.0008s ]
INFO: [ app_end ] --START--
INFO: Run Behavior\ShowPageTraceBehavior [ RunTime:0.000855s ]
INFO: [ app_end ] --END-- [ RunTime:0.000927s ]

[ 2016-05-07T23:30:05+08:00 ] 127.0.0.1 /ecshop/yzldiywww/yzldiy/yzldiy.php?m=yzldiy&c=saveUserProduct&a=saveListStart
INFO: [ app_init ] --START--
INFO: Run Behavior\BuildLiteBehavior [ RunTime:0.000025s ]
INFO: Run Common\Behavior\InitHookBehavior [ RunTime:0.003828s ]
INFO: [ app_init ] --END-- [ RunTime:0.004695s ]
NOTIC: [8] Use of undefined constant ’SHOW_PAGE_TRACE’ - assumed '’SHOW_PAGE_TRACE’' D:\wamp\PHPnow\htdocs\ecshop\yzldiywww\yzldiy\Application\yzldiy\Conf\config.php 第 4 行.
INFO: [ app_begin ] --START--
INFO: Run Behavior\ReadHtmlCacheBehavior [ RunTime:0.001106s ]
INFO: [ app_begin ] --END-- [ RunTime:0.001231s ]
INFO: [ app_end ] --START--
INFO: Run Behavior\ShowPageTraceBehavior [ RunTime:0.001070s ]
INFO: [ app_end ] --END-- [ RunTime:0.001195s ]

[ 2016-05-07T23:30:05+08:00 ] 127.0.0.1 /ecshop/yzldiywww/yzldiy/yzldiy.php?m=yzldiy&c=saveUserProduct&a=saveListStart
INFO: [ app_init ] --START--
INFO: Run Behavior\BuildLiteBehavior [ RunTime:0.000027s ]
INFO: Run Common\Behavior\InitHookBehavior [ RunTime:0.003430s ]
INFO: [ app_init ] --END-- [ RunTime:0.004122s ]
NOTIC: [8] Use of undefined constant ’SHOW_PAGE_TRACE’ - assumed '’SHOW_PAGE_TRACE’' D:\wamp\PHPnow\htdocs\ecshop\yzldiywww\yzldiy\Application\yzldiy\Conf\config.php 第 4 行.
INFO: [ app_begin ] --START--
INFO: Run Behavior\ReadHtmlCacheBehavior [ RunTime:0.001035s ]
INFO: [ app_begin ] --END-- [ RunTime:0.001164s ]
INFO: [ app_end ] --START--
INFO: Run Behavior\ShowPageTraceBehavior [ RunTime:0.000935s ]
INFO: [ app_end ] --END-- [ RunTime:0.001069s ]

[ 2016-05-07T23:30:05+08:00 ] 127.0.0.1 /ecshop/yzldiywww/yzldiy/yzldiy.php?m=yzldiy&c=saveUserProduct&a=saveListStart
INFO: [ app_init ] --START--
INFO: Run Behavior\BuildLiteBehavior [ RunTime:0.000023s ]
INFO: Run Common\Behavior\InitHookBehavior [ RunTime:0.006764s ]
INFO: [ app_init ] --END-- [ RunTime:0.007531s ]
NOTIC: [8] Use of undefined constant ’SHOW_PAGE_TRACE’ - assumed '’SHOW_PAGE_TRACE’' D:\wamp\PHPnow\htdocs\ecshop\yzldiywww\yzldiy\Application\yzldiy\Conf\config.php 第 4 行.
INFO: [ app_begin ] --START--
INFO: Run Behavior\ReadHtmlCacheBehavior [ RunTime:0.001419s ]
INFO: [ app_begin ] --END-- [ RunTime:0.001614s ]
INFO: [ app_end ] --START--
INFO: Run Behavior\ShowPageTraceBehavior [ RunTime:0.001093s ]
INFO: [ app_end ] --END-- [ RunTime:0.001214s ]

[ 2016-05-07T23:30:05+08:00 ] 127.0.0.1 /ecshop/yzldiywww/yzldiy/yzldiy.php?m=yzldiy&c=saveUserProduct&a=saveListStart
INFO: [ app_init ] --START--
INFO: Run Behavior\BuildLiteBehavior [ RunTime:0.000023s ]
INFO: Run Common\Behavior\InitHookBehavior [ RunTime:0.011807s ]
INFO: [ app_init ] --END-- [ RunTime:0.012498s ]
NOTIC: [8] Use of undefined constant ’SHOW_PAGE_TRACE’ - assumed '’SHOW_PAGE_TRACE’' D:\wamp\PHPnow\htdocs\ecshop\yzldiywww\yzldiy\Application\yzldiy\Conf\config.php 第 4 行.
INFO: [ app_begin ] --START--
INFO: Run Behavior\ReadHtmlCacheBehavior [ RunTime:0.001294s ]
INFO: [ app_begin ] --END-- [ RunTime:0.001415s ]
INFO: [ app_end ] --START--
INFO: Run Behavior\ShowPageTraceBehavior [ RunTime:0.000767s ]
INFO: [ app_end ] --END-- [ RunTime:0.000875s ]

[ 2016-05-07T23:30:05+08:00 ] 127.0.0.1 /ecshop/yzldiywww/yzldiy/yzldiy.php?m=yzldiy&c=saveUserProduct&a=saveListStart
INFO: [ app_init ] --START--
INFO: Run Behavior\BuildLiteBehavior [ RunTime:0.000022s ]
INFO: Run Common\Behavior\InitHookBehavior [ RunTime:0.003470s ]
INFO: [ app_init ] --END-- [ RunTime:0.004155s ]
NOTIC: [8] Use of undefined constant ’SHOW_PAGE_TRACE’ - assumed '’SHOW_PAGE_TRACE’' D:\wamp\PHPnow\htdocs\ecshop\yzldiywww\yzldiy\Application\yzldiy\Conf\config.php 第 4 行.
INFO: [ app_begin ] --START--
INFO: Run Behavior\ReadHtmlCacheBehavior [ RunTime:0.001066s ]
INFO: [ app_begin ] --END-- [ RunTime:0.001207s ]
INFO: [ app_end ] --START--
INFO: Run Behavior\ShowPageTraceBehavior [ RunTime:0.000749s ]
INFO: [ app_end ] --END-- [ RunTime:0.000867s ]

[ 2016-05-07T23:30:05+08:00 ] 127.0.0.1 /ecshop/yzldiywww/yzldiy/yzldiy.php?m=yzldiy&c=saveUserProduct&a=saveListStart
INFO: [ app_init ] --START--
INFO: Run Behavior\BuildLiteBehavior [ RunTime:0.000026s ]
INFO: Run Common\Behavior\InitHookBehavior [ RunTime:0.013334s ]
INFO: [ app_init ] --END-- [ RunTime:0.014761s ]
NOTIC: [8] Use of undefined constant ’SHOW_PAGE_TRACE’ - assumed '’SHOW_PAGE_TRACE’' D:\wamp\PHPnow\htdocs\ecshop\yzldiywww\yzldiy\Application\yzldiy\Conf\config.php 第 4 行.
INFO: [ app_begin ] --START--
INFO: Run Behavior\ReadHtmlCacheBehavior [ RunTime:0.005518s ]
INFO: [ app_begin ] --END-- [ RunTime:0.005701s ]
INFO: [ app_end ] --START--
INFO: Run Behavior\ShowPageTraceBehavior [ RunTime:0.001250s ]
INFO: [ app_end ] --END-- [ RunTime:0.001520s ]

[ 2016-05-07T23:30:05+08:00 ] 127.0.0.1 /ecshop/yzldiywww/yzldiy/yzldiy.php?m=yzldiy&c=saveUserProduct&a=saveListStart
INFO: [ app_init ] --START--
INFO: Run Behavior\BuildLiteBehavior [ RunTime:0.000026s ]
INFO: Run Common\Behavior\InitHookBehavior [ RunTime:0.005223s ]
INFO: [ app_init ] --END-- [ RunTime:0.006316s ]
NOTIC: [8] Use of undefined constant ’SHOW_PAGE_TRACE’ - assumed '’SHOW_PAGE_TRACE’' D:\wamp\PHPnow\htdocs\ecshop\yzldiywww\yzldiy\Application\yzldiy\Conf\config.php 第 4 行.
INFO: [ app_begin ] --START--
INFO: Run Behavior\ReadHtmlCacheBehavior [ RunTime:0.001667s ]
INFO: [ app_begin ] --END-- [ RunTime:0.002071s ]
INFO: [ app_end ] --START--
INFO: Run Behavior\ShowPageTraceBehavior [ RunTime:0.000886s ]
INFO: [ app_end ] --END-- [ RunTime:0.001005s ]

[ 2016-05-07T23:30:06+08:00 ] 127.0.0.1 /ecshop/yzldiywww/yzldiy/yzldiy.php?m=yzldiy&c=saveUserProduct&a=saveListStart
INFO: [ app_init ] --START--
INFO: Run Behavior\BuildLiteBehavior [ RunTime:0.000022s ]
INFO: Run Common\Behavior\InitHookBehavior [ RunTime:0.002102s ]
INFO: [ app_init ] --END-- [ RunTime:0.002596s ]
NOTIC: [8] Use of undefined constant ’SHOW_PAGE_TRACE’ - assumed '’SHOW_PAGE_TRACE’' D:\wamp\PHPnow\htdocs\ecshop\yzldiywww\yzldiy\Application\yzldiy\Conf\config.php 第 4 行.
INFO: [ app_begin ] --START--
INFO: Run Behavior\ReadHtmlCacheBehavior [ RunTime:0.000544s ]
INFO: [ app_begin ] --END-- [ RunTime:0.000614s ]
INFO: [ app_end ] --START--
INFO: Run Behavior\ShowPageTraceBehavior [ RunTime:0.001232s ]
INFO: [ app_end ] --END-- [ RunTime:0.001401s ]

[ 2016-05-07T23:30:06+08:00 ] 127.0.0.1 /ecshop/yzldiywww/yzldiy/yzldiy.php?m=yzldiy&c=saveUserProduct&a=saveListStart
INFO: [ app_init ] --START--
INFO: Run Behavior\BuildLiteBehavior [ RunTime:0.000017s ]
INFO: Run Common\Behavior\InitHookBehavior [ RunTime:0.003253s ]
INFO: [ app_init ] --END-- [ RunTime:0.003866s ]
NOTIC: [8] Use of undefined constant ’SHOW_PAGE_TRACE’ - assumed '’SHOW_PAGE_TRACE’' D:\wamp\PHPnow\htdocs\ecshop\yzldiywww\yzldiy\Application\yzldiy\Conf\config.php 第 4 行.
INFO: [ app_begin ] --START--
INFO: Run Behavior\ReadHtmlCacheBehavior [ RunTime:0.001314s ]
INFO: [ app_begin ] --END-- [ RunTime:0.001461s ]
INFO: [ app_end ] --START--
INFO: Run Behavior\ShowPageTraceBehavior [ RunTime:0.000977s ]
INFO: [ app_end ] --END-- [ RunTime:0.001076s ]

[ 2016-05-07T23:30:06+08:00 ] 127.0.0.1 /ecshop/yzldiywww/yzldiy/yzldiy.php?m=yzldiy&c=saveUserProduct&a=saveListStart
INFO: [ app_init ] --START--
INFO: Run Behavior\BuildLiteBehavior [ RunTime:0.000023s ]
INFO: Run Common\Behavior\InitHookBehavior [ RunTime:0.002517s ]
INFO: [ app_init ] --END-- [ RunTime:0.003205s ]
NOTIC: [8] Use of undefined constant ’SHOW_PAGE_TRACE’ - assumed '’SHOW_PAGE_TRACE’' D:\wamp\PHPnow\htdocs\ecshop\yzldiywww\yzldiy\Application\yzldiy\Conf\config.php 第 4 行.
INFO: [ app_begin ] --START--
INFO: Run Behavior\ReadHtmlCacheBehavior [ RunTime:0.000811s ]
INFO: [ app_begin ] --END-- [ RunTime:0.000940s ]
INFO: [ app_end ] --START--
INFO: Run Behavior\ShowPageTraceBehavior [ RunTime:0.000738s ]
INFO: [ app_end ] --END-- [ RunTime:0.000856s ]

[ 2016-05-07T23:30:07+08:00 ] 127.0.0.1 /ecshop/yzldiywww/yzldiy/yzldiy.php?m=yzldiy&c=saveUserProduct&a=saveStart
INFO: [ app_init ] --START--
INFO: Run Behavior\BuildLiteBehavior [ RunTime:0.000028s ]
INFO: Run Common\Behavior\InitHookBehavior [ RunTime:0.002037s ]
INFO: [ app_init ] --END-- [ RunTime:0.002769s ]
NOTIC: [8] Use of undefined constant ’SHOW_PAGE_TRACE’ - assumed '’SHOW_PAGE_TRACE’' D:\wamp\PHPnow\htdocs\ecshop\yzldiywww\yzldiy\Application\yzldiy\Conf\config.php 第 4 行.
INFO: [ app_begin ] --START--
INFO: Run Behavior\ReadHtmlCacheBehavior [ RunTime:0.000783s ]
INFO: [ app_begin ] --END-- [ RunTime:0.000878s ]
SQL: SHOW COLUMNS FROM `ecs_userproduct_yzldiy` [ RunTime:0.0089s ]
SQL: SELECT `id`,`preview` FROM `ecs_userproduct_yzldiy` WHERE ( id=1 ) LIMIT 1   [ RunTime:0.0065s ]
SQL: UPDATE `ecs_userproduct_yzldiy` SET `userId`='73',`pid`='61',`tid`='00001',`type`='1',`preview`='./Uploads/userProductPreview/bd4b4e525c76d539baecebb13ba70996.jpg',`info`='<pages printDpi=\\\"250\\\" version=\\\"1.0\\\" client=\\\"Windows 10;zh-CN;WIN 21,0,0,216;Google Pepper;PlugIn\\\">
  <page width=\\\"4647\\\" height=\\\"3153\\\" preview=\\\"http://st2.yxp.126.net/flash2/images/huace/112/52001/cover.jpg\\\">
    <background timeId=\\\"1269489065282\\\" x=\\\"0.00\\\" y=\\\"0.00\\\" width=\\\"4647.00\\\" height=\\\"3153.00\\\" layer=\\\"2\\\" id=\\\"4229\\\" ext=\\\".jpg\\\" color=\\\"0x0\\\"/>
    <image timeId=\\\"14626349806608755209\\\" x=\\\"2739.00\\\" y=\\\"850.50\\\" width=\\\"1496.00\\\" height=\\\"2244.00\\\" rotation=\\\"1.00\\\" crc32=\\\"0\\\">
      <photoid>1442</photoid>
      <bh>0</bh>
      <bw>0</bw>
      <s>http://7xsxxm.com2.z0.glb.qiniucdn.com/c049ac3e04e14e33bd77c14a518fd312.jpg?ratio=0.67-mobile200</s>
      <m>http://7xsxxm.com2.z0.glb.qiniucdn.com/c049ac3e04e14e33bd77c14a518fd312.jpg?ratio=0.67</m>
      <b>http://7xsxxm.com2.z0.glb.qiniucdn.com/c049ac3e04e14e33bd77c14a518fd312.jpg?ratio=0.67</b>
      <crop>0;641.5;1496;961</crop>
    </image>
    <image timeId=\\\"14626349806638755211\\\" x=\\\"722.00\\\" y=\\\"840.63\\\" width=\\\"981.00\\\" height=\\\"735.75\\\" rotation=\\\"-1.00\\\" crc32=\\\"0\\\">
      <photoid>1443</photoid>
      <bh>0</bh>
      <bw>0</bw>
      <s>http://7xsxxm.com2.z0.glb.qiniucdn.com/ecc43d989abe4f3a8bb94fbeecd2cf56.jpg?ratio=1.33-mobile200</s>
      <m>http://7xsxxm.com2.z0.glb.qiniucdn.com/ecc43d989abe4f3a8bb94fbeecd2cf56.jpg?ratio=1.33</m>
      <b>http://7xsxxm.com2.z0.glb.qiniucdn.com/ecc43d989abe4f3a8bb94fbeecd2cf56.jpg?ratio=1.33</b>
      <crop>0;51.375;981;633</crop>
      <frame id=\\\"10001\\\">
        <cornerLT offsetX=\\\"0\\\" offsetY=\\\"0\\\" pw=\\\"0\\\" ph=\\\"0\\\"/>
        <cornerLB offsetX=\\\"0\\\" offsetY=\\\"0\\\" pw=\\\"0\\\" ph=\\\"0\\\"/>
        <cornerRB offsetX=\\\"0\\\" offsetY=\\\"0\\\" pw=\\\"0\\\" ph=\\\"0\\\"/>
        <cornerRT offsetX=\\\"0\\\" offsetY=\\\"0\\\" pw=\\\"0\\\" ph=\\\"0\\\"/>
      </frame>
    </image>
    <decorator timeId=\\\"1333678786408\\\" x=\\\"2410.00\\\" y=\\\"1269.00\\\" width=\\\"2062.00\\\" height=\\\"1591.00\\\" id=\\\"15992\\\" ext=\\\".png\\\"/>
    <decorator timeId=\\\"1333679932761\\\" x=\\\"690.00\\\" y=\\\"847.00\\\" width=\\\"1082.00\\\" height=\\\"725.00\\\" id=\\\"15991\\\" ext=\\\".png\\\"/>
  </page>
  <page width=\\\"4647\\\" height=\\\"3153\\\" preview=\\\"http://st2.yxp.126.net/flash2/images/huace/112/52001/cover.jpg\\\">
    <background timeId=\\\"1269489065282\\\" x=\\\"0.00\\\" y=\\\"0.00\\\" width=\\\"4647.00\\\" height=\\\"3153.00\\\" layer=\\\"2\\\" id=\\\"4229\\\" ext=\\\".jpg\\\" color=\\\"0x0\\\"/>
    <image timeId=\\\"14626349806678755213\\\" x=\\\"2739.00\\\" y=\\\"1411.50\\\" width=\\\"1496.00\\\" height=\\\"1122.00\\\" rotation=\\\"1.00\\\" crc32=\\\"0\\\">
      <photoid>1444</photoid>
      <bh>0</bh>
      <bw>0</bw>
      <s>http://7xsxxm.com2.z0.glb.qiniucdn.com/733462ce73524450a0e015df9f6a2126.jpg?ratio=1.33-mobile200</s>
      <m>http://7xsxxm.com2.z0.glb.qiniucdn.com/733462ce73524450a0e015df9f6a2126.jpg?ratio=1.33</m>
      <b>http://7xsxxm.com2.z0.glb.qiniucdn.com/733462ce73524450a0e015df9f6a2126.jpg?ratio=1.33</b>
      <crop>0;80.5;1496;961</crop>
    </image>
    <image timeId=\\\"14626349806688755215\\\" x=\\\"722.00\\\" y=\\\"881.50\\\" width=\\\"981.00\\\" height=\\\"654.00\\\" rotation=\\\"-1.00\\\" crc32=\\\"0\\\">
      <photoid>1913</photoid>
      <bh>0</bh>
      <bw>0</bw>
      <s>http://7xsxxm.com2.z0.glb.qiniucdn.com/e787f539a6f94fe7aa99374f4f48c233.jpg?ratio=1.5-mobile200</s>
      <m>http://7xsxxm.com2.z0.glb.qiniucdn.com/e787f539a6f94fe7aa99374f4f48c233.jpg?ratio=1.5</m>
      <b>http://7xsxxm.com2.z0.glb.qiniucdn.com/e787f539a6f94fe7aa99374f4f48c233.jpg?ratio=1.5</b>
      <crop>0;10.5;981;633</crop>
    </image>
    <decorator timeId=\\\"1333678786408\\\" x=\\\"2410.00\\\" y=\\\"1269.00\\\" width=\\\"2062.00\\\" height=\\\"1591.00\\\" id=\\\"15992\\\" ext=\\\".png\\\"/>
    <decorator timeId=\\\"1333679932761\\\" x=\\\"690.00\\\" y=\\\"847.00\\\" width=\\\"1082.00\\\" height=\\\"725.00\\\" id=\\\"15991\\\" ext=\\\".png\\\"/>
  </page>
  <page width=\\\"4647\\\" height=\\\"3153\\\" preview=\\\"http://st2.yxp.126.net/flash2/images/huace/112/52001/cover.jpg\\\">
    <background timeId=\\\"1269489065282\\\" x=\\\"0.00\\\" y=\\\"0.00\\\" width=\\\"4647.00\\\" height=\\\"3153.00\\\" layer=\\\"2\\\" id=\\\"4229\\\" ext=\\\".jpg\\\" color=\\\"0x0\\\"/>
    <image timeId=\\\"14626349806708755217\\\" x=\\\"2739.00\\\" y=\\\"851.30\\\" width=\\\"1496.00\\\" height=\\\"2242.40\\\" rotation=\\\"1.00\\\" crc32=\\\"0\\\">
      <photoid>1914</photoid>
      <bh>0</bh>
      <bw>0</bw>
      <s>http://7xsxxm.com2.z0.glb.qiniucdn.com/94d7653d9d0a474a9baa4effcd6505ad.jpg?ratio=0.67-mobile200</s>
      <m>http://7xsxxm.com2.z0.glb.qiniucdn.com/94d7653d9d0a474a9baa4effcd6505ad.jpg?ratio=0.67</m>
      <b>http://7xsxxm.com2.z0.glb.qiniucdn.com/94d7653d9d0a474a9baa4effcd6505ad.jpg?ratio=0.67</b>
      <crop>0;640.6991434689508;1496;961</crop>
    </image>
    <image timeId=\\\"14626349806718755219\\\" x=\\\"722.00\\\" y=\\\"718.00\\\" width=\\\"981.00\\\" height=\\\"981.00\\\" rotation=\\\"-1.00\\\" crc32=\\\"0\\\">
      <photoid>1916</photoid>
      <bh>0</bh>
      <bw>0</bw>
      <s>http://7xsxxm.com2.z0.glb.qiniucdn.com/e9e74e2e9b3d454181d10666d2bcab74.jpg?ratio=1-mobile200</s>
      <m>http://7xsxxm.com2.z0.glb.qiniucdn.com/e9e74e2e9b3d454181d10666d2bcab74.jpg?ratio=1</m>
      <b>http://7xsxxm.com2.z0.glb.qiniucdn.com/e9e74e2e9b3d454181d10666d2bcab74.jpg?ratio=1</b>
      <crop>0;174;981;633</crop>
    </image>
    <decorator timeId=\\\"1333678786408\\\" x=\\\"2410.00\\\" y=\\\"1269.00\\\" width=\\\"2062.00\\\" height=\\\"1591.00\\\" id=\\\"15992\\\" ext=\\\".png\\\"/>
    <decorator timeId=\\\"1333679932761\\\" x=\\\"690.00\\\" y=\\\"847.00\\\" width=\\\"1082.00\\\" height=\\\"725.00\\\" id=\\\"15991\\\" ext=\\\".png\\\"/>
  </page>
  <page width=\\\"4647\\\" height=\\\"3153\\\" preview=\\\"http://st2.yxp.126.net/flash2/images/huace/112/52001/cover.jpg\\\">
    <background timeId=\\\"1269489065282\\\" x=\\\"0.00\\\" y=\\\"0.00\\\" width=\\\"4647.00\\\" height=\\\"3153.00\\\" layer=\\\"2\\\" id=\\\"4229\\\" ext=\\\".jpg\\\" color=\\\"0x0\\\"/>
    <image timeId=\\\"14626349806728755221\\\" x=\\\"2739.00\\\" y=\\\"1374.10\\\" width=\\\"1496.00\\\" height=\\\"1196.80\\\" rotation=\\\"1.00\\\" crc32=\\\"0\\\">
      <photoid>1919</photoid>
      <bh>0</bh>
      <bw>0</bw>
      <s>http://7xsxxm.com2.z0.glb.qiniucdn.com/9898e7c771374b67a44692a8e9bc88f7.jpg?ratio=1.25-mobile200</s>
      <m>http://7xsxxm.com2.z0.glb.qiniucdn.com/9898e7c771374b67a44692a8e9bc88f7.jpg?ratio=1.25</m>
      <b>http://7xsxxm.com2.z0.glb.qiniucdn.com/9898e7c771374b67a44692a8e9bc88f7.jpg?ratio=1.25</b>
      <crop>0;117.89999999999998;1496;961</crop>
    </image>
    <image timeId=\\\"14626349806738755223\\\" x=\\\"722.00\\\" y=\\\"816.10\\\" width=\\\"981.00\\\" height=\\\"784.80\\\" rotation=\\\"-1.00\\\" crc32=\\\"0\\\">
      <photoid>1928</photoid>
      <bh>0</bh>
      <bw>0</bw>
      <s>http://7xsxxm.com2.z0.glb.qiniucdn.com/8aea80875e9f40c1a312a071fd852c81.jpg?ratio=1.25-mobile200</s>
      <m>http://7xsxxm.com2.z0.glb.qiniucdn.com/8aea80875e9f40c1a312a071fd852c81.jpg?ratio=1.25</m>
      <b>http://7xsxxm.com2.z0.glb.qiniucdn.com/8aea80875e9f40c1a312a071fd852c81.jpg?ratio=1.25</b>
      <crop>0;75.90000000000003;981;633</crop>
    </image>
    <decorator timeId=\\\"1333678786408\\\" x=\\\"2410.00\\\" y=\\\"1269.00\\\" width=\\\"2062.00\\\" height=\\\"1591.00\\\" id=\\\"15992\\\" ext=\\\".png\\\"/>
    <decorator timeId=\\\"1333679932761\\\" x=\\\"690.00\\\" y=\\\"847.00\\\" width=\\\"1082.00\\\" height=\\\"725.00\\\" id=\\\"15991\\\" ext=\\\".png\\\"/>
  </page>
  <page width=\\\"4647\\\" height=\\\"3153\\\" preview=\\\"http://st2.yxp.126.net/flash2/images/huace/112/52001/cover.jpg\\\">
    <background timeId=\\\"1269489065282\\\" x=\\\"0.00\\\" y=\\\"0.00\\\" width=\\\"4647.00\\\" height=\\\"3153.00\\\" layer=\\\"2\\\" id=\\\"4229\\\" ext=\\\".jpg\\\" color=\\\"0x0\\\"/>
    <image timeId=\\\"14626349806758755225\\\" x=\\\"2739.00\\\" y=\\\"1480.48\\\" width=\\\"1496.00\\\" height=\\\"984.04\\\" rotation=\\\"1.00\\\" crc32=\\\"0\\\">
      <photoid>1929</photoid>
      <bh>0</bh>
      <bw>0</bw>
      <s>http://7xsxxm.com2.z0.glb.qiniucdn.com/a60a7deb8215400191c36b109ca56e83.jpg?ratio=1.52-mobile200</s>
      <m>http://7xsxxm.com2.z0.glb.qiniucdn.com/a60a7deb8215400191c36b109ca56e83.jpg?ratio=1.52</m>
      <b>http://7xsxxm.com2.z0.glb.qiniucdn.com/a60a7deb8215400191c36b109ca56e83.jpg?ratio=1.52</b>
      <crop>0;11.51777777777778;1496;961</crop>
    </image>
    <image timeId=\\\"14626349806768755227\\\" x=\\\"722.00\\\" y=\\\"844.98\\\" width=\\\"981.00\\\" height=\\\"727.03\\\" rotation=\\\"-1.00\\\" crc32=\\\"0\\\">
      <photoid>1930</photoid>
      <bh>0</bh>
      <bw>0</bw>
      <s>http://7xsxxm.com2.z0.glb.qiniucdn.com/ff14d0253a9e4b769edabb93489caaf5.jpg?ratio=1.35-mobile200</s>
      <m>http://7xsxxm.com2.z0.glb.qiniucdn.com/ff14d0253a9e4b769edabb93489caaf5.jpg?ratio=1.35</m>
      <b>http://7xsxxm.com2.z0.glb.qiniucdn.com/ff14d0253a9e4b769edabb93489caaf5.jpg?ratio=1.35</b>
      <crop>0;47.01500000000004;981;633</crop>
    </image>
    <decorator timeId=\\\"1333678786408\\\" x=\\\"2410.00\\\" y=\\\"1269.00\\\" width=\\\"2062.00\\\" height=\\\"1591.00\\\" id=\\\"15992\\\" ext=\\\".png\\\"/>
    <decorator timeId=\\\"1333679932761\\\" x=\\\"690.00\\\" y=\\\"847.00\\\" width=\\\"1082.00\\\" height=\\\"725.00\\\" id=\\\"15991\\\" ext=\\\".png\\\"/>
  </page>
  <page width=\\\"4647\\\" height=\\\"3153\\\" preview=\\\"http://st2.yxp.126.net/flash2/images/huace/112/52001/cover.jpg\\\">
    <background timeId=\\\"1269489065282\\\" x=\\\"0.00\\\" y=\\\"0.00\\\" width=\\\"4647.00\\\" height=\\\"3153.00\\\" layer=\\\"2\\\" id=\\\"4229\\\" ext=\\\".jpg\\\" color=\\\"0x0\\\"/>
    <image timeId=\\\"14626349806778755229\\\" x=\\\"2739.00\\\" y=\\\"1374.10\\\" width=\\\"1496.00\\\" height=\\\"1196.80\\\" rotation=\\\"1.00\\\" crc32=\\\"0\\\">
      <photoid>1931</photoid>
      <bh>0</bh>
      <bw>0</bw>
      <s>http://7xsxxm.com2.z0.glb.qiniucdn.com/2489b314d5a647b0b5ac083adc7a373c.jpg?ratio=1.25-mobile200</s>
      <m>http://7xsxxm.com2.z0.glb.qiniucdn.com/2489b314d5a647b0b5ac083adc7a373c.jpg?ratio=1.25</m>
      <b>http://7xsxxm.com2.z0.glb.qiniucdn.com/2489b314d5a647b0b5ac083adc7a373c.jpg?ratio=1.25</b>
      <crop>0;117.89999999999998;1496;961</crop>
    </image>
    <image timeId=\\\"14626349806798755231\\\" x=\\\"722.00\\\" y=\\\"881.50\\\" width=\\\"981.00\\\" height=\\\"654.00\\\" rotation=\\\"-1.00\\\" crc32=\\\"0\\\">
      <photoid>1932</photoid>
      <bh>0</bh>
      <bw>0</bw>
      <s>http://7xsxxm.com2.z0.glb.qiniucdn.com/5029d405bb774cd99dcd02f6607dde9b.jpg?ratio=1.5-mobile200</s>
      <m>http://7xsxxm.com2.z0.glb.qiniucdn.com/5029d405bb774cd99dcd02f6607dde9b.jpg?ratio=1.5</m>
      <b>http://7xsxxm.com2.z0.glb.qiniucdn.com/5029d405bb774cd99dcd02f6607dde9b.jpg?ratio=1.5</b>
      <crop>0;10.5;981;633</crop>
    </image>
    <decorator timeId=\\\"1333678786408\\\" x=\\\"2410.00\\\" y=\\\"1269.00\\\" width=\\\"2062.00\\\" height=\\\"1591.00\\\" id=\\\"15992\\\" ext=\\\".png\\\"/>
    <decorator timeId=\\\"1333679932761\\\" x=\\\"690.00\\\" y=\\\"847.00\\\" width=\\\"1082.00\\\" height=\\\"725.00\\\" id=\\\"15991\\\" ext=\\\".png\\\"/>
  </page>
  <page width=\\\"4647\\\" height=\\\"3153\\\" preview=\\\"http://st2.yxp.126.net/flash2/images/huace/112/52001/cover.jpg\\\">
    <background timeId=\\\"1269489065282\\\" x=\\\"0.00\\\" y=\\\"0.00\\\" width=\\\"4647.00\\\" height=\\\"3153.00\\\" layer=\\\"2\\\" id=\\\"4229\\\" ext=\\\".jpg\\\" color=\\\"0x0\\\"/>
    <image timeId=\\\"14626349806808755233\\\" x=\\\"2739.00\\\" y=\\\"1224.50\\\" width=\\\"1496.00\\\" height=\\\"1496.00\\\" rotation=\\\"1.00\\\" crc32=\\\"0\\\">
      <photoid>1933</photoid>
      <bh>0</bh>
      <bw>0</bw>
      <s>http://7xsxxm.com2.z0.glb.qiniucdn.com/2f476d9b2b0048edbd9229d4a3a33101.jpg?ratio=1-mobile200</s>
      <m>http://7xsxxm.com2.z0.glb.qiniucdn.com/2f476d9b2b0048edbd9229d4a3a33101.jpg?ratio=1</m>
      <b>http://7xsxxm.com2.z0.glb.qiniucdn.com/2f476d9b2b0048edbd9229d4a3a33101.jpg?ratio=1</b>
      <crop>0;267.5;1496;961</crop>
    </image>
    <image timeId=\\\"14626349806818755235\\\" x=\\\"722.00\\\" y=\\\"881.50\\\" width=\\\"981.00\\\" height=\\\"654.00\\\" rotation=\\\"-1.00\\\" crc32=\\\"0\\\">
      <photoid>1934</photoid>
      <bh>0</bh>
      <bw>0</bw>
      <s>http://7xsxxm.com2.z0.glb.qiniucdn.com/2f9870e341134d09a4344554a21ce053.jpg?ratio=1.5-mobile200</s>
      <m>http://7xsxxm.com2.z0.glb.qiniucdn.com/2f9870e341134d09a4344554a21ce053.jpg?ratio=1.5</m>
      <b>http://7xsxxm.com2.z0.glb.qiniucdn.com/2f9870e341134d09a4344554a21ce053.jpg?ratio=1.5</b>
      <crop>0;10.5;981;633</crop>
    </image>
    <decorator timeId=\\\"1333678786408\\\" x=\\\"2410.00\\\" y=\\\"1269.00\\\" width=\\\"2062.00\\\" height=\\\"1591.00\\\" id=\\\"15992\\\" ext=\\\".png\\\"/>
    <decorator timeId=\\\"1333679932761\\\" x=\\\"690.00\\\" y=\\\"847.00\\\" width=\\\"1082.00\\\" height=\\\"725.00\\\" id=\\\"15991\\\" ext=\\\".png\\\"/>
  </page>
  <page width=\\\"4647\\\" height=\\\"3153\\\" preview=\\\"http://st2.yxp.126.net/flash2/images/huace/112/52001/cover.jpg\\\">
    <background timeId=\\\"1269489065282\\\" x=\\\"0.00\\\" y=\\\"0.00\\\" width=\\\"4647.00\\\" height=\\\"3153.00\\\" layer=\\\"2\\\" id=\\\"4229\\\" ext=\\\".jpg\\\" color=\\\"0x0\\\"/>
    <image timeId=\\\"14626349806838755237\\\" x=\\\"2632.36\\\" y=\\\"1492.00\\\" width=\\\"1709.28\\\" height=\\\"961.00\\\" rotation=\\\"1.00\\\" crc32=\\\"0\\\">
      <photoid>2375</photoid>
      <bh>0</bh>
      <bw>0</bw>
      <s>http://7xsxxm.com2.z0.glb.qiniucdn.com/3dc9689416204cafa5fa190c5851bc1b.jpg?ratio=1.78-mobile200</s>
      <m>http://7xsxxm.com2.z0.glb.qiniucdn.com/3dc9689416204cafa5fa190c5851bc1b.jpg?ratio=1.78</m>
      <b>http://7xsxxm.com2.z0.glb.qiniucdn.com/3dc9689416204cafa5fa190c5851bc1b.jpg?ratio=1.78</b>
      <crop>106.63932291666663;0;1496;961</crop>
    </image>
    <image timeId=\\\"14626349806848755239\\\" x=\\\"649.56\\\" y=\\\"892.00\\\" width=\\\"1125.88\\\" height=\\\"633.00\\\" rotation=\\\"-1.00\\\" crc32=\\\"0\\\">
      <photoid>2376</photoid>
      <bh>0</bh>
      <bw>0</bw>
      <s>http://7xsxxm.com2.z0.glb.qiniucdn.com/a790fc906faa4b85bc829bfcb995f4dc.jpg?ratio=1.78-mobile200</s>
      <m>http://7xsxxm.com2.z0.glb.qiniucdn.com/a790fc906faa4b85bc829bfcb995f4dc.jpg?ratio=1.78</m>
      <b>http://7xsxxm.com2.z0.glb.qiniucdn.com/a790fc906faa4b85bc829bfcb995f4dc.jpg?ratio=1.78</b>
      <crop>72.44140625;0;981;633</crop>
    </image>
    <decorator timeId=\\\"1333678786408\\\" x=\\\"2410.00\\\" y=\\\"1269.00\\\" width=\\\"2062.00\\\" height=\\\"1591.00\\\" id=\\\"15992\\\" ext=\\\".png\\\"/>
    <decorator timeId=\\\"1333679932761\\\" x=\\\"690.00\\\" y=\\\"847.00\\\" width=\\\"1082.00\\\" height=\\\"725.00\\\" id=\\\"15991\\\" ext=\\\".png\\\"/>
  </page>
  <page width=\\\"4647\\\" height=\\\"3153\\\" preview=\\\"http://st2.yxp.126.net/flash2/images/huace/112/52001/cover.jpg\\\">
    <background timeId=\\\"1269489065282\\\" x=\\\"0.00\\\" y=\\\"0.00\\\" width=\\\"4647.00\\\" height=\\\"3153.00\\\" layer=\\\"2\\\" id=\\\"4229\\\" ext=\\\".jpg\\\" color=\\\"0x0\\\"/>
    <image timeId=\\\"14626349806858755241\\\" x=\\\"2632.36\\\" y=\\\"1492.00\\\" width=\\\"1709.28\\\" height=\\\"961.00\\\" rotation=\\\"1.00\\\" crc32=\\\"0\\\">
      <photoid>2377</photoid>
      <bh>0</bh>
      <bw>0</bw>
      <s>http://7xsxxm.com2.z0.glb.qiniucdn.com/224b41c121484549b71de0072edf3ad4.jpg?ratio=1.78-mobile200</s>
      <m>http://7xsxxm.com2.z0.glb.qiniucdn.com/224b41c121484549b71de0072edf3ad4.jpg?ratio=1.78</m>
      <b>http://7xsxxm.com2.z0.glb.qiniucdn.com/224b41c121484549b71de0072edf3ad4.jpg?ratio=1.78</b>
      <crop>106.63932291666663;0;1496;961</crop>
    </image>
    <image timeId=\\\"14626349806868755243\\\" x=\\\"649.56\\\" y=\\\"892.00\\\" width=\\\"1125.88\\\" height=\\\"633.00\\\" rotation=\\\"-1.00\\\" crc32=\\\"0\\\">
      <photoid>2378</photoid>
      <bh>0</bh>
      <bw>0</bw>
      <s>http://7xsxxm.com2.z0.glb.qiniucdn.com/be35100ef20e48f084347be853f4967c.jpg?ratio=1.78-mobile200</s>
      <m>http://7xsxxm.com2.z0.glb.qiniucdn.com/be35100ef20e48f084347be853f4967c.jpg?ratio=1.78</m>
      <b>http://7xsxxm.com2.z0.glb.qiniucdn.com/be35100ef20e48f084347be853f4967c.jpg?ratio=1.78</b>
      <crop>72.44140625;0;981;633</crop>
    </image>
    <decorator timeId=\\\"1333678786408\\\" x=\\\"2410.00\\\" y=\\\"1269.00\\\" width=\\\"2062.00\\\" height=\\\"1591.00\\\" id=\\\"15992\\\" ext=\\\".png\\\"/>
    <decorator timeId=\\\"1333679932761\\\" x=\\\"690.00\\\" y=\\\"847.00\\\" width=\\\"1082.00\\\" height=\\\"725.00\\\" id=\\\"15991\\\" ext=\\\".png\\\"/>
  </page>
  <page width=\\\"4647\\\" height=\\\"3153\\\" preview=\\\"http://st2.yxp.126.net/flash2/images/huace/112/52001/cover.jpg\\\">
    <background timeId=\\\"1269489065282\\\" x=\\\"0.00\\\" y=\\\"0.00\\\" width=\\\"4647.00\\\" height=\\\"3153.00\\\" layer=\\\"2\\\" id=\\\"4229\\\" ext=\\\".jpg\\\" color=\\\"0x0\\\"/>
    <image timeId=\\\"14626349806878755245\\\" x=\\\"2632.36\\\" y=\\\"1492.00\\\" width=\\\"1709.28\\\" height=\\\"961.00\\\" rotation=\\\"1.00\\\" crc32=\\\"0\\\">
      <photoid>2379</photoid>
      <bh>0</bh>
      <bw>0</bw>
      <s>http://7xsxxm.com2.z0.glb.qiniucdn.com/d8f1cc2bd4d843079402be7a3cd76fdd.jpg?ratio=1.78-mobile200</s>
      <m>http://7xsxxm.com2.z0.glb.qiniucdn.com/d8f1cc2bd4d843079402be7a3cd76fdd.jpg?ratio=1.78</m>
      <b>http://7xsxxm.com2.z0.glb.qiniucdn.com/d8f1cc2bd4d843079402be7a3cd76fdd.jpg?ratio=1.78</b>
      <crop>106.63932291666663;0;1496;961</crop>
    </image>
    <image timeId=\\\"14626349806888755247\\\" x=\\\"649.56\\\" y=\\\"892.00\\\" width=\\\"1125.88\\\" height=\\\"633.00\\\" rotation=\\\"-1.00\\\" crc32=\\\"0\\\">
      <photoid>2380</photoid>
      <bh>0</bh>
      <bw>0</bw>
      <s>http://7xsxxm.com2.z0.glb.qiniucdn.com/6df59f073c4a46f3bed21c60c5158335.jpg?ratio=1.78-mobile200</s>
      <m>http://7xsxxm.com2.z0.glb.qiniucdn.com/6df59f073c4a46f3bed21c60c5158335.jpg?ratio=1.78</m>
      <b>http://7xsxxm.com2.z0.glb.qiniucdn.com/6df59f073c4a46f3bed21c60c5158335.jpg?ratio=1.78</b>
      <crop>72.44140625;0;981;633</crop>
    </image>
    <decorator timeId=\\\"1333678786408\\\" x=\\\"2410.00\\\" y=\\\"1269.00\\\" width=\\\"2062.00\\\" height=\\\"1591.00\\\" id=\\\"15992\\\" ext=\\\".png\\\"/>
    <decorator timeId=\\\"1333679932761\\\" x=\\\"690.00\\\" y=\\\"847.00\\\" width=\\\"1082.00\\\" height=\\\"725.00\\\" id=\\\"15991\\\" ext=\\\".png\\\"/>
  </page>
</pages>',`name`='纪实文学123',`retailprice`='1000' WHERE ( id=1 ) [ RunTime:0.0007s ]
INFO: [ app_end ] --START--
INFO: Run Behavior\ShowPageTraceBehavior [ RunTime:0.001267s ]
INFO: [ app_end ] --END-- [ RunTime:0.001345s ]

[ 2016-05-07T23:30:07+08:00 ] 127.0.0.1 /ecshop/yzldiywww/yzldiy/yzldiy.php?m=yzldiy&c=saveUserProduct&a=saveListStart
INFO: [ app_init ] --START--
INFO: Run Behavior\BuildLiteBehavior [ RunTime:0.000026s ]
INFO: Run Common\Behavior\InitHookBehavior [ RunTime:0.003899s ]
INFO: [ app_init ] --END-- [ RunTime:0.004601s ]
NOTIC: [8] Use of undefined constant ’SHOW_PAGE_TRACE’ - assumed '’SHOW_PAGE_TRACE’' D:\wamp\PHPnow\htdocs\ecshop\yzldiywww\yzldiy\Application\yzldiy\Conf\config.php 第 4 行.
INFO: [ app_begin ] --START--
INFO: Run Behavior\ReadHtmlCacheBehavior [ RunTime:0.001264s ]
INFO: [ app_begin ] --END-- [ RunTime:0.001436s ]
INFO: [ app_end ] --START--
INFO: Run Behavior\ShowPageTraceBehavior [ RunTime:0.001156s ]
INFO: [ app_end ] --END-- [ RunTime:0.001291s ]

[ 2016-05-07T23:30:07+08:00 ] 127.0.0.1 /ecshop/yzldiywww/yzldiy/yzldiy.php?m=yzldiy&c=saveUserProduct&a=saveListStart
INFO: [ app_init ] --START--
INFO: Run Behavior\BuildLiteBehavior [ RunTime:0.000023s ]
INFO: Run Common\Behavior\InitHookBehavior [ RunTime:0.002792s ]
INFO: [ app_init ] --END-- [ RunTime:0.003441s ]
NOTIC: [8] Use of undefined constant ’SHOW_PAGE_TRACE’ - assumed '’SHOW_PAGE_TRACE’' D:\wamp\PHPnow\htdocs\ecshop\yzldiywww\yzldiy\Application\yzldiy\Conf\config.php 第 4 行.
INFO: [ app_begin ] --START--
INFO: Run Behavior\ReadHtmlCacheBehavior [ RunTime:0.000784s ]
INFO: [ app_begin ] --END-- [ RunTime:0.000904s ]
INFO: [ app_end ] --START--
INFO: Run Behavior\ShowPageTraceBehavior [ RunTime:0.002249s ]
INFO: [ app_end ] --END-- [ RunTime:0.002500s ]

[ 2016-05-07T23:30:08+08:00 ] 127.0.0.1 /ecshop/yzldiywww/yzldiy/yzldiy.php?m=yzldiy&c=saveUserProduct&a=saveListStart
INFO: [ app_init ] --START--
INFO: Run Behavior\BuildLiteBehavior [ RunTime:0.000027s ]
INFO: Run Common\Behavior\InitHookBehavior [ RunTime:0.003921s ]
INFO: [ app_init ] --END-- [ RunTime:0.004675s ]
NOTIC: [8] Use of undefined constant ’SHOW_PAGE_TRACE’ - assumed '’SHOW_PAGE_TRACE’' D:\wamp\PHPnow\htdocs\ecshop\yzldiywww\yzldiy\Application\yzldiy\Conf\config.php 第 4 行.
INFO: [ app_begin ] --START--
INFO: Run Behavior\ReadHtmlCacheBehavior [ RunTime:0.001106s ]
INFO: [ app_begin ] --END-- [ RunTime:0.001256s ]
INFO: [ app_end ] --START--
INFO: Run Behavior\ShowPageTraceBehavior [ RunTime:0.002772s ]
INFO: [ app_end ] --END-- [ RunTime:0.003023s ]

[ 2016-05-07T23:30:08+08:00 ] 127.0.0.1 /ecshop/yzldiywww/yzldiy/yzldiy.php?m=yzldiy&c=saveUserProduct&a=saveListStart
INFO: [ app_init ] --START--
INFO: Run Behavior\BuildLiteBehavior [ RunTime:0.000022s ]
INFO: Run Common\Behavior\InitHookBehavior [ RunTime:0.003712s ]
INFO: [ app_init ] --END-- [ RunTime:0.004499s ]
NOTIC: [8] Use of undefined constant ’SHOW_PAGE_TRACE’ - assumed '’SHOW_PAGE_TRACE’' D:\wamp\PHPnow\htdocs\ecshop\yzldiywww\yzldiy\Application\yzldiy\Conf\config.php 第 4 行.
INFO: [ app_begin ] --START--
INFO: Run Behavior\ReadHtmlCacheBehavior [ RunTime:0.017092s ]
INFO: [ app_begin ] --END-- [ RunTime:0.017272s ]
INFO: [ app_end ] --START--
INFO: Run Behavior\ShowPageTraceBehavior [ RunTime:0.000973s ]
INFO: [ app_end ] --END-- [ RunTime:0.001126s ]

[ 2016-05-07T23:30:08+08:00 ] 127.0.0.1 /ecshop/yzldiywww/yzldiy/yzldiy.php?m=yzldiy&c=saveUserProduct&a=saveListStart
INFO: [ app_init ] --START--
INFO: Run Behavior\BuildLiteBehavior [ RunTime:0.000028s ]
INFO: Run Common\Behavior\InitHookBehavior [ RunTime:0.005274s ]
INFO: [ app_init ] --END-- [ RunTime:0.006099s ]
NOTIC: [8] Use of undefined constant ’SHOW_PAGE_TRACE’ - assumed '’SHOW_PAGE_TRACE’' D:\wamp\PHPnow\htdocs\ecshop\yzldiywww\yzldiy\Application\yzldiy\Conf\config.php 第 4 行.
INFO: [ app_begin ] --START--
INFO: Run Behavior\ReadHtmlCacheBehavior [ RunTime:0.001517s ]
INFO: [ app_begin ] --END-- [ RunTime:0.001654s ]
INFO: [ app_end ] --START--
INFO: Run Behavior\ShowPageTraceBehavior [ RunTime:0.001139s ]
INFO: [ app_end ] --END-- [ RunTime:0.001273s ]

[ 2016-05-07T23:30:08+08:00 ] 127.0.0.1 /ecshop/yzldiywww/yzldiy/yzldiy.php?m=yzldiy&c=saveUserProduct&a=saveListStart
INFO: [ app_init ] --START--
INFO: Run Behavior\BuildLiteBehavior [ RunTime:0.000028s ]
INFO: Run Common\Behavior\InitHookBehavior [ RunTime:0.005350s ]
INFO: [ app_init ] --END-- [ RunTime:0.007107s ]
NOTIC: [8] Use of undefined constant ’SHOW_PAGE_TRACE’ - assumed '’SHOW_PAGE_TRACE’' D:\wamp\PHPnow\htdocs\ecshop\yzldiywww\yzldiy\Application\yzldiy\Conf\config.php 第 4 行.
INFO: [ app_begin ] --START--
INFO: Run Behavior\ReadHtmlCacheBehavior [ RunTime:0.002514s ]
INFO: [ app_begin ] --END-- [ RunTime:0.002668s ]
INFO: [ app_end ] --START--
INFO: Run Behavior\ShowPageTraceBehavior [ RunTime:0.001333s ]
INFO: [ app_end ] --END-- [ RunTime:0.001468s ]

[ 2016-05-07T23:30:08+08:00 ] 127.0.0.1 /ecshop/yzldiywww/yzldiy/yzldiy.php?m=yzldiy&c=saveUserProduct&a=saveListStart
INFO: [ app_init ] --START--
INFO: Run Behavior\BuildLiteBehavior [ RunTime:0.000026s ]
INFO: Run Common\Behavior\InitHookBehavior [ RunTime:0.003813s ]
INFO: [ app_init ] --END-- [ RunTime:0.005002s ]
NOTIC: [8] Use of undefined constant ’SHOW_PAGE_TRACE’ - assumed '’SHOW_PAGE_TRACE’' D:\wamp\PHPnow\htdocs\ecshop\yzldiywww\yzldiy\Application\yzldiy\Conf\config.php 第 4 行.
INFO: [ app_begin ] --START--
INFO: Run Behavior\ReadHtmlCacheBehavior [ RunTime:0.001201s ]
INFO: [ app_begin ] --END-- [ RunTime:0.001335s ]
INFO: [ app_end ] --START--
INFO: Run Behavior\ShowPageTraceBehavior [ RunTime:0.001278s ]
INFO: [ app_end ] --END-- [ RunTime:0.001435s ]

[ 2016-05-07T23:30:08+08:00 ] 127.0.0.1 /ecshop/yzldiywww/yzldiy/yzldiy.php?m=yzldiy&c=saveUserProduct&a=saveListStart
INFO: [ app_init ] --START--
INFO: Run Behavior\BuildLiteBehavior [ RunTime:0.000025s ]
INFO: Run Common\Behavior\InitHookBehavior [ RunTime:0.002658s ]
INFO: [ app_init ] --END-- [ RunTime:0.003341s ]
NOTIC: [8] Use of undefined constant ’SHOW_PAGE_TRACE’ - assumed '’SHOW_PAGE_TRACE’' D:\wamp\PHPnow\htdocs\ecshop\yzldiywww\yzldiy\Application\yzldiy\Conf\config.php 第 4 行.
INFO: [ app_begin ] --START--
INFO: Run Behavior\ReadHtmlCacheBehavior [ RunTime:0.000802s ]
INFO: [ app_begin ] --END-- [ RunTime:0.000913s ]
INFO: [ app_end ] --START--
INFO: Run Behavior\ShowPageTraceBehavior [ RunTime:0.001935s ]
INFO: [ app_end ] --END-- [ RunTime:0.002166s ]

[ 2016-05-07T23:30:08+08:00 ] 127.0.0.1 /ecshop/yzldiywww/yzldiy/yzldiy.php?m=yzldiy&c=saveUserProduct&a=saveListStart
INFO: [ app_init ] --START--
INFO: Run Behavior\BuildLiteBehavior [ RunTime:0.000025s ]
INFO: Run Common\Behavior\InitHookBehavior [ RunTime:0.004058s ]
INFO: [ app_init ] --END-- [ RunTime:0.005270s ]
NOTIC: [8] Use of undefined constant ’SHOW_PAGE_TRACE’ - assumed '’SHOW_PAGE_TRACE’' D:\wamp\PHPnow\htdocs\ecshop\yzldiywww\yzldiy\Application\yzldiy\Conf\config.php 第 4 行.
INFO: [ app_begin ] --START--
INFO: Run Behavior\ReadHtmlCacheBehavior [ RunTime:0.000838s ]
INFO: [ app_begin ] --END-- [ RunTime:0.000959s ]
INFO: [ app_end ] --START--
INFO: Run Behavior\ShowPageTraceBehavior [ RunTime:0.001008s ]
INFO: [ app_end ] --END-- [ RunTime:0.001173s ]

[ 2016-05-07T23:30:08+08:00 ] 127.0.0.1 /ecshop/yzldiywww/yzldiy/yzldiy.php?m=yzldiy&c=saveUserProduct&a=saveListStart
INFO: [ app_init ] --START--
INFO: Run Behavior\BuildLiteBehavior [ RunTime:0.000027s ]
INFO: Run Common\Behavior\InitHookBehavior [ RunTime:0.007639s ]
INFO: [ app_init ] --END-- [ RunTime:0.008476s ]
NOTIC: [8] Use of undefined constant ’SHOW_PAGE_TRACE’ - assumed '’SHOW_PAGE_TRACE’' D:\wamp\PHPnow\htdocs\ecshop\yzldiywww\yzldiy\Application\yzldiy\Conf\config.php 第 4 行.
INFO: [ app_begin ] --START--
INFO: Run Behavior\ReadHtmlCacheBehavior [ RunTime:0.001138s ]
INFO: [ app_begin ] --END-- [ RunTime:0.001275s ]
INFO: [ app_end ] --START--
INFO: Run Behavior\ShowPageTraceBehavior [ RunTime:0.000866s ]
INFO: [ app_end ] --END-- [ RunTime:0.000988s ]

