[ 2016-04-14T19:49:28+08:00 ] 127.0.0.1 /yzldiywww/yzldiy/yzldiy.php?m=yzldiy&c=product&a=getProductInfo&pid=01
INFO: [ app_init ] --START--
INFO: Run Behavior\BuildLiteBehavior [ RunTime:0.000029s ]
INFO: Run Common\Behavior\InitHookBehavior [ RunTime:0.006440s ]
INFO: [ app_init ] --END-- [ RunTime:0.007944s ]
NOTIC: [8] Use of undefined constant ’SHOW_PAGE_TRACE’ - assumed '’SHOW_PAGE_TRACE’' D:\Codes\Project\yzldiywww\yzldiy\Application\yzldiy\Conf\config.php 第 4 行.
INFO: [ app_begin ] --START--
INFO: Run Behavior\ReadHtmlCacheBehavior [ RunTime:0.001402s ]
INFO: [ app_begin ] --END-- [ RunTime:0.001617s ]
SQL: SHOW COLUMNS FROM `ecs_product_yzldiy` [ RunTime:0.0063s ]
SQL: SELECT `tid`,`type`,`pageCount`,`name`,`retailprice`,`preview` FROM `ecs_product_yzldiy` WHERE (  status=1 and pid=01 ) LIMIT 1   [ RunTime:0.0009s ]
INFO: [ app_end ] --START--
INFO: Run Behavior\ShowPageTraceBehavior [ RunTime:0.001609s ]
INFO: [ app_end ] --END-- [ RunTime:0.001790s ]

[ 2016-04-14T19:49:43+08:00 ] 127.0.0.1 /yzldiywww/yzldiy/yzldiy.php?m=yzldiy&c=product&a=getProductInfo&pid=01
INFO: [ app_init ] --START--
INFO: Run Behavior\BuildLiteBehavior [ RunTime:0.000027s ]
INFO: Run Common\Behavior\InitHookBehavior [ RunTime:0.007406s ]
INFO: [ app_init ] --END-- [ RunTime:0.008149s ]
NOTIC: [8] Use of undefined constant ’SHOW_PAGE_TRACE’ - assumed '’SHOW_PAGE_TRACE’' D:\Codes\Project\yzldiywww\yzldiy\Application\yzldiy\Conf\config.php 第 4 行.
INFO: [ app_begin ] --START--
INFO: Run Behavior\ReadHtmlCacheBehavior [ RunTime:0.000908s ]
INFO: [ app_begin ] --END-- [ RunTime:0.001038s ]
SQL: SHOW COLUMNS FROM `ecs_product_yzldiy` [ RunTime:0.0090s ]
SQL: SELECT `tid`,`type`,`pageCount`,`name`,`retailprice`,`preview` FROM `ecs_product_yzldiy` WHERE (  status=1 and pid=01 ) LIMIT 1   [ RunTime:0.0003s ]
INFO: [ app_end ] --START--
INFO: Run Behavior\ShowPageTraceBehavior [ RunTime:0.001019s ]
INFO: [ app_end ] --END-- [ RunTime:0.001195s ]

[ 2016-04-14T19:50:04+08:00 ] 127.0.0.1 /yzldiywww/yzldiy/yzldiy.php?m=yzldiy&c=product&a=getProductInfo&pid=1
INFO: [ app_init ] --START--
INFO: Run Behavior\BuildLiteBehavior [ RunTime:0.000047s ]
INFO: Run Common\Behavior\InitHookBehavior [ RunTime:0.004592s ]
INFO: [ app_init ] --END-- [ RunTime:0.005606s ]
NOTIC: [8] Use of undefined constant ’SHOW_PAGE_TRACE’ - assumed '’SHOW_PAGE_TRACE’' D:\Codes\Project\yzldiywww\yzldiy\Application\yzldiy\Conf\config.php 第 4 行.
INFO: [ app_begin ] --START--
INFO: Run Behavior\ReadHtmlCacheBehavior [ RunTime:0.000856s ]
INFO: [ app_begin ] --END-- [ RunTime:0.000985s ]
SQL: SHOW COLUMNS FROM `ecs_product_yzldiy` [ RunTime:0.0069s ]
SQL: SELECT `tid`,`type`,`pageCount`,`name`,`retailprice`,`preview` FROM `ecs_product_yzldiy` WHERE (  status=1 and pid=1 ) LIMIT 1   [ RunTime:0.0003s ]
INFO: [ app_end ] --START--
INFO: Run Behavior\ShowPageTraceBehavior [ RunTime:0.001523s ]
INFO: [ app_end ] --END-- [ RunTime:0.001794s ]

[ 2016-04-14T19:50:57+08:00 ] 127.0.0.1 /yzldiywww/yzldiy/yzldiy.php?m=yzldiy&c=Updata&a=upUserPhoto
INFO: [ app_init ] --START--
INFO: Run Behavior\BuildLiteBehavior [ RunTime:0.000030s ]
INFO: Run Common\Behavior\InitHookBehavior [ RunTime:0.006119s ]
INFO: [ app_init ] --END-- [ RunTime:0.006869s ]
NOTIC: [8] Use of undefined constant ’SHOW_PAGE_TRACE’ - assumed '’SHOW_PAGE_TRACE’' D:\Codes\Project\yzldiywww\yzldiy\Application\yzldiy\Conf\config.php 第 4 行.
INFO: [ app_begin ] --START--
INFO: Run Behavior\ReadHtmlCacheBehavior [ RunTime:0.000936s ]
INFO: [ app_begin ] --END-- [ RunTime:0.001081s ]
SQL: SHOW COLUMNS FROM `ecs_useruploadimg_yzldiy` [ RunTime:0.0066s ]
NOTIC: [2] call_user_func() expects parameter 1 to be a valid callback, no array or string given D:\Codes\Project\yzldiywww\yzldiy\ThinkPHP\Library\Think\Upload.class.php 第 170 行.
SQL: INSERT INTO `ecs_useruploadimg_yzldiy` (`uid`,`photoid`,`username`,`datatime`,`thumbImg`,`img`,`midImg`,`bh`,`bw`) VALUES ('255','1460634655822','mmm','2016-04-14','http://127.0.0.1/yzldiywww/yzldiy/Uploads/UserPhoto/mmm/2016-04-14/s/s_1460634655822.jpg','http://127.0.0.1/yzldiywww/yzldiy/Uploads/UserPhoto/mmm/2016-04-14/1460634655822.jpg','http://127.0.0.1/yzldiywww/yzldiy/Uploads/UserPhoto/mmm/2016-04-14/m/m_1460634655822.jpg','400','400') [ RunTime:0.0016s ]
INFO: [ app_end ] --START--
INFO: Run Behavior\ShowPageTraceBehavior [ RunTime:0.001534s ]
INFO: [ app_end ] --END-- [ RunTime:0.001739s ]

[ 2016-04-14T19:50:57+08:00 ] 127.0.0.1 /yzldiywww/yzldiy/yzldiy.php?m=yzldiy&c=Updata&a=upUserPhoto
INFO: [ app_init ] --START--
INFO: Run Behavior\BuildLiteBehavior [ RunTime:0.000046s ]
INFO: Run Common\Behavior\InitHookBehavior [ RunTime:0.004136s ]
INFO: [ app_init ] --END-- [ RunTime:0.005006s ]
NOTIC: [8] Use of undefined constant ’SHOW_PAGE_TRACE’ - assumed '’SHOW_PAGE_TRACE’' D:\Codes\Project\yzldiywww\yzldiy\Application\yzldiy\Conf\config.php 第 4 行.
INFO: [ app_begin ] --START--
INFO: Run Behavior\ReadHtmlCacheBehavior [ RunTime:0.001473s ]
INFO: [ app_begin ] --END-- [ RunTime:0.001665s ]
SQL: SHOW COLUMNS FROM `ecs_useruploadimg_yzldiy` [ RunTime:0.0055s ]
NOTIC: [2] call_user_func() expects parameter 1 to be a valid callback, no array or string given D:\Codes\Project\yzldiywww\yzldiy\ThinkPHP\Library\Think\Upload.class.php 第 170 行.
SQL: INSERT INTO `ecs_useruploadimg_yzldiy` (`uid`,`photoid`,`username`,`datatime`,`thumbImg`,`img`,`midImg`,`bh`,`bw`) VALUES ('255','1460634655742','mmm','2016-04-14','http://127.0.0.1/yzldiywww/yzldiy/Uploads/UserPhoto/mmm/2016-04-14/s/s_1460634655742.jpg','http://127.0.0.1/yzldiywww/yzldiy/Uploads/UserPhoto/mmm/2016-04-14/1460634655742.jpg','http://127.0.0.1/yzldiywww/yzldiy/Uploads/UserPhoto/mmm/2016-04-14/m/m_1460634655742.jpg','400','400') [ RunTime:0.0003s ]
INFO: [ app_end ] --START--
INFO: Run Behavior\ShowPageTraceBehavior [ RunTime:0.001192s ]
INFO: [ app_end ] --END-- [ RunTime:0.001480s ]

[ 2016-04-14T19:50:58+08:00 ] 127.0.0.1 /yzldiywww/yzldiy/yzldiy.php?m=yzldiy&c=Updata&a=upUserPhoto
INFO: [ app_init ] --START--
INFO: Run Behavior\BuildLiteBehavior [ RunTime:0.000027s ]
INFO: Run Common\Behavior\InitHookBehavior [ RunTime:0.003205s ]
INFO: [ app_init ] --END-- [ RunTime:0.003929s ]
NOTIC: [8] Use of undefined constant ’SHOW_PAGE_TRACE’ - assumed '’SHOW_PAGE_TRACE’' D:\Codes\Project\yzldiywww\yzldiy\Application\yzldiy\Conf\config.php 第 4 行.
INFO: [ app_begin ] --START--
INFO: Run Behavior\ReadHtmlCacheBehavior [ RunTime:0.000842s ]
INFO: [ app_begin ] --END-- [ RunTime:0.000972s ]
SQL: SHOW COLUMNS FROM `ecs_useruploadimg_yzldiy` [ RunTime:0.0049s ]
NOTIC: [2] call_user_func() expects parameter 1 to be a valid callback, no array or string given D:\Codes\Project\yzldiywww\yzldiy\ThinkPHP\Library\Think\Upload.class.php 第 170 行.
SQL: INSERT INTO `ecs_useruploadimg_yzldiy` (`uid`,`photoid`,`username`,`datatime`,`thumbImg`,`img`,`midImg`,`bh`,`bw`) VALUES ('255','1460634655658','mmm','2016-04-14','http://127.0.0.1/yzldiywww/yzldiy/Uploads/UserPhoto/mmm/2016-04-14/s/s_1460634655658.jpg','http://127.0.0.1/yzldiywww/yzldiy/Uploads/UserPhoto/mmm/2016-04-14/1460634655658.jpg','http://127.0.0.1/yzldiywww/yzldiy/Uploads/UserPhoto/mmm/2016-04-14/m/m_1460634655658.jpg','400','400') [ RunTime:0.0004s ]
INFO: [ app_end ] --START--
INFO: Run Behavior\ShowPageTraceBehavior [ RunTime:0.001187s ]
INFO: [ app_end ] --END-- [ RunTime:0.001341s ]

[ 2016-04-14T19:50:58+08:00 ] 127.0.0.1 /yzldiywww/yzldiy/yzldiy.php?m=yzldiy&c=Updata&a=upUserPhoto
INFO: [ app_init ] --START--
INFO: Run Behavior\BuildLiteBehavior [ RunTime:0.000050s ]
INFO: Run Common\Behavior\InitHookBehavior [ RunTime:0.004862s ]
INFO: [ app_init ] --END-- [ RunTime:0.005951s ]
NOTIC: [8] Use of undefined constant ’SHOW_PAGE_TRACE’ - assumed '’SHOW_PAGE_TRACE’' D:\Codes\Project\yzldiywww\yzldiy\Application\yzldiy\Conf\config.php 第 4 行.
INFO: [ app_begin ] --START--
INFO: Run Behavior\ReadHtmlCacheBehavior [ RunTime:0.001351s ]
INFO: [ app_begin ] --END-- [ RunTime:0.001598s ]
SQL: SHOW COLUMNS FROM `ecs_useruploadimg_yzldiy` [ RunTime:0.0078s ]
NOTIC: [2] call_user_func() expects parameter 1 to be a valid callback, no array or string given D:\Codes\Project\yzldiywww\yzldiy\ThinkPHP\Library\Think\Upload.class.php 第 170 行.
SQL: INSERT INTO `ecs_useruploadimg_yzldiy` (`uid`,`photoid`,`username`,`datatime`,`thumbImg`,`img`,`midImg`,`bh`,`bw`) VALUES ('255','1460634655574','mmm','2016-04-14','http://127.0.0.1/yzldiywww/yzldiy/Uploads/UserPhoto/mmm/2016-04-14/s/s_1460634655574.jpg','http://127.0.0.1/yzldiywww/yzldiy/Uploads/UserPhoto/mmm/2016-04-14/1460634655574.jpg','http://127.0.0.1/yzldiywww/yzldiy/Uploads/UserPhoto/mmm/2016-04-14/m/m_1460634655574.jpg','400','400') [ RunTime:0.0003s ]
INFO: [ app_end ] --START--
INFO: Run Behavior\ShowPageTraceBehavior [ RunTime:0.001405s ]
INFO: [ app_end ] --END-- [ RunTime:0.001637s ]

[ 2016-04-14T19:50:58+08:00 ] 127.0.0.1 /yzldiywww/yzldiy/yzldiy.php?m=yzldiy&c=Updata&a=upUserPhoto
INFO: [ app_init ] --START--
INFO: Run Behavior\BuildLiteBehavior [ RunTime:0.000028s ]
INFO: Run Common\Behavior\InitHookBehavior [ RunTime:0.005242s ]
INFO: [ app_init ] --END-- [ RunTime:0.005902s ]
NOTIC: [8] Use of undefined constant ’SHOW_PAGE_TRACE’ - assumed '’SHOW_PAGE_TRACE’' D:\Codes\Project\yzldiywww\yzldiy\Application\yzldiy\Conf\config.php 第 4 行.
INFO: [ app_begin ] --START--
INFO: Run Behavior\ReadHtmlCacheBehavior [ RunTime:0.001026s ]
INFO: [ app_begin ] --END-- [ RunTime:0.001201s ]
SQL: SHOW COLUMNS FROM `ecs_useruploadimg_yzldiy` [ RunTime:0.0058s ]
NOTIC: [2] call_user_func() expects parameter 1 to be a valid callback, no array or string given D:\Codes\Project\yzldiywww\yzldiy\ThinkPHP\Library\Think\Upload.class.php 第 170 行.
SQL: INSERT INTO `ecs_useruploadimg_yzldiy` (`uid`,`photoid`,`username`,`datatime`,`thumbImg`,`img`,`midImg`,`bh`,`bw`) VALUES ('255','1460634655490','mmm','2016-04-14','http://127.0.0.1/yzldiywww/yzldiy/Uploads/UserPhoto/mmm/2016-04-14/s/s_1460634655490.jpg','http://127.0.0.1/yzldiywww/yzldiy/Uploads/UserPhoto/mmm/2016-04-14/1460634655490.jpg','http://127.0.0.1/yzldiywww/yzldiy/Uploads/UserPhoto/mmm/2016-04-14/m/m_1460634655490.jpg','38','5') [ RunTime:0.0004s ]
INFO: [ app_end ] --START--
INFO: Run Behavior\ShowPageTraceBehavior [ RunTime:0.001432s ]
INFO: [ app_end ] --END-- [ RunTime:0.001706s ]

[ 2016-04-14T19:50:58+08:00 ] 127.0.0.1 /yzldiywww/yzldiy/yzldiy.php?m=yzldiy&c=Updata&a=upUserPhoto
INFO: [ app_init ] --START--
INFO: Run Behavior\BuildLiteBehavior [ RunTime:0.000027s ]
INFO: Run Common\Behavior\InitHookBehavior [ RunTime:0.003329s ]
INFO: [ app_init ] --END-- [ RunTime:0.003949s ]
NOTIC: [8] Use of undefined constant ’SHOW_PAGE_TRACE’ - assumed '’SHOW_PAGE_TRACE’' D:\Codes\Project\yzldiywww\yzldiy\Application\yzldiy\Conf\config.php 第 4 行.
INFO: [ app_begin ] --START--
INFO: Run Behavior\ReadHtmlCacheBehavior [ RunTime:0.000839s ]
INFO: [ app_begin ] --END-- [ RunTime:0.000969s ]
SQL: SHOW COLUMNS FROM `ecs_useruploadimg_yzldiy` [ RunTime:0.0048s ]
NOTIC: [2] call_user_func() expects parameter 1 to be a valid callback, no array or string given D:\Codes\Project\yzldiywww\yzldiy\ThinkPHP\Library\Think\Upload.class.php 第 170 行.
SQL: INSERT INTO `ecs_useruploadimg_yzldiy` (`uid`,`photoid`,`username`,`datatime`,`thumbImg`,`img`,`midImg`,`bh`,`bw`) VALUES ('255','1460634655406','mmm','2016-04-14','http://127.0.0.1/yzldiywww/yzldiy/Uploads/UserPhoto/mmm/2016-04-14/s/s_1460634655406.jpg','http://127.0.0.1/yzldiywww/yzldiy/Uploads/UserPhoto/mmm/2016-04-14/1460634655406.jpg','http://127.0.0.1/yzldiywww/yzldiy/Uploads/UserPhoto/mmm/2016-04-14/m/m_1460634655406.jpg','682','1024') [ RunTime:0.0004s ]
INFO: [ app_end ] --START--
INFO: Run Behavior\ShowPageTraceBehavior [ RunTime:0.001528s ]
INFO: [ app_end ] --END-- [ RunTime:0.001722s ]

[ 2016-04-14T19:50:58+08:00 ] 127.0.0.1 /yzldiywww/yzldiy/yzldiy.php?m=yzldiy&c=Updata&a=upUserPhoto
INFO: [ app_init ] --START--
INFO: Run Behavior\BuildLiteBehavior [ RunTime:0.000026s ]
INFO: Run Common\Behavior\InitHookBehavior [ RunTime:0.004652s ]
INFO: [ app_init ] --END-- [ RunTime:0.005307s ]
NOTIC: [8] Use of undefined constant ’SHOW_PAGE_TRACE’ - assumed '’SHOW_PAGE_TRACE’' D:\Codes\Project\yzldiywww\yzldiy\Application\yzldiy\Conf\config.php 第 4 行.
INFO: [ app_begin ] --START--
INFO: Run Behavior\ReadHtmlCacheBehavior [ RunTime:0.001558s ]
INFO: [ app_begin ] --END-- [ RunTime:0.001792s ]
SQL: SHOW COLUMNS FROM `ecs_useruploadimg_yzldiy` [ RunTime:0.0065s ]
NOTIC: [2] call_user_func() expects parameter 1 to be a valid callback, no array or string given D:\Codes\Project\yzldiywww\yzldiy\ThinkPHP\Library\Think\Upload.class.php 第 170 行.
SQL: INSERT INTO `ecs_useruploadimg_yzldiy` (`uid`,`photoid`,`username`,`datatime`,`thumbImg`,`img`,`midImg`,`bh`,`bw`) VALUES ('255','1460634655326','mmm','2016-04-14','http://127.0.0.1/yzldiywww/yzldiy/Uploads/UserPhoto/mmm/2016-04-14/s/s_1460634655326.jpg','http://127.0.0.1/yzldiywww/yzldiy/Uploads/UserPhoto/mmm/2016-04-14/1460634655326.jpg','http://127.0.0.1/yzldiywww/yzldiy/Uploads/UserPhoto/mmm/2016-04-14/m/m_1460634655326.jpg','200','200') [ RunTime:0.0005s ]
INFO: [ app_end ] --START--
INFO: Run Behavior\ShowPageTraceBehavior [ RunTime:0.001567s ]
INFO: [ app_end ] --END-- [ RunTime:0.001847s ]

[ 2016-04-14T19:51:20+08:00 ] 127.0.0.1 /yzldiywww/yzldiy/yzldiy.php?m=yzldiy&c=Decorate&a=getDecorate&category=0&page=1&limit=12
INFO: [ app_init ] --START--
INFO: Run Behavior\BuildLiteBehavior [ RunTime:0.000028s ]
INFO: Run Common\Behavior\InitHookBehavior [ RunTime:0.003175s ]
INFO: [ app_init ] --END-- [ RunTime:0.003812s ]
NOTIC: [8] Use of undefined constant ’SHOW_PAGE_TRACE’ - assumed '’SHOW_PAGE_TRACE’' D:\Codes\Project\yzldiywww\yzldiy\Application\yzldiy\Conf\config.php 第 4 行.
INFO: [ app_begin ] --START--
INFO: Run Behavior\ReadHtmlCacheBehavior [ RunTime:0.000899s ]
INFO: [ app_begin ] --END-- [ RunTime:0.001030s ]
SQL: SHOW COLUMNS FROM `ecs_decorate_yzldiy` [ RunTime:0.0055s ]
SQL: SELECT COUNT(*) AS tp_count FROM `ecs_decorate_yzldiy` WHERE `category` > 0 AND ( status=1 ) LIMIT 1   [ RunTime:0.0004s ]
SQL: SELECT * FROM `ecs_decorate_yzldiy` WHERE `category` > 0 AND ( status=1 ) LIMIT 0,12   [ RunTime:0.0005s ]
INFO: [ view_parse ] --START--
INFO: Run Behavior\ParseTemplateBehavior [ RunTime:0.001579s ]
INFO: [ view_parse ] --END-- [ RunTime:0.001776s ]
INFO: [ view_filter ] --START--
INFO: Run Behavior\WriteHtmlCacheBehavior [ RunTime:0.000945s ]
INFO: [ view_filter ] --END-- [ RunTime:0.001078s ]
INFO: [ app_end ] --START--
INFO: Run Behavior\ShowPageTraceBehavior [ RunTime:0.000852s ]
INFO: [ app_end ] --END-- [ RunTime:0.000974s ]

[ 2016-04-14T19:51:25+08:00 ] 127.0.0.1 /yzldiywww/yzldiy/yzldiy.php?m=yzldiy&c=Decorate&a=getBackground&category=0&page=1&limit=12
INFO: [ app_init ] --START--
INFO: Run Behavior\BuildLiteBehavior [ RunTime:0.000027s ]
INFO: Run Common\Behavior\InitHookBehavior [ RunTime:0.003257s ]
INFO: [ app_init ] --END-- [ RunTime:0.003840s ]
NOTIC: [8] Use of undefined constant ’SHOW_PAGE_TRACE’ - assumed '’SHOW_PAGE_TRACE’' D:\Codes\Project\yzldiywww\yzldiy\Application\yzldiy\Conf\config.php 第 4 行.
INFO: [ app_begin ] --START--
INFO: Run Behavior\ReadHtmlCacheBehavior [ RunTime:0.001518s ]
INFO: [ app_begin ] --END-- [ RunTime:0.001785s ]
SQL: SHOW COLUMNS FROM `ecs_background_yzldiy` [ RunTime:0.0063s ]
SQL: SELECT COUNT(*) AS tp_count FROM `ecs_background_yzldiy` WHERE `category` > 0 AND ( status=1 ) LIMIT 1   [ RunTime:0.0004s ]
SQL: SELECT * FROM `ecs_background_yzldiy` WHERE `category` > 0 AND ( status=1 ) LIMIT 0,12   [ RunTime:0.0003s ]
INFO: [ view_parse ] --START--
INFO: Run Behavior\ParseTemplateBehavior [ RunTime:0.001456s ]
INFO: [ view_parse ] --END-- [ RunTime:0.001607s ]
INFO: [ view_filter ] --START--
INFO: Run Behavior\WriteHtmlCacheBehavior [ RunTime:0.000788s ]
INFO: [ view_filter ] --END-- [ RunTime:0.000951s ]
INFO: [ app_end ] --START--
INFO: Run Behavior\ShowPageTraceBehavior [ RunTime:0.000819s ]
INFO: [ app_end ] --END-- [ RunTime:0.000941s ]

[ 2016-04-14T19:51:33+08:00 ] 127.0.0.1 /yzldiywww/yzldiy/yzldiy.php?m=yzldiy&c=Decorate&a=getBackground&category=0&page=1&limit=12
INFO: [ app_init ] --START--
INFO: Run Behavior\BuildLiteBehavior [ RunTime:0.000030s ]
INFO: Run Common\Behavior\InitHookBehavior [ RunTime:0.005188s ]
INFO: [ app_init ] --END-- [ RunTime:0.005833s ]
NOTIC: [8] Use of undefined constant ’SHOW_PAGE_TRACE’ - assumed '’SHOW_PAGE_TRACE’' D:\Codes\Project\yzldiywww\yzldiy\Application\yzldiy\Conf\config.php 第 4 行.
INFO: [ app_begin ] --START--
INFO: Run Behavior\ReadHtmlCacheBehavior [ RunTime:0.001022s ]
INFO: [ app_begin ] --END-- [ RunTime:0.001179s ]
SQL: SHOW COLUMNS FROM `ecs_background_yzldiy` [ RunTime:0.0055s ]
SQL: SELECT COUNT(*) AS tp_count FROM `ecs_background_yzldiy` WHERE `category` > 0 AND ( status=1 ) LIMIT 1   [ RunTime:0.0004s ]
SQL: SELECT * FROM `ecs_background_yzldiy` WHERE `category` > 0 AND ( status=1 ) LIMIT 0,12   [ RunTime:0.0003s ]
INFO: [ view_parse ] --START--
INFO: Run Behavior\ParseTemplateBehavior [ RunTime:0.000974s ]
INFO: [ view_parse ] --END-- [ RunTime:0.001178s ]
INFO: [ view_filter ] --START--
INFO: Run Behavior\WriteHtmlCacheBehavior [ RunTime:0.000861s ]
INFO: [ view_filter ] --END-- [ RunTime:0.001003s ]
INFO: [ app_end ] --START--
INFO: Run Behavior\ShowPageTraceBehavior [ RunTime:0.000864s ]
INFO: [ app_end ] --END-- [ RunTime:0.000990s ]

[ 2016-04-14T19:51:49+08:00 ] 127.0.0.1 /yzldiywww/yzldiy/yzldiy.php?m=yzldiy&c=Decorate&a=getBackground&category=0&page=1&limit=12
INFO: [ app_init ] --START--
INFO: Run Behavior\BuildLiteBehavior [ RunTime:0.000048s ]
INFO: Run Common\Behavior\InitHookBehavior [ RunTime:0.004564s ]
INFO: [ app_init ] --END-- [ RunTime:0.005472s ]
NOTIC: [8] Use of undefined constant ’SHOW_PAGE_TRACE’ - assumed '’SHOW_PAGE_TRACE’' D:\Codes\Project\yzldiywww\yzldiy\Application\yzldiy\Conf\config.php 第 4 行.
INFO: [ app_begin ] --START--
INFO: Run Behavior\ReadHtmlCacheBehavior [ RunTime:0.001398s ]
INFO: [ app_begin ] --END-- [ RunTime:0.001583s ]
SQL: SHOW COLUMNS FROM `ecs_background_yzldiy` [ RunTime:0.0066s ]
SQL: SELECT COUNT(*) AS tp_count FROM `ecs_background_yzldiy` WHERE `category` > 0 AND ( status=1 ) LIMIT 1   [ RunTime:0.0003s ]
SQL: SELECT * FROM `ecs_background_yzldiy` WHERE `category` > 0 AND ( status=1 ) LIMIT 0,12   [ RunTime:0.0004s ]
INFO: [ view_parse ] --START--
INFO: Run Behavior\ParseTemplateBehavior [ RunTime:0.000997s ]
INFO: [ view_parse ] --END-- [ RunTime:0.001138s ]
INFO: [ view_filter ] --START--
INFO: Run Behavior\WriteHtmlCacheBehavior [ RunTime:0.000665s ]
INFO: [ view_filter ] --END-- [ RunTime:0.000794s ]
INFO: [ app_end ] --START--
INFO: Run Behavior\ShowPageTraceBehavior [ RunTime:0.000879s ]
INFO: [ app_end ] --END-- [ RunTime:0.001071s ]

[ 2016-04-14T19:51:50+08:00 ] 127.0.0.1 /yzldiywww/yzldiy/yzldiy.php?m=yzldiy&c=Decorate&a=getBackground&category=0&page=1&limit=12
INFO: [ app_init ] --START--
INFO: Run Behavior\BuildLiteBehavior [ RunTime:0.000029s ]
INFO: Run Common\Behavior\InitHookBehavior [ RunTime:0.003216s ]
INFO: [ app_init ] --END-- [ RunTime:0.003938s ]
NOTIC: [8] Use of undefined constant ’SHOW_PAGE_TRACE’ - assumed '’SHOW_PAGE_TRACE’' D:\Codes\Project\yzldiywww\yzldiy\Application\yzldiy\Conf\config.php 第 4 行.
INFO: [ app_begin ] --START--
INFO: Run Behavior\ReadHtmlCacheBehavior [ RunTime:0.001083s ]
INFO: [ app_begin ] --END-- [ RunTime:0.001242s ]
SQL: SHOW COLUMNS FROM `ecs_background_yzldiy` [ RunTime:0.0066s ]
SQL: SELECT COUNT(*) AS tp_count FROM `ecs_background_yzldiy` WHERE `category` > 0 AND ( status=1 ) LIMIT 1   [ RunTime:0.0004s ]
SQL: SELECT * FROM `ecs_background_yzldiy` WHERE `category` > 0 AND ( status=1 ) LIMIT 0,12   [ RunTime:0.0003s ]
INFO: [ view_parse ] --START--
INFO: Run Behavior\ParseTemplateBehavior [ RunTime:0.000923s ]
INFO: [ view_parse ] --END-- [ RunTime:0.001064s ]
INFO: [ view_filter ] --START--
INFO: Run Behavior\WriteHtmlCacheBehavior [ RunTime:0.000782s ]
INFO: [ view_filter ] --END-- [ RunTime:0.000912s ]
INFO: [ app_end ] --START--
INFO: Run Behavior\ShowPageTraceBehavior [ RunTime:0.000809s ]
INFO: [ app_end ] --END-- [ RunTime:0.000928s ]

[ 2016-04-14T19:52:19+08:00 ] 127.0.0.1 /yzldiywww/yzldiy/yzldiy.php?m=yzldiy&c=product&a=getProductInfo&pid=1
INFO: [ app_init ] --START--
INFO: Run Behavior\BuildLiteBehavior [ RunTime:0.000026s ]
INFO: Run Common\Behavior\InitHookBehavior [ RunTime:0.003195s ]
INFO: [ app_init ] --END-- [ RunTime:0.003777s ]
NOTIC: [8] Use of undefined constant ’SHOW_PAGE_TRACE’ - assumed '’SHOW_PAGE_TRACE’' D:\Codes\Project\yzldiywww\yzldiy\Application\yzldiy\Conf\config.php 第 4 行.
INFO: [ app_begin ] --START--
INFO: Run Behavior\ReadHtmlCacheBehavior [ RunTime:0.000851s ]
INFO: [ app_begin ] --END-- [ RunTime:0.000982s ]
SQL: SHOW COLUMNS FROM `ecs_product_yzldiy` [ RunTime:0.0065s ]
SQL: SELECT `tid`,`type`,`pageCount`,`name`,`retailprice`,`preview` FROM `ecs_product_yzldiy` WHERE (  status=1 and pid=1 ) LIMIT 1   [ RunTime:0.0003s ]
INFO: [ app_end ] --START--
INFO: Run Behavior\ShowPageTraceBehavior [ RunTime:0.001449s ]
INFO: [ app_end ] --END-- [ RunTime:0.001675s ]

[ 2016-04-14T19:52:32+08:00 ] 127.0.0.1 /yzldiywww/yzldiy/yzldiy.php?m=yzldiy&c=Updata&a=upUserPhoto
INFO: [ app_init ] --START--
INFO: Run Behavior\BuildLiteBehavior [ RunTime:0.000053s ]
INFO: Run Common\Behavior\InitHookBehavior [ RunTime:0.008466s ]
INFO: [ app_init ] --END-- [ RunTime:0.009955s ]
NOTIC: [8] Use of undefined constant ’SHOW_PAGE_TRACE’ - assumed '’SHOW_PAGE_TRACE’' D:\Codes\Project\yzldiywww\yzldiy\Application\yzldiy\Conf\config.php 第 4 行.
INFO: [ app_begin ] --START--
INFO: Run Behavior\ReadHtmlCacheBehavior [ RunTime:0.002476s ]
INFO: [ app_begin ] --END-- [ RunTime:0.002737s ]
SQL: SHOW COLUMNS FROM `ecs_useruploadimg_yzldiy` [ RunTime:0.0068s ]
NOTIC: [2] call_user_func() expects parameter 1 to be a valid callback, no array or string given D:\Codes\Project\yzldiywww\yzldiy\ThinkPHP\Library\Think\Upload.class.php 第 170 行.
SQL: INSERT INTO `ecs_useruploadimg_yzldiy` (`uid`,`photoid`,`username`,`datatime`,`thumbImg`,`img`,`midImg`,`bh`,`bw`) VALUES ('255','1460634750993','mmm','2016-04-14','http://127.0.0.1/yzldiywww/yzldiy/Uploads/UserPhoto/mmm/2016-04-14/s/s_1460634750993.jpg','http://127.0.0.1/yzldiywww/yzldiy/Uploads/UserPhoto/mmm/2016-04-14/1460634750993.jpg','http://127.0.0.1/yzldiywww/yzldiy/Uploads/UserPhoto/mmm/2016-04-14/m/m_1460634750993.jpg','400','400') [ RunTime:0.0005s ]
INFO: [ app_end ] --START--
INFO: Run Behavior\ShowPageTraceBehavior [ RunTime:0.001598s ]
INFO: [ app_end ] --END-- [ RunTime:0.001823s ]

[ 2016-04-14T19:52:32+08:00 ] 127.0.0.1 /yzldiywww/yzldiy/yzldiy.php?m=yzldiy&c=Updata&a=upUserPhoto
INFO: [ app_init ] --START--
INFO: Run Behavior\BuildLiteBehavior [ RunTime:0.000027s ]
INFO: Run Common\Behavior\InitHookBehavior [ RunTime:0.003851s ]
INFO: [ app_init ] --END-- [ RunTime:0.004485s ]
NOTIC: [8] Use of undefined constant ’SHOW_PAGE_TRACE’ - assumed '’SHOW_PAGE_TRACE’' D:\Codes\Project\yzldiywww\yzldiy\Application\yzldiy\Conf\config.php 第 4 行.
INFO: [ app_begin ] --START--
INFO: Run Behavior\ReadHtmlCacheBehavior [ RunTime:0.001108s ]
INFO: [ app_begin ] --END-- [ RunTime:0.001317s ]
SQL: SHOW COLUMNS FROM `ecs_useruploadimg_yzldiy` [ RunTime:0.0066s ]
NOTIC: [2] call_user_func() expects parameter 1 to be a valid callback, no array or string given D:\Codes\Project\yzldiywww\yzldiy\ThinkPHP\Library\Think\Upload.class.php 第 170 行.
SQL: INSERT INTO `ecs_useruploadimg_yzldiy` (`uid`,`photoid`,`username`,`datatime`,`thumbImg`,`img`,`midImg`,`bh`,`bw`) VALUES ('255','1460634750909','mmm','2016-04-14','http://127.0.0.1/yzldiywww/yzldiy/Uploads/UserPhoto/mmm/2016-04-14/s/s_1460634750909.jpg','http://127.0.0.1/yzldiywww/yzldiy/Uploads/UserPhoto/mmm/2016-04-14/1460634750909.jpg','http://127.0.0.1/yzldiywww/yzldiy/Uploads/UserPhoto/mmm/2016-04-14/m/m_1460634750909.jpg','400','400') [ RunTime:0.0003s ]
INFO: [ app_end ] --START--
INFO: Run Behavior\ShowPageTraceBehavior [ RunTime:0.001168s ]
INFO: [ app_end ] --END-- [ RunTime:0.001321s ]

[ 2016-04-14T19:52:32+08:00 ] 127.0.0.1 /yzldiywww/yzldiy/yzldiy.php?m=yzldiy&c=Updata&a=upUserPhoto
INFO: [ app_init ] --START--
INFO: Run Behavior\BuildLiteBehavior [ RunTime:0.000028s ]
INFO: Run Common\Behavior\InitHookBehavior [ RunTime:0.005571s ]
INFO: [ app_init ] --END-- [ RunTime:0.006264s ]
NOTIC: [8] Use of undefined constant ’SHOW_PAGE_TRACE’ - assumed '’SHOW_PAGE_TRACE’' D:\Codes\Project\yzldiywww\yzldiy\Application\yzldiy\Conf\config.php 第 4 行.
INFO: [ app_begin ] --START--
INFO: Run Behavior\ReadHtmlCacheBehavior [ RunTime:0.001416s ]
INFO: [ app_begin ] --END-- [ RunTime:0.001608s ]
SQL: SHOW COLUMNS FROM `ecs_useruploadimg_yzldiy` [ RunTime:0.0055s ]
NOTIC: [2] call_user_func() expects parameter 1 to be a valid callback, no array or string given D:\Codes\Project\yzldiywww\yzldiy\ThinkPHP\Library\Think\Upload.class.php 第 170 行.
SQL: INSERT INTO `ecs_useruploadimg_yzldiy` (`uid`,`photoid`,`username`,`datatime`,`thumbImg`,`img`,`midImg`,`bh`,`bw`) VALUES ('255','1460634750825','mmm','2016-04-14','http://127.0.0.1/yzldiywww/yzldiy/Uploads/UserPhoto/mmm/2016-04-14/s/s_1460634750825.jpg','http://127.0.0.1/yzldiywww/yzldiy/Uploads/UserPhoto/mmm/2016-04-14/1460634750825.jpg','http://127.0.0.1/yzldiywww/yzldiy/Uploads/UserPhoto/mmm/2016-04-14/m/m_1460634750825.jpg','400','400') [ RunTime:0.0006s ]
INFO: [ app_end ] --START--
INFO: Run Behavior\ShowPageTraceBehavior [ RunTime:0.001101s ]
INFO: [ app_end ] --END-- [ RunTime:0.001350s ]

[ 2016-04-14T19:52:32+08:00 ] 127.0.0.1 /yzldiywww/yzldiy/yzldiy.php?m=yzldiy&c=Updata&a=upUserPhoto
INFO: [ app_init ] --START--
INFO: Run Behavior\BuildLiteBehavior [ RunTime:0.000038s ]
INFO: Run Common\Behavior\InitHookBehavior [ RunTime:0.008778s ]
INFO: [ app_init ] --END-- [ RunTime:0.009869s ]
NOTIC: [8] Use of undefined constant ’SHOW_PAGE_TRACE’ - assumed '’SHOW_PAGE_TRACE’' D:\Codes\Project\yzldiywww\yzldiy\Application\yzldiy\Conf\config.php 第 4 行.
INFO: [ app_begin ] --START--
INFO: Run Behavior\ReadHtmlCacheBehavior [ RunTime:0.000901s ]
INFO: [ app_begin ] --END-- [ RunTime:0.001041s ]
SQL: SHOW COLUMNS FROM `ecs_useruploadimg_yzldiy` [ RunTime:0.0060s ]
NOTIC: [2] call_user_func() expects parameter 1 to be a valid callback, no array or string given D:\Codes\Project\yzldiywww\yzldiy\ThinkPHP\Library\Think\Upload.class.php 第 170 行.
SQL: INSERT INTO `ecs_useruploadimg_yzldiy` (`uid`,`photoid`,`username`,`datatime`,`thumbImg`,`img`,`midImg`,`bh`,`bw`) VALUES ('255','1460634750741','mmm','2016-04-14','http://127.0.0.1/yzldiywww/yzldiy/Uploads/UserPhoto/mmm/2016-04-14/s/s_1460634750741.jpg','http://127.0.0.1/yzldiywww/yzldiy/Uploads/UserPhoto/mmm/2016-04-14/1460634750741.jpg','http://127.0.0.1/yzldiywww/yzldiy/Uploads/UserPhoto/mmm/2016-04-14/m/m_1460634750741.jpg','400','400') [ RunTime:0.0006s ]
INFO: [ app_end ] --START--
INFO: Run Behavior\ShowPageTraceBehavior [ RunTime:0.001207s ]
INFO: [ app_end ] --END-- [ RunTime:0.001355s ]

[ 2016-04-14T19:52:32+08:00 ] 127.0.0.1 /yzldiywww/yzldiy/yzldiy.php?m=yzldiy&c=Updata&a=upUserPhoto
INFO: [ app_init ] --START--
INFO: Run Behavior\BuildLiteBehavior [ RunTime:0.000047s ]
INFO: Run Common\Behavior\InitHookBehavior [ RunTime:0.006062s ]
INFO: [ app_init ] --END-- [ RunTime:0.007087s ]
NOTIC: [8] Use of undefined constant ’SHOW_PAGE_TRACE’ - assumed '’SHOW_PAGE_TRACE’' D:\Codes\Project\yzldiywww\yzldiy\Application\yzldiy\Conf\config.php 第 4 行.
INFO: [ app_begin ] --START--
INFO: Run Behavior\ReadHtmlCacheBehavior [ RunTime:0.001469s ]
INFO: [ app_begin ] --END-- [ RunTime:0.001714s ]
SQL: SHOW COLUMNS FROM `ecs_useruploadimg_yzldiy` [ RunTime:0.0068s ]
NOTIC: [2] call_user_func() expects parameter 1 to be a valid callback, no array or string given D:\Codes\Project\yzldiywww\yzldiy\ThinkPHP\Library\Think\Upload.class.php 第 170 行.
SQL: INSERT INTO `ecs_useruploadimg_yzldiy` (`uid`,`photoid`,`username`,`datatime`,`thumbImg`,`img`,`midImg`,`bh`,`bw`) VALUES ('255','1460634750658','mmm','2016-04-14','http://127.0.0.1/yzldiywww/yzldiy/Uploads/UserPhoto/mmm/2016-04-14/s/s_1460634750658.jpg','http://127.0.0.1/yzldiywww/yzldiy/Uploads/UserPhoto/mmm/2016-04-14/1460634750658.jpg','http://127.0.0.1/yzldiywww/yzldiy/Uploads/UserPhoto/mmm/2016-04-14/m/m_1460634750658.jpg','38','5') [ RunTime:0.0003s ]
INFO: [ app_end ] --START--
INFO: Run Behavior\ShowPageTraceBehavior [ RunTime:0.001587s ]
INFO: [ app_end ] --END-- [ RunTime:0.001851s ]

[ 2016-04-14T19:52:33+08:00 ] 127.0.0.1 /yzldiywww/yzldiy/yzldiy.php?m=yzldiy&c=Updata&a=upUserPhoto
INFO: [ app_init ] --START--
INFO: Run Behavior\BuildLiteBehavior [ RunTime:0.000046s ]
INFO: Run Common\Behavior\InitHookBehavior [ RunTime:0.004659s ]
INFO: [ app_init ] --END-- [ RunTime:0.005618s ]
NOTIC: [8] Use of undefined constant ’SHOW_PAGE_TRACE’ - assumed '’SHOW_PAGE_TRACE’' D:\Codes\Project\yzldiywww\yzldiy\Application\yzldiy\Conf\config.php 第 4 行.
INFO: [ app_begin ] --START--
INFO: Run Behavior\ReadHtmlCacheBehavior [ RunTime:0.000914s ]
INFO: [ app_begin ] --END-- [ RunTime:0.001049s ]
SQL: SHOW COLUMNS FROM `ecs_useruploadimg_yzldiy` [ RunTime:0.0057s ]
NOTIC: [2] call_user_func() expects parameter 1 to be a valid callback, no array or string given D:\Codes\Project\yzldiywww\yzldiy\ThinkPHP\Library\Think\Upload.class.php 第 170 行.
SQL: INSERT INTO `ecs_useruploadimg_yzldiy` (`uid`,`photoid`,`username`,`datatime`,`thumbImg`,`img`,`midImg`,`bh`,`bw`) VALUES ('255','1460634750574','mmm','2016-04-14','http://127.0.0.1/yzldiywww/yzldiy/Uploads/UserPhoto/mmm/2016-04-14/s/s_1460634750574.jpg','http://127.0.0.1/yzldiywww/yzldiy/Uploads/UserPhoto/mmm/2016-04-14/1460634750574.jpg','http://127.0.0.1/yzldiywww/yzldiy/Uploads/UserPhoto/mmm/2016-04-14/m/m_1460634750574.jpg','682','1024') [ RunTime:0.0004s ]
INFO: [ app_end ] --START--
INFO: Run Behavior\ShowPageTraceBehavior [ RunTime:0.000999s ]
INFO: [ app_end ] --END-- [ RunTime:0.001145s ]

[ 2016-04-14T19:52:33+08:00 ] 127.0.0.1 /yzldiywww/yzldiy/yzldiy.php?m=yzldiy&c=Updata&a=upUserPhoto
INFO: [ app_init ] --START--
INFO: Run Behavior\BuildLiteBehavior [ RunTime:0.000027s ]
INFO: Run Common\Behavior\InitHookBehavior [ RunTime:0.003875s ]
INFO: [ app_init ] --END-- [ RunTime:0.004520s ]
NOTIC: [8] Use of undefined constant ’SHOW_PAGE_TRACE’ - assumed '’SHOW_PAGE_TRACE’' D:\Codes\Project\yzldiywww\yzldiy\Application\yzldiy\Conf\config.php 第 4 行.
INFO: [ app_begin ] --START--
INFO: Run Behavior\ReadHtmlCacheBehavior [ RunTime:0.000898s ]
INFO: [ app_begin ] --END-- [ RunTime:0.001029s ]
SQL: SHOW COLUMNS FROM `ecs_useruploadimg_yzldiy` [ RunTime:0.0055s ]
NOTIC: [2] call_user_func() expects parameter 1 to be a valid callback, no array or string given D:\Codes\Project\yzldiywww\yzldiy\ThinkPHP\Library\Think\Upload.class.php 第 170 行.
SQL: INSERT INTO `ecs_useruploadimg_yzldiy` (`uid`,`photoid`,`username`,`datatime`,`thumbImg`,`img`,`midImg`,`bh`,`bw`) VALUES ('255','1460634750492','mmm','2016-04-14','http://127.0.0.1/yzldiywww/yzldiy/Uploads/UserPhoto/mmm/2016-04-14/s/s_1460634750492.jpg','http://127.0.0.1/yzldiywww/yzldiy/Uploads/UserPhoto/mmm/2016-04-14/1460634750492.jpg','http://127.0.0.1/yzldiywww/yzldiy/Uploads/UserPhoto/mmm/2016-04-14/m/m_1460634750492.jpg','200','200') [ RunTime:0.0004s ]
INFO: [ app_end ] --START--
INFO: Run Behavior\ShowPageTraceBehavior [ RunTime:0.001029s ]
INFO: [ app_end ] --END-- [ RunTime:0.001182s ]

